<?xml version="1.0" encoding="UTF-8"?>
<testsuite xmlns:xsi="http://www.w3.org/2001/XMLSchema-instance" xsi:noNamespaceSchemaLocation="https://maven.apache.org/surefire/maven-surefire-plugin/xsd/surefire-test-report.xsd" version="3.0.2" name="examples.TestRunner" time="3.327" tests="9" errors="0" skipped="0" failures="0">
  <properties>
[...]
</properties>
  <testcase name="[1:29] TC01 - Lưu phiếu nhập thành công" classname="examples.TestRunner" time="1.183">
    <system-out><![CDATA[10:26:13.071 [main] DEBUG com.intuit.karate.Suite -- [config] classpath:karate-config.js
10:26:13.860 [main] DEBUG com.jayway.jsonpath.internal.path.CompiledPath -- Evaluating path: $
10:26:13.874 [main] DEBUG io.netty.util.internal.logging.InternalLoggerFactory -- Using SLF4J as the default logging framework
10:26:13.874 [main] DEBUG io.netty.util.internal.PlatformDependent0 -- -Dio.netty.noUnsafe: false
10:26:13.874 [main] DEBUG io.netty.util.internal.PlatformDependent0 -- Java version: 17
10:26:13.874 [main] DEBUG io.netty.util.internal.PlatformDependent0 -- sun.misc.Unsafe.theUnsafe: available
10:26:13.874 [main] DEBUG io.netty.util.internal.PlatformDependent0 -- sun.misc.Unsafe.copyMemory: available
10:26:13.874 [main] DEBUG io.netty.util.internal.PlatformDependent0 -- sun.misc.Unsafe.storeFence: available
10:26:13.874 [main] DEBUG io.netty.util.internal.PlatformDependent0 -- java.nio.Buffer.address: available
10:26:13.874 [main] DEBUG io.netty.util.internal.PlatformDependent0 -- direct buffer constructor: unavailable: Reflective setAccessible(true) disabled
10:26:13.874 [main] DEBUG io.netty.util.internal.PlatformDependent0 -- java.nio.Bits.unaligned: available, true
10:26:13.874 [main] DEBUG io.netty.util.internal.PlatformDependent0 -- jdk.internal.misc.Unsafe.allocateUninitializedArray(int): unavailable: class io.netty.util.internal.PlatformDependent0$7 cannot access class jdk.internal.misc.Unsafe (in module java.base) because module java.base does not export jdk.internal.misc to unnamed module @768b970c
10:26:13.874 [main] DEBUG io.netty.util.internal.PlatformDependent0 -- java.nio.DirectByteBuffer.<init>(long, {int,long}): unavailable
10:26:13.874 [main] DEBUG io.netty.util.internal.PlatformDependent -- sun.misc.Unsafe: available
10:26:13.874 [main] DEBUG io.netty.util.internal.PlatformDependent -- maxDirectMemory: 6345981952 bytes (maybe)
10:26:13.874 [main] DEBUG io.netty.util.internal.PlatformDependent -- -Dio.netty.tmpdir: C:\Users\hungl\AppData\Local\Temp (java.io.tmpdir)
10:26:13.874 [main] DEBUG io.netty.util.internal.PlatformDependent -- -Dio.netty.bitMode: 64 (sun.arch.data.model)
10:26:13.874 [main] DEBUG io.netty.util.internal.PlatformDependent -- Platform: Windows
10:26:13.881 [main] DEBUG io.netty.util.internal.PlatformDependent -- -Dio.netty.maxDirectMemory: -1 bytes
10:26:13.881 [main] DEBUG io.netty.util.internal.PlatformDependent -- -Dio.netty.uninitializedArrayAllocationThreshold: -1
10:26:13.881 [main] DEBUG io.netty.util.internal.CleanerJava9 -- java.nio.ByteBuffer.cleaner(): available
10:26:13.881 [main] DEBUG io.netty.util.internal.PlatformDependent -- -Dio.netty.noPreferDirect: false
10:26:14.072 [main] DEBUG org.apache.http.client.protocol.RequestAddCookies -- CookieSpec selected: karate
10:26:14.077 [main] DEBUG org.apache.http.client.protocol.RequestAuthCache -- Auth cache not set in the context
10:26:14.077 [main] DEBUG com.intuit.karate -- request:
1 > POST http://localhost:3000/api/auth/signin
1 > Content-Type: application/json; charset=UTF-8
1 > Content-Length: 40
1 > Host: localhost:3000
1 > Connection: Keep-Alive
1 > User-Agent: Apache-HttpClient/4.5.14 (Java/17.0.12)
1 > Accept-Encoding: gzip,deflate
{"username":"admin","password":"123456"}

10:26:14.079 [main] DEBUG org.apache.http.impl.conn.PoolingHttpClientConnectionManager -- Connection request: [route: {}->http://localhost:3000][total available: 0; route allocated: 0 of 5; total allocated: 0 of 10]
10:26:14.083 [main] DEBUG org.apache.http.impl.conn.PoolingHttpClientConnectionManager -- Connection leased: [id: 0][route: {}->http://localhost:3000][total available: 0; route allocated: 1 of 5; total allocated: 1 of 10]
10:26:14.083 [main] DEBUG org.apache.http.impl.execchain.MainClientExec -- Opening connection {}->http://localhost:3000
10:26:14.099 [main] DEBUG org.apache.http.impl.conn.DefaultHttpClientConnectionOperator -- Connecting to localhost/127.0.0.1:3000
10:26:14.101 [main] DEBUG org.apache.http.impl.conn.DefaultHttpClientConnectionOperator -- Connection established 127.0.0.1:65303<->127.0.0.1:3000
10:26:14.101 [main] DEBUG org.apache.http.impl.conn.DefaultManagedHttpClientConnection -- http-outgoing-0: set socket timeout to 30000
10:26:14.101 [main] DEBUG org.apache.http.impl.execchain.MainClientExec -- Executing request POST /api/auth/signin HTTP/1.1
10:26:14.101 [main] DEBUG org.apache.http.impl.execchain.MainClientExec -- Target auth state: UNCHALLENGED
10:26:14.101 [main] DEBUG org.apache.http.impl.execchain.MainClientExec -- Proxy auth state: UNCHALLENGED
10:26:14.103 [main] DEBUG org.apache.http.headers -- http-outgoing-0 >> POST /api/auth/signin HTTP/1.1
10:26:14.103 [main] DEBUG org.apache.http.headers -- http-outgoing-0 >> Content-Type: application/json; charset=UTF-8
10:26:14.103 [main] DEBUG org.apache.http.headers -- http-outgoing-0 >> Content-Length: 40
10:26:14.103 [main] DEBUG org.apache.http.headers -- http-outgoing-0 >> Host: localhost:3000
10:26:14.103 [main] DEBUG org.apache.http.headers -- http-outgoing-0 >> Connection: Keep-Alive
10:26:14.103 [main] DEBUG org.apache.http.headers -- http-outgoing-0 >> User-Agent: Apache-HttpClient/4.5.14 (Java/17.0.12)
10:26:14.103 [main] DEBUG org.apache.http.headers -- http-outgoing-0 >> Accept-Encoding: gzip,deflate
10:26:14.103 [main] DEBUG org.apache.http.wire -- http-outgoing-0 >> "POST /api/auth/signin HTTP/1.1[\r][\n]"
10:26:14.103 [main] DEBUG org.apache.http.wire -- http-outgoing-0 >> "Content-Type: application/json; charset=UTF-8[\r][\n]"
10:26:14.103 [main] DEBUG org.apache.http.wire -- http-outgoing-0 >> "Content-Length: 40[\r][\n]"
10:26:14.103 [main] DEBUG org.apache.http.wire -- http-outgoing-0 >> "Host: localhost:3000[\r][\n]"
10:26:14.103 [main] DEBUG org.apache.http.wire -- http-outgoing-0 >> "Connection: Keep-Alive[\r][\n]"
10:26:14.103 [main] DEBUG org.apache.http.wire -- http-outgoing-0 >> "User-Agent: Apache-HttpClient/4.5.14 (Java/17.0.12)[\r][\n]"
10:26:14.103 [main] DEBUG org.apache.http.wire -- http-outgoing-0 >> "Accept-Encoding: gzip,deflate[\r][\n]"
10:26:14.103 [main] DEBUG org.apache.http.wire -- http-outgoing-0 >> "[\r][\n]"
10:26:14.103 [main] DEBUG org.apache.http.wire -- http-outgoing-0 >> "{"username":"admin","password":"123456"}"
10:26:14.173 [main] DEBUG org.apache.http.wire -- http-outgoing-0 << "HTTP/1.1 200 OK[\r][\n]"
10:26:14.175 [main] DEBUG org.apache.http.wire -- http-outgoing-0 << "X-Powered-By: Express[\r][\n]"
10:26:14.175 [main] DEBUG org.apache.http.wire -- http-outgoing-0 << "Access-Control-Allow-Origin: *[\r][\n]"
10:26:14.175 [main] DEBUG org.apache.http.wire -- http-outgoing-0 << "Content-Type: application/json; charset=utf-8[\r][\n]"
10:26:14.175 [main] DEBUG org.apache.http.wire -- http-outgoing-0 << "Content-Length: 333[\r][\n]"
10:26:14.175 [main] DEBUG org.apache.http.wire -- http-outgoing-0 << "ETag: W/"14d-aUPJeDzhuzsUaOaDx8fK++W2Sd4"[\r][\n]"
10:26:14.175 [main] DEBUG org.apache.http.wire -- http-outgoing-0 << "Date: Mon, 29 Jun 2026 03:26:14 GMT[\r][\n]"
10:26:14.175 [main] DEBUG org.apache.http.wire -- http-outgoing-0 << "Connection: keep-alive[\r][\n]"
10:26:14.175 [main] DEBUG org.apache.http.wire -- http-outgoing-0 << "Keep-Alive: timeout=5[\r][\n]"
10:26:14.175 [main] DEBUG org.apache.http.wire -- http-outgoing-0 << "[\r][\n]"
10:26:14.175 [main] DEBUG org.apache.http.wire -- http-outgoing-0 << "{"success":true,"message":"[0xc4][0x90][0xc4][0x83]ng nh[0xe1][0xba][0xad]p th[0xc3][0xa0]nh c[0xc3][0xb4]ng!","user":{"id":1,"username":"admin","fullname":"Admin","role":"admin","avatar":null},"token":"eyJhbGciOiJIUzI1NiIsInR5cCI6IkpXVCJ9.eyJpZCI6MSwidXNlcm5hbWUiOiJhZG1pbiIsInJvbGUiOiJhZG1pbiIsImlhdCI6MTc4MjcwMzU3NCwiZXhwIjoxNzgzMzA4Mzc0fQ.haNYvj11PQUYOK-sNguhL52i-dyEpoAsvp_z3RV0z3M"}"
10:26:14.175 [main] DEBUG org.apache.http.headers -- http-outgoing-0 << HTTP/1.1 200 OK
10:26:14.175 [main] DEBUG org.apache.http.headers -- http-outgoing-0 << X-Powered-By: Express
10:26:14.175 [main] DEBUG org.apache.http.headers -- http-outgoing-0 << Access-Control-Allow-Origin: *
10:26:14.175 [main] DEBUG org.apache.http.headers -- http-outgoing-0 << Content-Type: application/json; charset=utf-8
10:26:14.175 [main] DEBUG org.apache.http.headers -- http-outgoing-0 << Content-Length: 333
10:26:14.175 [main] DEBUG org.apache.http.headers -- http-outgoing-0 << ETag: W/"14d-aUPJeDzhuzsUaOaDx8fK++W2Sd4"
10:26:14.175 [main] DEBUG org.apache.http.headers -- http-outgoing-0 << Date: Mon, 29 Jun 2026 03:26:14 GMT
10:26:14.175 [main] DEBUG org.apache.http.headers -- http-outgoing-0 << Connection: keep-alive
10:26:14.175 [main] DEBUG org.apache.http.headers -- http-outgoing-0 << Keep-Alive: timeout=5
10:26:14.179 [main] DEBUG org.apache.http.impl.execchain.MainClientExec -- Connection can be kept alive for 5000 MILLISECONDS
10:26:14.179 [main] DEBUG org.apache.http.impl.conn.PoolingHttpClientConnectionManager -- Connection [id: 0][route: {}->http://localhost:3000] can be kept alive for 5.0 seconds
10:26:14.179 [main] DEBUG org.apache.http.impl.conn.DefaultManagedHttpClientConnection -- http-outgoing-0: set socket timeout to 0
10:26:14.181 [main] DEBUG org.apache.http.impl.conn.PoolingHttpClientConnectionManager -- Connection released: [id: 0][route: {}->http://localhost:3000][total available: 1; route allocated: 1 of 5; total allocated: 1 of 10]
10:26:14.181 [main] DEBUG org.apache.http.impl.conn.PoolingHttpClientConnectionManager -- Connection manager is shutting down
10:26:14.181 [main] DEBUG org.apache.http.impl.conn.DefaultManagedHttpClientConnection -- http-outgoing-0: Close connection
10:26:14.181 [main] DEBUG org.apache.http.impl.conn.PoolingHttpClientConnectionManager -- Connection manager shut down
10:26:14.181 [main] DEBUG com.intuit.karate -- response time in milliseconds: 104
1 < 200
1 < X-Powered-By: Express
1 < Access-Control-Allow-Origin: *
1 < Content-Type: application/json; charset=utf-8
1 < Content-Length: 333
1 < ETag: W/"14d-aUPJeDzhuzsUaOaDx8fK++W2Sd4"
1 < Date: Mon, 29 Jun 2026 03:26:14 GMT
1 < Connection: keep-alive
1 < Keep-Alive: timeout=5
{"success":true,"message":"Đăng nh?p thành công!","user":{"id":1,"username":"admin","fullname":"Admin","role":"admin","avatar":null},"token":"eyJhbGciOiJIUzI1NiIsInR5cCI6IkpXVCJ9.eyJpZCI6MSwidXNlcm5hbWUiOiJhZG1pbiIsInJvbGUiOiJhZG1pbiIsImlhdCI6MTc4MjcwMzU3NCwiZXhwIjoxNzgzMzA4Mzc0fQ.haNYvj11PQUYOK-sNguhL52i-dyEpoAsvp_z3RV0z3M"}

10:26:14.205 [main] DEBUG com.jayway.jsonpath.internal.path.CompiledPath -- Evaluating path: $
10:26:14.205 [main] DEBUG org.apache.http.client.protocol.RequestAddCookies -- CookieSpec selected: karate
10:26:14.205 [main] DEBUG org.apache.http.client.protocol.RequestAuthCache -- Auth cache not set in the context
10:26:14.205 [main] DEBUG com.intuit.karate -- request:
2 > POST http://localhost:3000/api/admin/nhaphang
2 > Authorization: Bearer eyJhbGciOiJIUzI1NiIsInR5cCI6IkpXVCJ9.eyJpZCI6MSwidXNlcm5hbWUiOiJhZG1pbiIsInJvbGUiOiJhZG1pbiIsImlhdCI6MTc4MjcwMzU3NCwiZXhwIjoxNzgzMzA4Mzc0fQ.haNYvj11PQUYOK-sNguhL52i-dyEpoAsvp_z3RV0z3M
2 > Content-Type: application/json; charset=UTF-8
2 > Content-Length: 97
2 > Host: localhost:3000
2 > Connection: Keep-Alive
2 > User-Agent: Apache-HttpClient/4.5.14 (Java/17.0.12)
2 > Accept-Encoding: gzip,deflate
{"ghichu_phieu":"Nh?p hàng","rows":[{"bienthe_id":1,"soluong":10,"dongia":50000,"ghichu":""}]}

10:26:14.205 [main] DEBUG org.apache.http.impl.conn.PoolingHttpClientConnectionManager -- Connection request: [route: {}->http://localhost:3000][total available: 0; route allocated: 0 of 5; total allocated: 0 of 10]
10:26:14.205 [main] DEBUG org.apache.http.impl.conn.PoolingHttpClientConnectionManager -- Connection leased: [id: 1][route: {}->http://localhost:3000][total available: 0; route allocated: 1 of 5; total allocated: 1 of 10]
10:26:14.205 [main] DEBUG org.apache.http.impl.execchain.MainClientExec -- Opening connection {}->http://localhost:3000
10:26:14.205 [main] DEBUG org.apache.http.impl.conn.DefaultHttpClientConnectionOperator -- Connecting to localhost/127.0.0.1:3000
10:26:14.205 [main] DEBUG org.apache.http.impl.conn.DefaultHttpClientConnectionOperator -- Connection established 127.0.0.1:65304<->127.0.0.1:3000
10:26:14.208 [main] DEBUG org.apache.http.impl.conn.DefaultManagedHttpClientConnection -- http-outgoing-1: set socket timeout to 30000
10:26:14.208 [main] DEBUG org.apache.http.impl.execchain.MainClientExec -- Executing request POST /api/admin/nhaphang HTTP/1.1
10:26:14.208 [main] DEBUG org.apache.http.impl.execchain.MainClientExec -- Proxy auth state: UNCHALLENGED
10:26:14.208 [main] DEBUG org.apache.http.headers -- http-outgoing-1 >> POST /api/admin/nhaphang HTTP/1.1
10:26:14.208 [main] DEBUG org.apache.http.headers -- http-outgoing-1 >> Authorization: Bearer eyJhbGciOiJIUzI1NiIsInR5cCI6IkpXVCJ9.eyJpZCI6MSwidXNlcm5hbWUiOiJhZG1pbiIsInJvbGUiOiJhZG1pbiIsImlhdCI6MTc4MjcwMzU3NCwiZXhwIjoxNzgzMzA4Mzc0fQ.haNYvj11PQUYOK-sNguhL52i-dyEpoAsvp_z3RV0z3M
10:26:14.208 [main] DEBUG org.apache.http.headers -- http-outgoing-1 >> Content-Type: application/json; charset=UTF-8
10:26:14.208 [main] DEBUG org.apache.http.headers -- http-outgoing-1 >> Content-Length: 97
10:26:14.208 [main] DEBUG org.apache.http.headers -- http-outgoing-1 >> Host: localhost:3000
10:26:14.208 [main] DEBUG org.apache.http.headers -- http-outgoing-1 >> Connection: Keep-Alive
10:26:14.208 [main] DEBUG org.apache.http.headers -- http-outgoing-1 >> User-Agent: Apache-HttpClient/4.5.14 (Java/17.0.12)
10:26:14.208 [main] DEBUG org.apache.http.headers -- http-outgoing-1 >> Accept-Encoding: gzip,deflate
10:26:14.208 [main] DEBUG org.apache.http.wire -- http-outgoing-1 >> "POST /api/admin/nhaphang HTTP/1.1[\r][\n]"
10:26:14.208 [main] DEBUG org.apache.http.wire -- http-outgoing-1 >> "Authorization: Bearer eyJhbGciOiJIUzI1NiIsInR5cCI6IkpXVCJ9.eyJpZCI6MSwidXNlcm5hbWUiOiJhZG1pbiIsInJvbGUiOiJhZG1pbiIsImlhdCI6MTc4MjcwMzU3NCwiZXhwIjoxNzgzMzA4Mzc0fQ.haNYvj11PQUYOK-sNguhL52i-dyEpoAsvp_z3RV0z3M[\r][\n]"
10:26:14.208 [main] DEBUG org.apache.http.wire -- http-outgoing-1 >> "Content-Type: application/json; charset=UTF-8[\r][\n]"
10:26:14.208 [main] DEBUG org.apache.http.wire -- http-outgoing-1 >> "Content-Length: 97[\r][\n]"
10:26:14.208 [main] DEBUG org.apache.http.wire -- http-outgoing-1 >> "Host: localhost:3000[\r][\n]"
10:26:14.208 [main] DEBUG org.apache.http.wire -- http-outgoing-1 >> "Connection: Keep-Alive[\r][\n]"
10:26:14.208 [main] DEBUG org.apache.http.wire -- http-outgoing-1 >> "User-Agent: Apache-HttpClient/4.5.14 (Java/17.0.12)[\r][\n]"
10:26:14.208 [main] DEBUG org.apache.http.wire -- http-outgoing-1 >> "Accept-Encoding: gzip,deflate[\r][\n]"
10:26:14.208 [main] DEBUG org.apache.http.wire -- http-outgoing-1 >> "[\r][\n]"
10:26:14.208 [main] DEBUG org.apache.http.wire -- http-outgoing-1 >> "{"ghichu_phieu":"Nh[0xe1][0xba][0xad]p h[0xc3][0xa0]ng","rows":[{"bienthe_id":1,"soluong":10,"dongia":50000,"ghichu":""}]}"
10:26:14.224 [main] DEBUG org.apache.http.wire -- http-outgoing-1 << "HTTP/1.1 201 Created[\r][\n]"
10:26:14.224 [main] DEBUG org.apache.http.wire -- http-outgoing-1 << "X-Powered-By: Express[\r][\n]"
10:26:14.224 [main] DEBUG org.apache.http.wire -- http-outgoing-1 << "Access-Control-Allow-Origin: *[\r][\n]"
10:26:14.224 [main] DEBUG org.apache.http.wire -- http-outgoing-1 << "Content-Type: application/json; charset=utf-8[\r][\n]"
10:26:14.224 [main] DEBUG org.apache.http.wire -- http-outgoing-1 << "Content-Length: 100[\r][\n]"
10:26:14.224 [main] DEBUG org.apache.http.wire -- http-outgoing-1 << "ETag: W/"64-4WFCUC3Sn4OH/Qi87cUEhfWvDW0"[\r][\n]"
10:26:14.224 [main] DEBUG org.apache.http.wire -- http-outgoing-1 << "Date: Mon, 29 Jun 2026 03:26:14 GMT[\r][\n]"
10:26:14.224 [main] DEBUG org.apache.http.wire -- http-outgoing-1 << "Connection: keep-alive[\r][\n]"
10:26:14.224 [main] DEBUG org.apache.http.wire -- http-outgoing-1 << "Keep-Alive: timeout=5[\r][\n]"
10:26:14.224 [main] DEBUG org.apache.http.wire -- http-outgoing-1 << "[\r][\n]"
10:26:14.224 [main] DEBUG org.apache.http.wire -- http-outgoing-1 << "{"success":true,"message":"Them phieu nhap thanh cong","data":{"phieunhap_id":32,"tongtien":500000}}"
10:26:14.224 [main] DEBUG org.apache.http.headers -- http-outgoing-1 << HTTP/1.1 201 Created
10:26:14.224 [main] DEBUG org.apache.http.headers -- http-outgoing-1 << X-Powered-By: Express
10:26:14.224 [main] DEBUG org.apache.http.headers -- http-outgoing-1 << Access-Control-Allow-Origin: *
10:26:14.224 [main] DEBUG org.apache.http.headers -- http-outgoing-1 << Content-Type: application/json; charset=utf-8
10:26:14.224 [main] DEBUG org.apache.http.headers -- http-outgoing-1 << Content-Length: 100
10:26:14.224 [main] DEBUG org.apache.http.headers -- http-outgoing-1 << ETag: W/"64-4WFCUC3Sn4OH/Qi87cUEhfWvDW0"
10:26:14.224 [main] DEBUG org.apache.http.headers -- http-outgoing-1 << Date: Mon, 29 Jun 2026 03:26:14 GMT
10:26:14.224 [main] DEBUG org.apache.http.headers -- http-outgoing-1 << Connection: keep-alive
10:26:14.224 [main] DEBUG org.apache.http.headers -- http-outgoing-1 << Keep-Alive: timeout=5
10:26:14.224 [main] DEBUG org.apache.http.impl.execchain.MainClientExec -- Connection can be kept alive for 5000 MILLISECONDS
10:26:14.224 [main] DEBUG org.apache.http.impl.conn.PoolingHttpClientConnectionManager -- Connection [id: 1][route: {}->http://localhost:3000] can be kept alive for 5.0 seconds
10:26:14.224 [main] DEBUG org.apache.http.impl.conn.DefaultManagedHttpClientConnection -- http-outgoing-1: set socket timeout to 0
10:26:14.224 [main] DEBUG org.apache.http.impl.conn.PoolingHttpClientConnectionManager -- Connection released: [id: 1][route: {}->http://localhost:3000][total available: 1; route allocated: 1 of 5; total allocated: 1 of 10]
10:26:14.224 [main] DEBUG org.apache.http.impl.conn.PoolingHttpClientConnectionManager -- Connection manager is shutting down
10:26:14.224 [main] DEBUG org.apache.http.impl.conn.DefaultManagedHttpClientConnection -- http-outgoing-1: Close connection
10:26:14.224 [main] DEBUG org.apache.http.impl.conn.PoolingHttpClientConnectionManager -- Connection manager shut down
10:26:14.224 [main] DEBUG com.intuit.karate -- response time in milliseconds: 19
2 < 201
2 < X-Powered-By: Express
2 < Access-Control-Allow-Origin: *
2 < Content-Type: application/json; charset=utf-8
2 < Content-Length: 100
2 < ETag: W/"64-4WFCUC3Sn4OH/Qi87cUEhfWvDW0"
2 < Date: Mon, 29 Jun 2026 03:26:14 GMT
2 < Connection: keep-alive
2 < Keep-Alive: timeout=5
{"success":true,"message":"Them phieu nhap thanh cong","data":{"phieunhap_id":32,"tongtien":500000}}

10:26:14.235 [main] DEBUG com.jayway.jsonpath.internal.path.CompiledPath -- Evaluating path: $['success']
10:26:14.241 [main] DEBUG com.jayway.jsonpath.internal.path.CompiledPath -- Evaluating path: $['data']['phieunhap_id']
10:26:14.269 [main] INFO com.intuit.karate -- [print] {
  "success": true,
  "message": "Them phieu nhap thanh cong",
  "data": {
    "phieunhap_id": 32,
    "tongtien": 500000
  }
}
 
]]></system-out>
  </testcase>
  <testcase name="[2:54] TC02 - Biến thể để trống" classname="examples.TestRunner" time="0.079">
    <system-out><![CDATA[10:26:14.284 [main] DEBUG com.jayway.jsonpath.internal.path.CompiledPath -- Evaluating path: $
10:26:14.284 [main] DEBUG org.apache.http.client.protocol.RequestAddCookies -- CookieSpec selected: karate
10:26:14.284 [main] DEBUG org.apache.http.client.protocol.RequestAuthCache -- Auth cache not set in the context
10:26:14.284 [main] DEBUG com.intuit.karate -- request:
1 > POST http://localhost:3000/api/auth/signin
1 > Content-Type: application/json; charset=UTF-8
1 > Content-Length: 40
1 > Host: localhost:3000
1 > Connection: Keep-Alive
1 > User-Agent: Apache-HttpClient/4.5.14 (Java/17.0.12)
1 > Accept-Encoding: gzip,deflate
{"username":"admin","password":"123456"}

10:26:14.284 [main] DEBUG org.apache.http.impl.conn.PoolingHttpClientConnectionManager -- Connection request: [route: {}->http://localhost:3000][total available: 0; route allocated: 0 of 5; total allocated: 0 of 10]
10:26:14.284 [main] DEBUG org.apache.http.impl.conn.PoolingHttpClientConnectionManager -- Connection leased: [id: 2][route: {}->http://localhost:3000][total available: 0; route allocated: 1 of 5; total allocated: 1 of 10]
10:26:14.284 [main] DEBUG org.apache.http.impl.execchain.MainClientExec -- Opening connection {}->http://localhost:3000
10:26:14.284 [main] DEBUG org.apache.http.impl.conn.DefaultHttpClientConnectionOperator -- Connecting to localhost/127.0.0.1:3000
10:26:14.284 [main] DEBUG org.apache.http.impl.conn.DefaultHttpClientConnectionOperator -- Connection established 127.0.0.1:65305<->127.0.0.1:3000
10:26:14.284 [main] DEBUG org.apache.http.impl.conn.DefaultManagedHttpClientConnection -- http-outgoing-2: set socket timeout to 30000
10:26:14.284 [main] DEBUG org.apache.http.impl.execchain.MainClientExec -- Executing request POST /api/auth/signin HTTP/1.1
10:26:14.284 [main] DEBUG org.apache.http.impl.execchain.MainClientExec -- Target auth state: UNCHALLENGED
10:26:14.284 [main] DEBUG org.apache.http.impl.execchain.MainClientExec -- Proxy auth state: UNCHALLENGED
10:26:14.284 [main] DEBUG org.apache.http.headers -- http-outgoing-2 >> POST /api/auth/signin HTTP/1.1
10:26:14.287 [main] DEBUG org.apache.http.headers -- http-outgoing-2 >> Content-Type: application/json; charset=UTF-8
10:26:14.287 [main] DEBUG org.apache.http.headers -- http-outgoing-2 >> Content-Length: 40
10:26:14.287 [main] DEBUG org.apache.http.headers -- http-outgoing-2 >> Host: localhost:3000
10:26:14.287 [main] DEBUG org.apache.http.headers -- http-outgoing-2 >> Connection: Keep-Alive
10:26:14.287 [main] DEBUG org.apache.http.headers -- http-outgoing-2 >> User-Agent: Apache-HttpClient/4.5.14 (Java/17.0.12)
10:26:14.287 [main] DEBUG org.apache.http.headers -- http-outgoing-2 >> Accept-Encoding: gzip,deflate
10:26:14.287 [main] DEBUG org.apache.http.wire -- http-outgoing-2 >> "POST /api/auth/signin HTTP/1.1[\r][\n]"
10:26:14.287 [main] DEBUG org.apache.http.wire -- http-outgoing-2 >> "Content-Type: application/json; charset=UTF-8[\r][\n]"
10:26:14.287 [main] DEBUG org.apache.http.wire -- http-outgoing-2 >> "Content-Length: 40[\r][\n]"
10:26:14.287 [main] DEBUG org.apache.http.wire -- http-outgoing-2 >> "Host: localhost:3000[\r][\n]"
10:26:14.287 [main] DEBUG org.apache.http.wire -- http-outgoing-2 >> "Connection: Keep-Alive[\r][\n]"
10:26:14.287 [main] DEBUG org.apache.http.wire -- http-outgoing-2 >> "User-Agent: Apache-HttpClient/4.5.14 (Java/17.0.12)[\r][\n]"
10:26:14.287 [main] DEBUG org.apache.http.wire -- http-outgoing-2 >> "Accept-Encoding: gzip,deflate[\r][\n]"
10:26:14.287 [main] DEBUG org.apache.http.wire -- http-outgoing-2 >> "[\r][\n]"
10:26:14.287 [main] DEBUG org.apache.http.wire -- http-outgoing-2 >> "{"username":"admin","password":"123456"}"
10:26:14.346 [main] DEBUG org.apache.http.wire -- http-outgoing-2 << "HTTP/1.1 200 OK[\r][\n]"
10:26:14.346 [main] DEBUG org.apache.http.wire -- http-outgoing-2 << "X-Powered-By: Express[\r][\n]"
10:26:14.346 [main] DEBUG org.apache.http.wire -- http-outgoing-2 << "Access-Control-Allow-Origin: *[\r][\n]"
10:26:14.346 [main] DEBUG org.apache.http.wire -- http-outgoing-2 << "Content-Type: application/json; charset=utf-8[\r][\n]"
10:26:14.346 [main] DEBUG org.apache.http.wire -- http-outgoing-2 << "Content-Length: 333[\r][\n]"
10:26:14.346 [main] DEBUG org.apache.http.wire -- http-outgoing-2 << "ETag: W/"14d-aUPJeDzhuzsUaOaDx8fK++W2Sd4"[\r][\n]"
10:26:14.346 [main] DEBUG org.apache.http.wire -- http-outgoing-2 << "Date: Mon, 29 Jun 2026 03:26:14 GMT[\r][\n]"
10:26:14.346 [main] DEBUG org.apache.http.wire -- http-outgoing-2 << "Connection: keep-alive[\r][\n]"
10:26:14.346 [main] DEBUG org.apache.http.wire -- http-outgoing-2 << "Keep-Alive: timeout=5[\r][\n]"
10:26:14.346 [main] DEBUG org.apache.http.wire -- http-outgoing-2 << "[\r][\n]"
10:26:14.346 [main] DEBUG org.apache.http.wire -- http-outgoing-2 << "{"success":true,"message":"[0xc4][0x90][0xc4][0x83]ng nh[0xe1][0xba][0xad]p th[0xc3][0xa0]nh c[0xc3][0xb4]ng!","user":{"id":1,"username":"admin","fullname":"Admin","role":"admin","avatar":null},"token":"eyJhbGciOiJIUzI1NiIsInR5cCI6IkpXVCJ9.eyJpZCI6MSwidXNlcm5hbWUiOiJhZG1pbiIsInJvbGUiOiJhZG1pbiIsImlhdCI6MTc4MjcwMzU3NCwiZXhwIjoxNzgzMzA4Mzc0fQ.haNYvj11PQUYOK-sNguhL52i-dyEpoAsvp_z3RV0z3M"}"
10:26:14.346 [main] DEBUG org.apache.http.headers -- http-outgoing-2 << HTTP/1.1 200 OK
10:26:14.346 [main] DEBUG org.apache.http.headers -- http-outgoing-2 << X-Powered-By: Express
10:26:14.346 [main] DEBUG org.apache.http.headers -- http-outgoing-2 << Access-Control-Allow-Origin: *
10:26:14.346 [main] DEBUG org.apache.http.headers -- http-outgoing-2 << Content-Type: application/json; charset=utf-8
10:26:14.346 [main] DEBUG org.apache.http.headers -- http-outgoing-2 << Content-Length: 333
10:26:14.346 [main] DEBUG org.apache.http.headers -- http-outgoing-2 << ETag: W/"14d-aUPJeDzhuzsUaOaDx8fK++W2Sd4"
10:26:14.346 [main] DEBUG org.apache.http.headers -- http-outgoing-2 << Date: Mon, 29 Jun 2026 03:26:14 GMT
10:26:14.346 [main] DEBUG org.apache.http.headers -- http-outgoing-2 << Connection: keep-alive
10:26:14.346 [main] DEBUG org.apache.http.headers -- http-outgoing-2 << Keep-Alive: timeout=5
10:26:14.347 [main] DEBUG org.apache.http.impl.execchain.MainClientExec -- Connection can be kept alive for 5000 MILLISECONDS
10:26:14.347 [main] DEBUG org.apache.http.impl.conn.PoolingHttpClientConnectionManager -- Connection [id: 2][route: {}->http://localhost:3000] can be kept alive for 5.0 seconds
10:26:14.347 [main] DEBUG org.apache.http.impl.conn.DefaultManagedHttpClientConnection -- http-outgoing-2: set socket timeout to 0
10:26:14.347 [main] DEBUG org.apache.http.impl.conn.PoolingHttpClientConnectionManager -- Connection released: [id: 2][route: {}->http://localhost:3000][total available: 1; route allocated: 1 of 5; total allocated: 1 of 10]
10:26:14.347 [main] DEBUG org.apache.http.impl.conn.PoolingHttpClientConnectionManager -- Connection manager is shutting down
10:26:14.347 [main] DEBUG org.apache.http.impl.conn.DefaultManagedHttpClientConnection -- http-outgoing-2: Close connection
10:26:14.347 [main] DEBUG org.apache.http.impl.conn.PoolingHttpClientConnectionManager -- Connection manager shut down
10:26:14.347 [main] DEBUG com.intuit.karate -- response time in milliseconds: 63
1 < 200
1 < X-Powered-By: Express
1 < Access-Control-Allow-Origin: *
1 < Content-Type: application/json; charset=utf-8
1 < Content-Length: 333
1 < ETag: W/"14d-aUPJeDzhuzsUaOaDx8fK++W2Sd4"
1 < Date: Mon, 29 Jun 2026 03:26:14 GMT
1 < Connection: keep-alive
1 < Keep-Alive: timeout=5
{"success":true,"message":"Đăng nh?p thành công!","user":{"id":1,"username":"admin","fullname":"Admin","role":"admin","avatar":null},"token":"eyJhbGciOiJIUzI1NiIsInR5cCI6IkpXVCJ9.eyJpZCI6MSwidXNlcm5hbWUiOiJhZG1pbiIsInJvbGUiOiJhZG1pbiIsImlhdCI6MTc4MjcwMzU3NCwiZXhwIjoxNzgzMzA4Mzc0fQ.haNYvj11PQUYOK-sNguhL52i-dyEpoAsvp_z3RV0z3M"}

10:26:14.350 [main] DEBUG com.jayway.jsonpath.internal.path.CompiledPath -- Evaluating path: $
10:26:14.351 [main] DEBUG org.apache.http.client.protocol.RequestAddCookies -- CookieSpec selected: karate
10:26:14.351 [main] DEBUG org.apache.http.client.protocol.RequestAuthCache -- Auth cache not set in the context
10:26:14.351 [main] DEBUG com.intuit.karate -- request:
2 > POST http://localhost:3000/api/admin/nhaphang
2 > Authorization: Bearer eyJhbGciOiJIUzI1NiIsInR5cCI6IkpXVCJ9.eyJpZCI6MSwidXNlcm5hbWUiOiJhZG1pbiIsInJvbGUiOiJhZG1pbiIsImlhdCI6MTc4MjcwMzU3NCwiZXhwIjoxNzgzMzA4Mzc0fQ.haNYvj11PQUYOK-sNguhL52i-dyEpoAsvp_z3RV0z3M
2 > Content-Type: application/json; charset=UTF-8
2 > Content-Length: 98
2 > Host: localhost:3000
2 > Connection: Keep-Alive
2 > User-Agent: Apache-HttpClient/4.5.14 (Java/17.0.12)
2 > Accept-Encoding: gzip,deflate
{"ghichu_phieu":"Nh?p hàng","rows":[{"bienthe_id":"","soluong":10,"dongia":50000,"ghichu":""}]}

10:26:14.352 [main] DEBUG org.apache.http.impl.conn.PoolingHttpClientConnectionManager -- Connection request: [route: {}->http://localhost:3000][total available: 0; route allocated: 0 of 5; total allocated: 0 of 10]
10:26:14.352 [main] DEBUG org.apache.http.impl.conn.PoolingHttpClientConnectionManager -- Connection leased: [id: 3][route: {}->http://localhost:3000][total available: 0; route allocated: 1 of 5; total allocated: 1 of 10]
10:26:14.352 [main] DEBUG org.apache.http.impl.execchain.MainClientExec -- Opening connection {}->http://localhost:3000
10:26:14.352 [main] DEBUG org.apache.http.impl.conn.DefaultHttpClientConnectionOperator -- Connecting to localhost/127.0.0.1:3000
10:26:14.353 [main] DEBUG org.apache.http.impl.conn.DefaultHttpClientConnectionOperator -- Connection established 127.0.0.1:65306<->127.0.0.1:3000
10:26:14.353 [main] DEBUG org.apache.http.impl.conn.DefaultManagedHttpClientConnection -- http-outgoing-3: set socket timeout to 30000
10:26:14.353 [main] DEBUG org.apache.http.impl.execchain.MainClientExec -- Executing request POST /api/admin/nhaphang HTTP/1.1
10:26:14.353 [main] DEBUG org.apache.http.impl.execchain.MainClientExec -- Proxy auth state: UNCHALLENGED
10:26:14.353 [main] DEBUG org.apache.http.headers -- http-outgoing-3 >> POST /api/admin/nhaphang HTTP/1.1
10:26:14.353 [main] DEBUG org.apache.http.headers -- http-outgoing-3 >> Authorization: Bearer eyJhbGciOiJIUzI1NiIsInR5cCI6IkpXVCJ9.eyJpZCI6MSwidXNlcm5hbWUiOiJhZG1pbiIsInJvbGUiOiJhZG1pbiIsImlhdCI6MTc4MjcwMzU3NCwiZXhwIjoxNzgzMzA4Mzc0fQ.haNYvj11PQUYOK-sNguhL52i-dyEpoAsvp_z3RV0z3M
10:26:14.353 [main] DEBUG org.apache.http.headers -- http-outgoing-3 >> Content-Type: application/json; charset=UTF-8
10:26:14.353 [main] DEBUG org.apache.http.headers -- http-outgoing-3 >> Content-Length: 98
10:26:14.353 [main] DEBUG org.apache.http.headers -- http-outgoing-3 >> Host: localhost:3000
10:26:14.353 [main] DEBUG org.apache.http.headers -- http-outgoing-3 >> Connection: Keep-Alive
10:26:14.353 [main] DEBUG org.apache.http.headers -- http-outgoing-3 >> User-Agent: Apache-HttpClient/4.5.14 (Java/17.0.12)
10:26:14.353 [main] DEBUG org.apache.http.headers -- http-outgoing-3 >> Accept-Encoding: gzip,deflate
10:26:14.353 [main] DEBUG org.apache.http.wire -- http-outgoing-3 >> "POST /api/admin/nhaphang HTTP/1.1[\r][\n]"
10:26:14.353 [main] DEBUG org.apache.http.wire -- http-outgoing-3 >> "Authorization: Bearer eyJhbGciOiJIUzI1NiIsInR5cCI6IkpXVCJ9.eyJpZCI6MSwidXNlcm5hbWUiOiJhZG1pbiIsInJvbGUiOiJhZG1pbiIsImlhdCI6MTc4MjcwMzU3NCwiZXhwIjoxNzgzMzA4Mzc0fQ.haNYvj11PQUYOK-sNguhL52i-dyEpoAsvp_z3RV0z3M[\r][\n]"
10:26:14.353 [main] DEBUG org.apache.http.wire -- http-outgoing-3 >> "Content-Type: application/json; charset=UTF-8[\r][\n]"
10:26:14.353 [main] DEBUG org.apache.http.wire -- http-outgoing-3 >> "Content-Length: 98[\r][\n]"
10:26:14.354 [main] DEBUG org.apache.http.wire -- http-outgoing-3 >> "Host: localhost:3000[\r][\n]"
10:26:14.354 [main] DEBUG org.apache.http.wire -- http-outgoing-3 >> "Connection: Keep-Alive[\r][\n]"
10:26:14.354 [main] DEBUG org.apache.http.wire -- http-outgoing-3 >> "User-Agent: Apache-HttpClient/4.5.14 (Java/17.0.12)[\r][\n]"
10:26:14.354 [main] DEBUG org.apache.http.wire -- http-outgoing-3 >> "Accept-Encoding: gzip,deflate[\r][\n]"
10:26:14.354 [main] DEBUG org.apache.http.wire -- http-outgoing-3 >> "[\r][\n]"
10:26:14.354 [main] DEBUG org.apache.http.wire -- http-outgoing-3 >> "{"ghichu_phieu":"Nh[0xe1][0xba][0xad]p h[0xc3][0xa0]ng","rows":[{"bienthe_id":"","soluong":10,"dongia":50000,"ghichu":""}]}"
10:26:14.356 [main] DEBUG org.apache.http.wire -- http-outgoing-3 << "HTTP/1.1 400 Bad Request[\r][\n]"
10:26:14.356 [main] DEBUG org.apache.http.wire -- http-outgoing-3 << "X-Powered-By: Express[\r][\n]"
10:26:14.356 [main] DEBUG org.apache.http.wire -- http-outgoing-3 << "Access-Control-Allow-Origin: *[\r][\n]"
10:26:14.356 [main] DEBUG org.apache.http.wire -- http-outgoing-3 << "Content-Type: application/json; charset=utf-8[\r][\n]"
10:26:14.356 [main] DEBUG org.apache.http.wire -- http-outgoing-3 << "Content-Length: 51[\r][\n]"
10:26:14.356 [main] DEBUG org.apache.http.wire -- http-outgoing-3 << "ETag: W/"33-Qoe2n6uryMQbJF276y+p/JhyHFI"[\r][\n]"
10:26:14.356 [main] DEBUG org.apache.http.wire -- http-outgoing-3 << "Date: Mon, 29 Jun 2026 03:26:14 GMT[\r][\n]"
10:26:14.356 [main] DEBUG org.apache.http.wire -- http-outgoing-3 << "Connection: keep-alive[\r][\n]"
10:26:14.356 [main] DEBUG org.apache.http.wire -- http-outgoing-3 << "Keep-Alive: timeout=5[\r][\n]"
10:26:14.356 [main] DEBUG org.apache.http.wire -- http-outgoing-3 << "[\r][\n]"
10:26:14.356 [main] DEBUG org.apache.http.wire -- http-outgoing-3 << "{"success":false,"message":"Bien the khong hop le"}"
10:26:14.356 [main] DEBUG org.apache.http.headers -- http-outgoing-3 << HTTP/1.1 400 Bad Request
10:26:14.356 [main] DEBUG org.apache.http.headers -- http-outgoing-3 << X-Powered-By: Express
10:26:14.356 [main] DEBUG org.apache.http.headers -- http-outgoing-3 << Access-Control-Allow-Origin: *
10:26:14.356 [main] DEBUG org.apache.http.headers -- http-outgoing-3 << Content-Type: application/json; charset=utf-8
10:26:14.356 [main] DEBUG org.apache.http.headers -- http-outgoing-3 << Content-Length: 51
10:26:14.356 [main] DEBUG org.apache.http.headers -- http-outgoing-3 << ETag: W/"33-Qoe2n6uryMQbJF276y+p/JhyHFI"
10:26:14.356 [main] DEBUG org.apache.http.headers -- http-outgoing-3 << Date: Mon, 29 Jun 2026 03:26:14 GMT
10:26:14.356 [main] DEBUG org.apache.http.headers -- http-outgoing-3 << Connection: keep-alive
10:26:14.356 [main] DEBUG org.apache.http.headers -- http-outgoing-3 << Keep-Alive: timeout=5
10:26:14.356 [main] DEBUG org.apache.http.impl.execchain.MainClientExec -- Connection can be kept alive for 5000 MILLISECONDS
10:26:14.356 [main] DEBUG org.apache.http.impl.conn.PoolingHttpClientConnectionManager -- Connection [id: 3][route: {}->http://localhost:3000] can be kept alive for 5.0 seconds
10:26:14.356 [main] DEBUG org.apache.http.impl.conn.DefaultManagedHttpClientConnection -- http-outgoing-3: set socket timeout to 0
10:26:14.356 [main] DEBUG org.apache.http.impl.conn.PoolingHttpClientConnectionManager -- Connection released: [id: 3][route: {}->http://localhost:3000][total available: 1; route allocated: 1 of 5; total allocated: 1 of 10]
10:26:14.356 [main] DEBUG org.apache.http.impl.conn.PoolingHttpClientConnectionManager -- Connection manager is shutting down
10:26:14.356 [main] DEBUG org.apache.http.impl.conn.DefaultManagedHttpClientConnection -- http-outgoing-3: Close connection
10:26:14.356 [main] DEBUG org.apache.http.impl.conn.PoolingHttpClientConnectionManager -- Connection manager shut down
10:26:14.356 [main] DEBUG com.intuit.karate -- response time in milliseconds: 5
2 < 400
2 < X-Powered-By: Express
2 < Access-Control-Allow-Origin: *
2 < Content-Type: application/json; charset=utf-8
2 < Content-Length: 51
2 < ETag: W/"33-Qoe2n6uryMQbJF276y+p/JhyHFI"
2 < Date: Mon, 29 Jun 2026 03:26:14 GMT
2 < Connection: keep-alive
2 < Keep-Alive: timeout=5
{"success":false,"message":"Bien the khong hop le"}

10:26:14.356 [main] DEBUG com.jayway.jsonpath.internal.path.CompiledPath -- Evaluating path: $['success']
10:26:14.356 [main] INFO com.intuit.karate -- [print] {
  "success": false,
  "message": "Bien the khong hop le"
}
 
]]></system-out>
  </testcase>
  <testcase name="[3:78] TC03 - Số lượng bằng 0" classname="examples.TestRunner" time="0.088">
    <system-out><![CDATA[10:26:14.368 [main] DEBUG com.jayway.jsonpath.internal.path.CompiledPath -- Evaluating path: $
10:26:14.369 [main] DEBUG org.apache.http.client.protocol.RequestAddCookies -- CookieSpec selected: karate
10:26:14.369 [main] DEBUG org.apache.http.client.protocol.RequestAuthCache -- Auth cache not set in the context
10:26:14.369 [main] DEBUG com.intuit.karate -- request:
1 > POST http://localhost:3000/api/auth/signin
1 > Content-Type: application/json; charset=UTF-8
1 > Content-Length: 40
1 > Host: localhost:3000
1 > Connection: Keep-Alive
1 > User-Agent: Apache-HttpClient/4.5.14 (Java/17.0.12)
1 > Accept-Encoding: gzip,deflate
{"username":"admin","password":"123456"}

10:26:14.369 [main] DEBUG org.apache.http.impl.conn.PoolingHttpClientConnectionManager -- Connection request: [route: {}->http://localhost:3000][total available: 0; route allocated: 0 of 5; total allocated: 0 of 10]
10:26:14.369 [main] DEBUG org.apache.http.impl.conn.PoolingHttpClientConnectionManager -- Connection leased: [id: 4][route: {}->http://localhost:3000][total available: 0; route allocated: 1 of 5; total allocated: 1 of 10]
10:26:14.369 [main] DEBUG org.apache.http.impl.execchain.MainClientExec -- Opening connection {}->http://localhost:3000
10:26:14.370 [main] DEBUG org.apache.http.impl.conn.DefaultHttpClientConnectionOperator -- Connecting to localhost/127.0.0.1:3000
10:26:14.371 [main] DEBUG org.apache.http.impl.conn.DefaultHttpClientConnectionOperator -- Connection established 127.0.0.1:65307<->127.0.0.1:3000
10:26:14.371 [main] DEBUG org.apache.http.impl.conn.DefaultManagedHttpClientConnection -- http-outgoing-4: set socket timeout to 30000
10:26:14.371 [main] DEBUG org.apache.http.impl.execchain.MainClientExec -- Executing request POST /api/auth/signin HTTP/1.1
10:26:14.371 [main] DEBUG org.apache.http.impl.execchain.MainClientExec -- Target auth state: UNCHALLENGED
10:26:14.371 [main] DEBUG org.apache.http.impl.execchain.MainClientExec -- Proxy auth state: UNCHALLENGED
10:26:14.371 [main] DEBUG org.apache.http.headers -- http-outgoing-4 >> POST /api/auth/signin HTTP/1.1
10:26:14.371 [main] DEBUG org.apache.http.headers -- http-outgoing-4 >> Content-Type: application/json; charset=UTF-8
10:26:14.371 [main] DEBUG org.apache.http.headers -- http-outgoing-4 >> Content-Length: 40
10:26:14.371 [main] DEBUG org.apache.http.headers -- http-outgoing-4 >> Host: localhost:3000
10:26:14.371 [main] DEBUG org.apache.http.headers -- http-outgoing-4 >> Connection: Keep-Alive
10:26:14.371 [main] DEBUG org.apache.http.headers -- http-outgoing-4 >> User-Agent: Apache-HttpClient/4.5.14 (Java/17.0.12)
10:26:14.371 [main] DEBUG org.apache.http.headers -- http-outgoing-4 >> Accept-Encoding: gzip,deflate
10:26:14.371 [main] DEBUG org.apache.http.wire -- http-outgoing-4 >> "POST /api/auth/signin HTTP/1.1[\r][\n]"
10:26:14.371 [main] DEBUG org.apache.http.wire -- http-outgoing-4 >> "Content-Type: application/json; charset=UTF-8[\r][\n]"
10:26:14.371 [main] DEBUG org.apache.http.wire -- http-outgoing-4 >> "Content-Length: 40[\r][\n]"
10:26:14.371 [main] DEBUG org.apache.http.wire -- http-outgoing-4 >> "Host: localhost:3000[\r][\n]"
10:26:14.371 [main] DEBUG org.apache.http.wire -- http-outgoing-4 >> "Connection: Keep-Alive[\r][\n]"
10:26:14.371 [main] DEBUG org.apache.http.wire -- http-outgoing-4 >> "User-Agent: Apache-HttpClient/4.5.14 (Java/17.0.12)[\r][\n]"
10:26:14.371 [main] DEBUG org.apache.http.wire -- http-outgoing-4 >> "Accept-Encoding: gzip,deflate[\r][\n]"
10:26:14.371 [main] DEBUG org.apache.http.wire -- http-outgoing-4 >> "[\r][\n]"
10:26:14.371 [main] DEBUG org.apache.http.wire -- http-outgoing-4 >> "{"username":"admin","password":"123456"}"
10:26:14.431 [main] DEBUG org.apache.http.wire -- http-outgoing-4 << "HTTP/1.1 200 OK[\r][\n]"
10:26:14.431 [main] DEBUG org.apache.http.wire -- http-outgoing-4 << "X-Powered-By: Express[\r][\n]"
10:26:14.431 [main] DEBUG org.apache.http.wire -- http-outgoing-4 << "Access-Control-Allow-Origin: *[\r][\n]"
10:26:14.431 [main] DEBUG org.apache.http.wire -- http-outgoing-4 << "Content-Type: application/json; charset=utf-8[\r][\n]"
10:26:14.431 [main] DEBUG org.apache.http.wire -- http-outgoing-4 << "Content-Length: 333[\r][\n]"
10:26:14.431 [main] DEBUG org.apache.http.wire -- http-outgoing-4 << "ETag: W/"14d-aUPJeDzhuzsUaOaDx8fK++W2Sd4"[\r][\n]"
10:26:14.431 [main] DEBUG org.apache.http.wire -- http-outgoing-4 << "Date: Mon, 29 Jun 2026 03:26:14 GMT[\r][\n]"
10:26:14.431 [main] DEBUG org.apache.http.wire -- http-outgoing-4 << "Connection: keep-alive[\r][\n]"
10:26:14.431 [main] DEBUG org.apache.http.wire -- http-outgoing-4 << "Keep-Alive: timeout=5[\r][\n]"
10:26:14.431 [main] DEBUG org.apache.http.wire -- http-outgoing-4 << "[\r][\n]"
10:26:14.431 [main] DEBUG org.apache.http.wire -- http-outgoing-4 << "{"success":true,"message":"[0xc4][0x90][0xc4][0x83]ng nh[0xe1][0xba][0xad]p th[0xc3][0xa0]nh c[0xc3][0xb4]ng!","user":{"id":1,"username":"admin","fullname":"Admin","role":"admin","avatar":null},"token":"eyJhbGciOiJIUzI1NiIsInR5cCI6IkpXVCJ9.eyJpZCI6MSwidXNlcm5hbWUiOiJhZG1pbiIsInJvbGUiOiJhZG1pbiIsImlhdCI6MTc4MjcwMzU3NCwiZXhwIjoxNzgzMzA4Mzc0fQ.haNYvj11PQUYOK-sNguhL52i-dyEpoAsvp_z3RV0z3M"}"
10:26:14.431 [main] DEBUG org.apache.http.headers -- http-outgoing-4 << HTTP/1.1 200 OK
10:26:14.431 [main] DEBUG org.apache.http.headers -- http-outgoing-4 << X-Powered-By: Express
10:26:14.431 [main] DEBUG org.apache.http.headers -- http-outgoing-4 << Access-Control-Allow-Origin: *
10:26:14.431 [main] DEBUG org.apache.http.headers -- http-outgoing-4 << Content-Type: application/json; charset=utf-8
10:26:14.431 [main] DEBUG org.apache.http.headers -- http-outgoing-4 << Content-Length: 333
10:26:14.431 [main] DEBUG org.apache.http.headers -- http-outgoing-4 << ETag: W/"14d-aUPJeDzhuzsUaOaDx8fK++W2Sd4"
10:26:14.431 [main] DEBUG org.apache.http.headers -- http-outgoing-4 << Date: Mon, 29 Jun 2026 03:26:14 GMT
10:26:14.431 [main] DEBUG org.apache.http.headers -- http-outgoing-4 << Connection: keep-alive
10:26:14.431 [main] DEBUG org.apache.http.headers -- http-outgoing-4 << Keep-Alive: timeout=5
10:26:14.431 [main] DEBUG org.apache.http.impl.execchain.MainClientExec -- Connection can be kept alive for 5000 MILLISECONDS
10:26:14.431 [main] DEBUG org.apache.http.impl.conn.PoolingHttpClientConnectionManager -- Connection [id: 4][route: {}->http://localhost:3000] can be kept alive for 5.0 seconds
10:26:14.431 [main] DEBUG org.apache.http.impl.conn.DefaultManagedHttpClientConnection -- http-outgoing-4: set socket timeout to 0
10:26:14.431 [main] DEBUG org.apache.http.impl.conn.PoolingHttpClientConnectionManager -- Connection released: [id: 4][route: {}->http://localhost:3000][total available: 1; route allocated: 1 of 5; total allocated: 1 of 10]
10:26:14.431 [main] DEBUG org.apache.http.impl.conn.PoolingHttpClientConnectionManager -- Connection manager is shutting down
10:26:14.431 [main] DEBUG org.apache.http.impl.conn.DefaultManagedHttpClientConnection -- http-outgoing-4: Close connection
10:26:14.431 [main] DEBUG org.apache.http.impl.conn.PoolingHttpClientConnectionManager -- Connection manager shut down
10:26:14.431 [main] DEBUG com.intuit.karate -- response time in milliseconds: 62
1 < 200
1 < X-Powered-By: Express
1 < Access-Control-Allow-Origin: *
1 < Content-Type: application/json; charset=utf-8
1 < Content-Length: 333
1 < ETag: W/"14d-aUPJeDzhuzsUaOaDx8fK++W2Sd4"
1 < Date: Mon, 29 Jun 2026 03:26:14 GMT
1 < Connection: keep-alive
1 < Keep-Alive: timeout=5
{"success":true,"message":"Đăng nh?p thành công!","user":{"id":1,"username":"admin","fullname":"Admin","role":"admin","avatar":null},"token":"eyJhbGciOiJIUzI1NiIsInR5cCI6IkpXVCJ9.eyJpZCI6MSwidXNlcm5hbWUiOiJhZG1pbiIsInJvbGUiOiJhZG1pbiIsImlhdCI6MTc4MjcwMzU3NCwiZXhwIjoxNzgzMzA4Mzc0fQ.haNYvj11PQUYOK-sNguhL52i-dyEpoAsvp_z3RV0z3M"}

10:26:14.433 [main] DEBUG com.jayway.jsonpath.internal.path.CompiledPath -- Evaluating path: $
10:26:14.433 [main] DEBUG org.apache.http.client.protocol.RequestAddCookies -- CookieSpec selected: karate
10:26:14.433 [main] DEBUG org.apache.http.client.protocol.RequestAuthCache -- Auth cache not set in the context
10:26:14.433 [main] DEBUG com.intuit.karate -- request:
2 > POST http://localhost:3000/api/admin/nhaphang
2 > Authorization: Bearer eyJhbGciOiJIUzI1NiIsInR5cCI6IkpXVCJ9.eyJpZCI6MSwidXNlcm5hbWUiOiJhZG1pbiIsInJvbGUiOiJhZG1pbiIsImlhdCI6MTc4MjcwMzU3NCwiZXhwIjoxNzgzMzA4Mzc0fQ.haNYvj11PQUYOK-sNguhL52i-dyEpoAsvp_z3RV0z3M
2 > Content-Type: application/json; charset=UTF-8
2 > Content-Length: 96
2 > Host: localhost:3000
2 > Connection: Keep-Alive
2 > User-Agent: Apache-HttpClient/4.5.14 (Java/17.0.12)
2 > Accept-Encoding: gzip,deflate
{"ghichu_phieu":"Nh?p hàng","rows":[{"bienthe_id":1,"soluong":0,"dongia":50000,"ghichu":""}]}

10:26:14.436 [main] DEBUG org.apache.http.impl.conn.PoolingHttpClientConnectionManager -- Connection request: [route: {}->http://localhost:3000][total available: 0; route allocated: 0 of 5; total allocated: 0 of 10]
10:26:14.436 [main] DEBUG org.apache.http.impl.conn.PoolingHttpClientConnectionManager -- Connection leased: [id: 5][route: {}->http://localhost:3000][total available: 0; route allocated: 1 of 5; total allocated: 1 of 10]
10:26:14.436 [main] DEBUG org.apache.http.impl.execchain.MainClientExec -- Opening connection {}->http://localhost:3000
10:26:14.436 [main] DEBUG org.apache.http.impl.conn.DefaultHttpClientConnectionOperator -- Connecting to localhost/127.0.0.1:3000
10:26:14.437 [main] DEBUG org.apache.http.impl.conn.DefaultHttpClientConnectionOperator -- Connection established 127.0.0.1:65308<->127.0.0.1:3000
10:26:14.437 [main] DEBUG org.apache.http.impl.conn.DefaultManagedHttpClientConnection -- http-outgoing-5: set socket timeout to 30000
10:26:14.437 [main] DEBUG org.apache.http.impl.execchain.MainClientExec -- Executing request POST /api/admin/nhaphang HTTP/1.1
10:26:14.437 [main] DEBUG org.apache.http.impl.execchain.MainClientExec -- Proxy auth state: UNCHALLENGED
10:26:14.437 [main] DEBUG org.apache.http.headers -- http-outgoing-5 >> POST /api/admin/nhaphang HTTP/1.1
10:26:14.437 [main] DEBUG org.apache.http.headers -- http-outgoing-5 >> Authorization: Bearer eyJhbGciOiJIUzI1NiIsInR5cCI6IkpXVCJ9.eyJpZCI6MSwidXNlcm5hbWUiOiJhZG1pbiIsInJvbGUiOiJhZG1pbiIsImlhdCI6MTc4MjcwMzU3NCwiZXhwIjoxNzgzMzA4Mzc0fQ.haNYvj11PQUYOK-sNguhL52i-dyEpoAsvp_z3RV0z3M
10:26:14.437 [main] DEBUG org.apache.http.headers -- http-outgoing-5 >> Content-Type: application/json; charset=UTF-8
10:26:14.437 [main] DEBUG org.apache.http.headers -- http-outgoing-5 >> Content-Length: 96
10:26:14.437 [main] DEBUG org.apache.http.headers -- http-outgoing-5 >> Host: localhost:3000
10:26:14.437 [main] DEBUG org.apache.http.headers -- http-outgoing-5 >> Connection: Keep-Alive
10:26:14.437 [main] DEBUG org.apache.http.headers -- http-outgoing-5 >> User-Agent: Apache-HttpClient/4.5.14 (Java/17.0.12)
10:26:14.438 [main] DEBUG org.apache.http.headers -- http-outgoing-5 >> Accept-Encoding: gzip,deflate
10:26:14.438 [main] DEBUG org.apache.http.wire -- http-outgoing-5 >> "POST /api/admin/nhaphang HTTP/1.1[\r][\n]"
10:26:14.438 [main] DEBUG org.apache.http.wire -- http-outgoing-5 >> "Authorization: Bearer eyJhbGciOiJIUzI1NiIsInR5cCI6IkpXVCJ9.eyJpZCI6MSwidXNlcm5hbWUiOiJhZG1pbiIsInJvbGUiOiJhZG1pbiIsImlhdCI6MTc4MjcwMzU3NCwiZXhwIjoxNzgzMzA4Mzc0fQ.haNYvj11PQUYOK-sNguhL52i-dyEpoAsvp_z3RV0z3M[\r][\n]"
10:26:14.438 [main] DEBUG org.apache.http.wire -- http-outgoing-5 >> "Content-Type: application/json; charset=UTF-8[\r][\n]"
10:26:14.438 [main] DEBUG org.apache.http.wire -- http-outgoing-5 >> "Content-Length: 96[\r][\n]"
10:26:14.438 [main] DEBUG org.apache.http.wire -- http-outgoing-5 >> "Host: localhost:3000[\r][\n]"
10:26:14.438 [main] DEBUG org.apache.http.wire -- http-outgoing-5 >> "Connection: Keep-Alive[\r][\n]"
10:26:14.438 [main] DEBUG org.apache.http.wire -- http-outgoing-5 >> "User-Agent: Apache-HttpClient/4.5.14 (Java/17.0.12)[\r][\n]"
10:26:14.438 [main] DEBUG org.apache.http.wire -- http-outgoing-5 >> "Accept-Encoding: gzip,deflate[\r][\n]"
10:26:14.438 [main] DEBUG org.apache.http.wire -- http-outgoing-5 >> "[\r][\n]"
10:26:14.438 [main] DEBUG org.apache.http.wire -- http-outgoing-5 >> "{"ghichu_phieu":"Nh[0xe1][0xba][0xad]p h[0xc3][0xa0]ng","rows":[{"bienthe_id":1,"soluong":0,"dongia":50000,"ghichu":""}]}"
10:26:14.440 [main] DEBUG org.apache.http.wire -- http-outgoing-5 << "HTTP/1.1 400 Bad Request[\r][\n]"
10:26:14.440 [main] DEBUG org.apache.http.wire -- http-outgoing-5 << "X-Powered-By: Express[\r][\n]"
10:26:14.440 [main] DEBUG org.apache.http.wire -- http-outgoing-5 << "Access-Control-Allow-Origin: *[\r][\n]"
10:26:14.440 [main] DEBUG org.apache.http.wire -- http-outgoing-5 << "Content-Type: application/json; charset=utf-8[\r][\n]"
10:26:14.440 [main] DEBUG org.apache.http.wire -- http-outgoing-5 << "Content-Length: 53[\r][\n]"
10:26:14.440 [main] DEBUG org.apache.http.wire -- http-outgoing-5 << "ETag: W/"35-1IgyrTaYwmP1TtHklgoZkUl/fLw"[\r][\n]"
10:26:14.440 [main] DEBUG org.apache.http.wire -- http-outgoing-5 << "Date: Mon, 29 Jun 2026 03:26:14 GMT[\r][\n]"
10:26:14.440 [main] DEBUG org.apache.http.wire -- http-outgoing-5 << "Connection: keep-alive[\r][\n]"
10:26:14.440 [main] DEBUG org.apache.http.wire -- http-outgoing-5 << "Keep-Alive: timeout=5[\r][\n]"
10:26:14.440 [main] DEBUG org.apache.http.wire -- http-outgoing-5 << "[\r][\n]"
10:26:14.440 [main] DEBUG org.apache.http.wire -- http-outgoing-5 << "{"success":false,"message":"So luong phai lon hon 0"}"
10:26:14.440 [main] DEBUG org.apache.http.headers -- http-outgoing-5 << HTTP/1.1 400 Bad Request
10:26:14.440 [main] DEBUG org.apache.http.headers -- http-outgoing-5 << X-Powered-By: Express
10:26:14.440 [main] DEBUG org.apache.http.headers -- http-outgoing-5 << Access-Control-Allow-Origin: *
10:26:14.440 [main] DEBUG org.apache.http.headers -- http-outgoing-5 << Content-Type: application/json; charset=utf-8
10:26:14.440 [main] DEBUG org.apache.http.headers -- http-outgoing-5 << Content-Length: 53
10:26:14.440 [main] DEBUG org.apache.http.headers -- http-outgoing-5 << ETag: W/"35-1IgyrTaYwmP1TtHklgoZkUl/fLw"
10:26:14.440 [main] DEBUG org.apache.http.headers -- http-outgoing-5 << Date: Mon, 29 Jun 2026 03:26:14 GMT
10:26:14.440 [main] DEBUG org.apache.http.headers -- http-outgoing-5 << Connection: keep-alive
10:26:14.440 [main] DEBUG org.apache.http.headers -- http-outgoing-5 << Keep-Alive: timeout=5
10:26:14.440 [main] DEBUG org.apache.http.impl.execchain.MainClientExec -- Connection can be kept alive for 5000 MILLISECONDS
10:26:14.440 [main] DEBUG org.apache.http.impl.conn.PoolingHttpClientConnectionManager -- Connection [id: 5][route: {}->http://localhost:3000] can be kept alive for 5.0 seconds
10:26:14.440 [main] DEBUG org.apache.http.impl.conn.DefaultManagedHttpClientConnection -- http-outgoing-5: set socket timeout to 0
10:26:14.440 [main] DEBUG org.apache.http.impl.conn.PoolingHttpClientConnectionManager -- Connection released: [id: 5][route: {}->http://localhost:3000][total available: 1; route allocated: 1 of 5; total allocated: 1 of 10]
10:26:14.440 [main] DEBUG org.apache.http.impl.conn.PoolingHttpClientConnectionManager -- Connection manager is shutting down
10:26:14.440 [main] DEBUG org.apache.http.impl.conn.DefaultManagedHttpClientConnection -- http-outgoing-5: Close connection
10:26:14.441 [main] DEBUG org.apache.http.impl.conn.PoolingHttpClientConnectionManager -- Connection manager shut down
10:26:14.441 [main] DEBUG com.intuit.karate -- response time in milliseconds: 4
2 < 400
2 < X-Powered-By: Express
2 < Access-Control-Allow-Origin: *
2 < Content-Type: application/json; charset=utf-8
2 < Content-Length: 53
2 < ETag: W/"35-1IgyrTaYwmP1TtHklgoZkUl/fLw"
2 < Date: Mon, 29 Jun 2026 03:26:14 GMT
2 < Connection: keep-alive
2 < Keep-Alive: timeout=5
{"success":false,"message":"So luong phai lon hon 0"}

10:26:14.442 [main] DEBUG com.jayway.jsonpath.internal.path.CompiledPath -- Evaluating path: $['success']
10:26:14.443 [main] INFO com.intuit.karate -- [print] {
  "success": false,
  "message": "So luong phai lon hon 0"
}
 
]]></system-out>
  </testcase>
  <testcase name="[4:102] TC04 - Đơn giá nhỏ hơn 1000" classname="examples.TestRunner" time="0.078">
    <system-out><![CDATA[10:26:14.452 [main] DEBUG com.jayway.jsonpath.internal.path.CompiledPath -- Evaluating path: $
10:26:14.453 [main] DEBUG org.apache.http.client.protocol.RequestAddCookies -- CookieSpec selected: karate
10:26:14.453 [main] DEBUG org.apache.http.client.protocol.RequestAuthCache -- Auth cache not set in the context
10:26:14.453 [main] DEBUG com.intuit.karate -- request:
1 > POST http://localhost:3000/api/auth/signin
1 > Content-Type: application/json; charset=UTF-8
1 > Content-Length: 40
1 > Host: localhost:3000
1 > Connection: Keep-Alive
1 > User-Agent: Apache-HttpClient/4.5.14 (Java/17.0.12)
1 > Accept-Encoding: gzip,deflate
{"username":"admin","password":"123456"}

10:26:14.453 [main] DEBUG org.apache.http.impl.conn.PoolingHttpClientConnectionManager -- Connection request: [route: {}->http://localhost:3000][total available: 0; route allocated: 0 of 5; total allocated: 0 of 10]
10:26:14.453 [main] DEBUG org.apache.http.impl.conn.PoolingHttpClientConnectionManager -- Connection leased: [id: 6][route: {}->http://localhost:3000][total available: 0; route allocated: 1 of 5; total allocated: 1 of 10]
10:26:14.453 [main] DEBUG org.apache.http.impl.execchain.MainClientExec -- Opening connection {}->http://localhost:3000
10:26:14.453 [main] DEBUG org.apache.http.impl.conn.DefaultHttpClientConnectionOperator -- Connecting to localhost/127.0.0.1:3000
10:26:14.454 [main] DEBUG org.apache.http.impl.conn.DefaultHttpClientConnectionOperator -- Connection established 127.0.0.1:65309<->127.0.0.1:3000
10:26:14.454 [main] DEBUG org.apache.http.impl.conn.DefaultManagedHttpClientConnection -- http-outgoing-6: set socket timeout to 30000
10:26:14.454 [main] DEBUG org.apache.http.impl.execchain.MainClientExec -- Executing request POST /api/auth/signin HTTP/1.1
10:26:14.454 [main] DEBUG org.apache.http.impl.execchain.MainClientExec -- Target auth state: UNCHALLENGED
10:26:14.454 [main] DEBUG org.apache.http.impl.execchain.MainClientExec -- Proxy auth state: UNCHALLENGED
10:26:14.454 [main] DEBUG org.apache.http.headers -- http-outgoing-6 >> POST /api/auth/signin HTTP/1.1
10:26:14.454 [main] DEBUG org.apache.http.headers -- http-outgoing-6 >> Content-Type: application/json; charset=UTF-8
10:26:14.454 [main] DEBUG org.apache.http.headers -- http-outgoing-6 >> Content-Length: 40
10:26:14.454 [main] DEBUG org.apache.http.headers -- http-outgoing-6 >> Host: localhost:3000
10:26:14.454 [main] DEBUG org.apache.http.headers -- http-outgoing-6 >> Connection: Keep-Alive
10:26:14.454 [main] DEBUG org.apache.http.headers -- http-outgoing-6 >> User-Agent: Apache-HttpClient/4.5.14 (Java/17.0.12)
10:26:14.454 [main] DEBUG org.apache.http.headers -- http-outgoing-6 >> Accept-Encoding: gzip,deflate
10:26:14.454 [main] DEBUG org.apache.http.wire -- http-outgoing-6 >> "POST /api/auth/signin HTTP/1.1[\r][\n]"
10:26:14.454 [main] DEBUG org.apache.http.wire -- http-outgoing-6 >> "Content-Type: application/json; charset=UTF-8[\r][\n]"
10:26:14.454 [main] DEBUG org.apache.http.wire -- http-outgoing-6 >> "Content-Length: 40[\r][\n]"
10:26:14.454 [main] DEBUG org.apache.http.wire -- http-outgoing-6 >> "Host: localhost:3000[\r][\n]"
10:26:14.454 [main] DEBUG org.apache.http.wire -- http-outgoing-6 >> "Connection: Keep-Alive[\r][\n]"
10:26:14.455 [main] DEBUG org.apache.http.wire -- http-outgoing-6 >> "User-Agent: Apache-HttpClient/4.5.14 (Java/17.0.12)[\r][\n]"
10:26:14.455 [main] DEBUG org.apache.http.wire -- http-outgoing-6 >> "Accept-Encoding: gzip,deflate[\r][\n]"
10:26:14.455 [main] DEBUG org.apache.http.wire -- http-outgoing-6 >> "[\r][\n]"
10:26:14.455 [main] DEBUG org.apache.http.wire -- http-outgoing-6 >> "{"username":"admin","password":"123456"}"
10:26:14.511 [main] DEBUG org.apache.http.wire -- http-outgoing-6 << "HTTP/1.1 200 OK[\r][\n]"
10:26:14.511 [main] DEBUG org.apache.http.wire -- http-outgoing-6 << "X-Powered-By: Express[\r][\n]"
10:26:14.511 [main] DEBUG org.apache.http.wire -- http-outgoing-6 << "Access-Control-Allow-Origin: *[\r][\n]"
10:26:14.511 [main] DEBUG org.apache.http.wire -- http-outgoing-6 << "Content-Type: application/json; charset=utf-8[\r][\n]"
10:26:14.511 [main] DEBUG org.apache.http.wire -- http-outgoing-6 << "Content-Length: 333[\r][\n]"
10:26:14.511 [main] DEBUG org.apache.http.wire -- http-outgoing-6 << "ETag: W/"14d-aUPJeDzhuzsUaOaDx8fK++W2Sd4"[\r][\n]"
10:26:14.511 [main] DEBUG org.apache.http.wire -- http-outgoing-6 << "Date: Mon, 29 Jun 2026 03:26:14 GMT[\r][\n]"
10:26:14.511 [main] DEBUG org.apache.http.wire -- http-outgoing-6 << "Connection: keep-alive[\r][\n]"
10:26:14.511 [main] DEBUG org.apache.http.wire -- http-outgoing-6 << "Keep-Alive: timeout=5[\r][\n]"
10:26:14.511 [main] DEBUG org.apache.http.wire -- http-outgoing-6 << "[\r][\n]"
10:26:14.511 [main] DEBUG org.apache.http.wire -- http-outgoing-6 << "{"success":true,"message":"[0xc4][0x90][0xc4][0x83]ng nh[0xe1][0xba][0xad]p th[0xc3][0xa0]nh c[0xc3][0xb4]ng!","user":{"id":1,"username":"admin","fullname":"Admin","role":"admin","avatar":null},"token":"eyJhbGciOiJIUzI1NiIsInR5cCI6IkpXVCJ9.eyJpZCI6MSwidXNlcm5hbWUiOiJhZG1pbiIsInJvbGUiOiJhZG1pbiIsImlhdCI6MTc4MjcwMzU3NCwiZXhwIjoxNzgzMzA4Mzc0fQ.haNYvj11PQUYOK-sNguhL52i-dyEpoAsvp_z3RV0z3M"}"
10:26:14.511 [main] DEBUG org.apache.http.headers -- http-outgoing-6 << HTTP/1.1 200 OK
10:26:14.511 [main] DEBUG org.apache.http.headers -- http-outgoing-6 << X-Powered-By: Express
10:26:14.511 [main] DEBUG org.apache.http.headers -- http-outgoing-6 << Access-Control-Allow-Origin: *
10:26:14.511 [main] DEBUG org.apache.http.headers -- http-outgoing-6 << Content-Type: application/json; charset=utf-8
10:26:14.511 [main] DEBUG org.apache.http.headers -- http-outgoing-6 << Content-Length: 333
10:26:14.511 [main] DEBUG org.apache.http.headers -- http-outgoing-6 << ETag: W/"14d-aUPJeDzhuzsUaOaDx8fK++W2Sd4"
10:26:14.511 [main] DEBUG org.apache.http.headers -- http-outgoing-6 << Date: Mon, 29 Jun 2026 03:26:14 GMT
10:26:14.511 [main] DEBUG org.apache.http.headers -- http-outgoing-6 << Connection: keep-alive
10:26:14.511 [main] DEBUG org.apache.http.headers -- http-outgoing-6 << Keep-Alive: timeout=5
10:26:14.511 [main] DEBUG org.apache.http.impl.execchain.MainClientExec -- Connection can be kept alive for 5000 MILLISECONDS
10:26:14.511 [main] DEBUG org.apache.http.impl.conn.PoolingHttpClientConnectionManager -- Connection [id: 6][route: {}->http://localhost:3000] can be kept alive for 5.0 seconds
10:26:14.511 [main] DEBUG org.apache.http.impl.conn.DefaultManagedHttpClientConnection -- http-outgoing-6: set socket timeout to 0
10:26:14.511 [main] DEBUG org.apache.http.impl.conn.PoolingHttpClientConnectionManager -- Connection released: [id: 6][route: {}->http://localhost:3000][total available: 1; route allocated: 1 of 5; total allocated: 1 of 10]
10:26:14.511 [main] DEBUG org.apache.http.impl.conn.PoolingHttpClientConnectionManager -- Connection manager is shutting down
10:26:14.511 [main] DEBUG org.apache.http.impl.conn.DefaultManagedHttpClientConnection -- http-outgoing-6: Close connection
10:26:14.511 [main] DEBUG org.apache.http.impl.conn.PoolingHttpClientConnectionManager -- Connection manager shut down
10:26:14.511 [main] DEBUG com.intuit.karate -- response time in milliseconds: 58
1 < 200
1 < X-Powered-By: Express
1 < Access-Control-Allow-Origin: *
1 < Content-Type: application/json; charset=utf-8
1 < Content-Length: 333
1 < ETag: W/"14d-aUPJeDzhuzsUaOaDx8fK++W2Sd4"
1 < Date: Mon, 29 Jun 2026 03:26:14 GMT
1 < Connection: keep-alive
1 < Keep-Alive: timeout=5
{"success":true,"message":"Đăng nh?p thành công!","user":{"id":1,"username":"admin","fullname":"Admin","role":"admin","avatar":null},"token":"eyJhbGciOiJIUzI1NiIsInR5cCI6IkpXVCJ9.eyJpZCI6MSwidXNlcm5hbWUiOiJhZG1pbiIsInJvbGUiOiJhZG1pbiIsImlhdCI6MTc4MjcwMzU3NCwiZXhwIjoxNzgzMzA4Mzc0fQ.haNYvj11PQUYOK-sNguhL52i-dyEpoAsvp_z3RV0z3M"}

10:26:14.517 [main] DEBUG com.jayway.jsonpath.internal.path.CompiledPath -- Evaluating path: $
10:26:14.517 [main] DEBUG org.apache.http.client.protocol.RequestAddCookies -- CookieSpec selected: karate
10:26:14.517 [main] DEBUG org.apache.http.client.protocol.RequestAuthCache -- Auth cache not set in the context
10:26:14.519 [main] DEBUG com.intuit.karate -- request:
2 > POST http://localhost:3000/api/admin/nhaphang
2 > Authorization: Bearer eyJhbGciOiJIUzI1NiIsInR5cCI6IkpXVCJ9.eyJpZCI6MSwidXNlcm5hbWUiOiJhZG1pbiIsInJvbGUiOiJhZG1pbiIsImlhdCI6MTc4MjcwMzU3NCwiZXhwIjoxNzgzMzA4Mzc0fQ.haNYvj11PQUYOK-sNguhL52i-dyEpoAsvp_z3RV0z3M
2 > Content-Type: application/json; charset=UTF-8
2 > Content-Length: 95
2 > Host: localhost:3000
2 > Connection: Keep-Alive
2 > User-Agent: Apache-HttpClient/4.5.14 (Java/17.0.12)
2 > Accept-Encoding: gzip,deflate
{"ghichu_phieu":"Nh?p hàng","rows":[{"bienthe_id":1,"soluong":10,"dongia":500,"ghichu":""}]}

10:26:14.519 [main] DEBUG org.apache.http.impl.conn.PoolingHttpClientConnectionManager -- Connection request: [route: {}->http://localhost:3000][total available: 0; route allocated: 0 of 5; total allocated: 0 of 10]
10:26:14.519 [main] DEBUG org.apache.http.impl.conn.PoolingHttpClientConnectionManager -- Connection leased: [id: 7][route: {}->http://localhost:3000][total available: 0; route allocated: 1 of 5; total allocated: 1 of 10]
10:26:14.519 [main] DEBUG org.apache.http.impl.execchain.MainClientExec -- Opening connection {}->http://localhost:3000
10:26:14.519 [main] DEBUG org.apache.http.impl.conn.DefaultHttpClientConnectionOperator -- Connecting to localhost/127.0.0.1:3000
10:26:14.519 [main] DEBUG org.apache.http.impl.conn.DefaultHttpClientConnectionOperator -- Connection established 127.0.0.1:65310<->127.0.0.1:3000
10:26:14.519 [main] DEBUG org.apache.http.impl.conn.DefaultManagedHttpClientConnection -- http-outgoing-7: set socket timeout to 30000
10:26:14.519 [main] DEBUG org.apache.http.impl.execchain.MainClientExec -- Executing request POST /api/admin/nhaphang HTTP/1.1
10:26:14.519 [main] DEBUG org.apache.http.impl.execchain.MainClientExec -- Proxy auth state: UNCHALLENGED
10:26:14.519 [main] DEBUG org.apache.http.headers -- http-outgoing-7 >> POST /api/admin/nhaphang HTTP/1.1
10:26:14.519 [main] DEBUG org.apache.http.headers -- http-outgoing-7 >> Authorization: Bearer eyJhbGciOiJIUzI1NiIsInR5cCI6IkpXVCJ9.eyJpZCI6MSwidXNlcm5hbWUiOiJhZG1pbiIsInJvbGUiOiJhZG1pbiIsImlhdCI6MTc4MjcwMzU3NCwiZXhwIjoxNzgzMzA4Mzc0fQ.haNYvj11PQUYOK-sNguhL52i-dyEpoAsvp_z3RV0z3M
10:26:14.519 [main] DEBUG org.apache.http.headers -- http-outgoing-7 >> Content-Type: application/json; charset=UTF-8
10:26:14.519 [main] DEBUG org.apache.http.headers -- http-outgoing-7 >> Content-Length: 95
10:26:14.519 [main] DEBUG org.apache.http.headers -- http-outgoing-7 >> Host: localhost:3000
10:26:14.519 [main] DEBUG org.apache.http.headers -- http-outgoing-7 >> Connection: Keep-Alive
10:26:14.519 [main] DEBUG org.apache.http.headers -- http-outgoing-7 >> User-Agent: Apache-HttpClient/4.5.14 (Java/17.0.12)
10:26:14.519 [main] DEBUG org.apache.http.headers -- http-outgoing-7 >> Accept-Encoding: gzip,deflate
10:26:14.519 [main] DEBUG org.apache.http.wire -- http-outgoing-7 >> "POST /api/admin/nhaphang HTTP/1.1[\r][\n]"
10:26:14.519 [main] DEBUG org.apache.http.wire -- http-outgoing-7 >> "Authorization: Bearer eyJhbGciOiJIUzI1NiIsInR5cCI6IkpXVCJ9.eyJpZCI6MSwidXNlcm5hbWUiOiJhZG1pbiIsInJvbGUiOiJhZG1pbiIsImlhdCI6MTc4MjcwMzU3NCwiZXhwIjoxNzgzMzA4Mzc0fQ.haNYvj11PQUYOK-sNguhL52i-dyEpoAsvp_z3RV0z3M[\r][\n]"
10:26:14.519 [main] DEBUG org.apache.http.wire -- http-outgoing-7 >> "Content-Type: application/json; charset=UTF-8[\r][\n]"
10:26:14.519 [main] DEBUG org.apache.http.wire -- http-outgoing-7 >> "Content-Length: 95[\r][\n]"
10:26:14.519 [main] DEBUG org.apache.http.wire -- http-outgoing-7 >> "Host: localhost:3000[\r][\n]"
10:26:14.519 [main] DEBUG org.apache.http.wire -- http-outgoing-7 >> "Connection: Keep-Alive[\r][\n]"
10:26:14.519 [main] DEBUG org.apache.http.wire -- http-outgoing-7 >> "User-Agent: Apache-HttpClient/4.5.14 (Java/17.0.12)[\r][\n]"
10:26:14.519 [main] DEBUG org.apache.http.wire -- http-outgoing-7 >> "Accept-Encoding: gzip,deflate[\r][\n]"
10:26:14.519 [main] DEBUG org.apache.http.wire -- http-outgoing-7 >> "[\r][\n]"
10:26:14.519 [main] DEBUG org.apache.http.wire -- http-outgoing-7 >> "{"ghichu_phieu":"Nh[0xe1][0xba][0xad]p h[0xc3][0xa0]ng","rows":[{"bienthe_id":1,"soluong":10,"dongia":500,"ghichu":""}]}"
10:26:14.521 [main] DEBUG org.apache.http.wire -- http-outgoing-7 << "HTTP/1.1 400 Bad Request[\r][\n]"
10:26:14.521 [main] DEBUG org.apache.http.wire -- http-outgoing-7 << "X-Powered-By: Express[\r][\n]"
10:26:14.521 [main] DEBUG org.apache.http.wire -- http-outgoing-7 << "Access-Control-Allow-Origin: *[\r][\n]"
10:26:14.521 [main] DEBUG org.apache.http.wire -- http-outgoing-7 << "Content-Type: application/json; charset=utf-8[\r][\n]"
10:26:14.521 [main] DEBUG org.apache.http.wire -- http-outgoing-7 << "Content-Length: 50[\r][\n]"
10:26:14.521 [main] DEBUG org.apache.http.wire -- http-outgoing-7 << "ETag: W/"32-lbQ0mnS+aRVkajPkDnLgUxH2w9M"[\r][\n]"
10:26:14.521 [main] DEBUG org.apache.http.wire -- http-outgoing-7 << "Date: Mon, 29 Jun 2026 03:26:14 GMT[\r][\n]"
10:26:14.521 [main] DEBUG org.apache.http.wire -- http-outgoing-7 << "Connection: keep-alive[\r][\n]"
10:26:14.521 [main] DEBUG org.apache.http.wire -- http-outgoing-7 << "Keep-Alive: timeout=5[\r][\n]"
10:26:14.521 [main] DEBUG org.apache.http.wire -- http-outgoing-7 << "[\r][\n]"
10:26:14.521 [main] DEBUG org.apache.http.wire -- http-outgoing-7 << "{"success":false,"message":"Don gia phai >= 1000"}"
10:26:14.521 [main] DEBUG org.apache.http.headers -- http-outgoing-7 << HTTP/1.1 400 Bad Request
10:26:14.521 [main] DEBUG org.apache.http.headers -- http-outgoing-7 << X-Powered-By: Express
10:26:14.521 [main] DEBUG org.apache.http.headers -- http-outgoing-7 << Access-Control-Allow-Origin: *
10:26:14.521 [main] DEBUG org.apache.http.headers -- http-outgoing-7 << Content-Type: application/json; charset=utf-8
10:26:14.521 [main] DEBUG org.apache.http.headers -- http-outgoing-7 << Content-Length: 50
10:26:14.521 [main] DEBUG org.apache.http.headers -- http-outgoing-7 << ETag: W/"32-lbQ0mnS+aRVkajPkDnLgUxH2w9M"
10:26:14.521 [main] DEBUG org.apache.http.headers -- http-outgoing-7 << Date: Mon, 29 Jun 2026 03:26:14 GMT
10:26:14.521 [main] DEBUG org.apache.http.headers -- http-outgoing-7 << Connection: keep-alive
10:26:14.521 [main] DEBUG org.apache.http.headers -- http-outgoing-7 << Keep-Alive: timeout=5
10:26:14.521 [main] DEBUG org.apache.http.impl.execchain.MainClientExec -- Connection can be kept alive for 5000 MILLISECONDS
10:26:14.521 [main] DEBUG org.apache.http.impl.conn.PoolingHttpClientConnectionManager -- Connection [id: 7][route: {}->http://localhost:3000] can be kept alive for 5.0 seconds
10:26:14.521 [main] DEBUG org.apache.http.impl.conn.DefaultManagedHttpClientConnection -- http-outgoing-7: set socket timeout to 0
10:26:14.521 [main] DEBUG org.apache.http.impl.conn.PoolingHttpClientConnectionManager -- Connection released: [id: 7][route: {}->http://localhost:3000][total available: 1; route allocated: 1 of 5; total allocated: 1 of 10]
10:26:14.521 [main] DEBUG org.apache.http.impl.conn.PoolingHttpClientConnectionManager -- Connection manager is shutting down
10:26:14.521 [main] DEBUG org.apache.http.impl.conn.DefaultManagedHttpClientConnection -- http-outgoing-7: Close connection
10:26:14.523 [main] DEBUG org.apache.http.impl.conn.PoolingHttpClientConnectionManager -- Connection manager shut down
10:26:14.523 [main] DEBUG com.intuit.karate -- response time in milliseconds: 2
2 < 400
2 < X-Powered-By: Express
2 < Access-Control-Allow-Origin: *
2 < Content-Type: application/json; charset=utf-8
2 < Content-Length: 50
2 < ETag: W/"32-lbQ0mnS+aRVkajPkDnLgUxH2w9M"
2 < Date: Mon, 29 Jun 2026 03:26:14 GMT
2 < Connection: keep-alive
2 < Keep-Alive: timeout=5
{"success":false,"message":"Don gia phai >= 1000"}

10:26:14.523 [main] DEBUG com.jayway.jsonpath.internal.path.CompiledPath -- Evaluating path: $['success']
10:26:14.523 [main] INFO com.intuit.karate -- [print] {
  "success": false,
  "message": "Don gia phai >= 1000"
}
 
]]></system-out>
  </testcase>
  <testcase name="[5:126] TC05 - Ghi chú phiếu để trống" classname="examples.TestRunner" time="0.087">
    <system-out><![CDATA[10:26:14.531 [main] DEBUG com.jayway.jsonpath.internal.path.CompiledPath -- Evaluating path: $
10:26:14.532 [main] DEBUG org.apache.http.client.protocol.RequestAddCookies -- CookieSpec selected: karate
10:26:14.532 [main] DEBUG org.apache.http.client.protocol.RequestAuthCache -- Auth cache not set in the context
10:26:14.532 [main] DEBUG com.intuit.karate -- request:
1 > POST http://localhost:3000/api/auth/signin
1 > Content-Type: application/json; charset=UTF-8
1 > Content-Length: 40
1 > Host: localhost:3000
1 > Connection: Keep-Alive
1 > User-Agent: Apache-HttpClient/4.5.14 (Java/17.0.12)
1 > Accept-Encoding: gzip,deflate
{"username":"admin","password":"123456"}

10:26:14.533 [main] DEBUG org.apache.http.impl.conn.PoolingHttpClientConnectionManager -- Connection request: [route: {}->http://localhost:3000][total available: 0; route allocated: 0 of 5; total allocated: 0 of 10]
10:26:14.533 [main] DEBUG org.apache.http.impl.conn.PoolingHttpClientConnectionManager -- Connection leased: [id: 8][route: {}->http://localhost:3000][total available: 0; route allocated: 1 of 5; total allocated: 1 of 10]
10:26:14.533 [main] DEBUG org.apache.http.impl.execchain.MainClientExec -- Opening connection {}->http://localhost:3000
10:26:14.533 [main] DEBUG org.apache.http.impl.conn.DefaultHttpClientConnectionOperator -- Connecting to localhost/127.0.0.1:3000
10:26:14.534 [main] DEBUG org.apache.http.impl.conn.DefaultHttpClientConnectionOperator -- Connection established 127.0.0.1:65311<->127.0.0.1:3000
10:26:14.534 [main] DEBUG org.apache.http.impl.conn.DefaultManagedHttpClientConnection -- http-outgoing-8: set socket timeout to 30000
10:26:14.534 [main] DEBUG org.apache.http.impl.execchain.MainClientExec -- Executing request POST /api/auth/signin HTTP/1.1
10:26:14.534 [main] DEBUG org.apache.http.impl.execchain.MainClientExec -- Target auth state: UNCHALLENGED
10:26:14.534 [main] DEBUG org.apache.http.impl.execchain.MainClientExec -- Proxy auth state: UNCHALLENGED
10:26:14.534 [main] DEBUG org.apache.http.headers -- http-outgoing-8 >> POST /api/auth/signin HTTP/1.1
10:26:14.534 [main] DEBUG org.apache.http.headers -- http-outgoing-8 >> Content-Type: application/json; charset=UTF-8
10:26:14.534 [main] DEBUG org.apache.http.headers -- http-outgoing-8 >> Content-Length: 40
10:26:14.534 [main] DEBUG org.apache.http.headers -- http-outgoing-8 >> Host: localhost:3000
10:26:14.534 [main] DEBUG org.apache.http.headers -- http-outgoing-8 >> Connection: Keep-Alive
10:26:14.534 [main] DEBUG org.apache.http.headers -- http-outgoing-8 >> User-Agent: Apache-HttpClient/4.5.14 (Java/17.0.12)
10:26:14.534 [main] DEBUG org.apache.http.headers -- http-outgoing-8 >> Accept-Encoding: gzip,deflate
10:26:14.534 [main] DEBUG org.apache.http.wire -- http-outgoing-8 >> "POST /api/auth/signin HTTP/1.1[\r][\n]"
10:26:14.534 [main] DEBUG org.apache.http.wire -- http-outgoing-8 >> "Content-Type: application/json; charset=UTF-8[\r][\n]"
10:26:14.534 [main] DEBUG org.apache.http.wire -- http-outgoing-8 >> "Content-Length: 40[\r][\n]"
10:26:14.534 [main] DEBUG org.apache.http.wire -- http-outgoing-8 >> "Host: localhost:3000[\r][\n]"
10:26:14.534 [main] DEBUG org.apache.http.wire -- http-outgoing-8 >> "Connection: Keep-Alive[\r][\n]"
10:26:14.534 [main] DEBUG org.apache.http.wire -- http-outgoing-8 >> "User-Agent: Apache-HttpClient/4.5.14 (Java/17.0.12)[\r][\n]"
10:26:14.534 [main] DEBUG org.apache.http.wire -- http-outgoing-8 >> "Accept-Encoding: gzip,deflate[\r][\n]"
10:26:14.534 [main] DEBUG org.apache.http.wire -- http-outgoing-8 >> "[\r][\n]"
10:26:14.534 [main] DEBUG org.apache.http.wire -- http-outgoing-8 >> "{"username":"admin","password":"123456"}"
10:26:14.591 [main] DEBUG org.apache.http.wire -- http-outgoing-8 << "HTTP/1.1 200 OK[\r][\n]"
10:26:14.591 [main] DEBUG org.apache.http.wire -- http-outgoing-8 << "X-Powered-By: Express[\r][\n]"
10:26:14.591 [main] DEBUG org.apache.http.wire -- http-outgoing-8 << "Access-Control-Allow-Origin: *[\r][\n]"
10:26:14.591 [main] DEBUG org.apache.http.wire -- http-outgoing-8 << "Content-Type: application/json; charset=utf-8[\r][\n]"
10:26:14.591 [main] DEBUG org.apache.http.wire -- http-outgoing-8 << "Content-Length: 333[\r][\n]"
10:26:14.591 [main] DEBUG org.apache.http.wire -- http-outgoing-8 << "ETag: W/"14d-aUPJeDzhuzsUaOaDx8fK++W2Sd4"[\r][\n]"
10:26:14.591 [main] DEBUG org.apache.http.wire -- http-outgoing-8 << "Date: Mon, 29 Jun 2026 03:26:14 GMT[\r][\n]"
10:26:14.591 [main] DEBUG org.apache.http.wire -- http-outgoing-8 << "Connection: keep-alive[\r][\n]"
10:26:14.591 [main] DEBUG org.apache.http.wire -- http-outgoing-8 << "Keep-Alive: timeout=5[\r][\n]"
10:26:14.591 [main] DEBUG org.apache.http.wire -- http-outgoing-8 << "[\r][\n]"
10:26:14.591 [main] DEBUG org.apache.http.wire -- http-outgoing-8 << "{"success":true,"message":"[0xc4][0x90][0xc4][0x83]ng nh[0xe1][0xba][0xad]p th[0xc3][0xa0]nh c[0xc3][0xb4]ng!","user":{"id":1,"username":"admin","fullname":"Admin","role":"admin","avatar":null},"token":"eyJhbGciOiJIUzI1NiIsInR5cCI6IkpXVCJ9.eyJpZCI6MSwidXNlcm5hbWUiOiJhZG1pbiIsInJvbGUiOiJhZG1pbiIsImlhdCI6MTc4MjcwMzU3NCwiZXhwIjoxNzgzMzA4Mzc0fQ.haNYvj11PQUYOK-sNguhL52i-dyEpoAsvp_z3RV0z3M"}"
10:26:14.591 [main] DEBUG org.apache.http.headers -- http-outgoing-8 << HTTP/1.1 200 OK
10:26:14.591 [main] DEBUG org.apache.http.headers -- http-outgoing-8 << X-Powered-By: Express
10:26:14.591 [main] DEBUG org.apache.http.headers -- http-outgoing-8 << Access-Control-Allow-Origin: *
10:26:14.591 [main] DEBUG org.apache.http.headers -- http-outgoing-8 << Content-Type: application/json; charset=utf-8
10:26:14.591 [main] DEBUG org.apache.http.headers -- http-outgoing-8 << Content-Length: 333
10:26:14.591 [main] DEBUG org.apache.http.headers -- http-outgoing-8 << ETag: W/"14d-aUPJeDzhuzsUaOaDx8fK++W2Sd4"
10:26:14.591 [main] DEBUG org.apache.http.headers -- http-outgoing-8 << Date: Mon, 29 Jun 2026 03:26:14 GMT
10:26:14.591 [main] DEBUG org.apache.http.headers -- http-outgoing-8 << Connection: keep-alive
10:26:14.591 [main] DEBUG org.apache.http.headers -- http-outgoing-8 << Keep-Alive: timeout=5
10:26:14.591 [main] DEBUG org.apache.http.impl.execchain.MainClientExec -- Connection can be kept alive for 5000 MILLISECONDS
10:26:14.591 [main] DEBUG org.apache.http.impl.conn.PoolingHttpClientConnectionManager -- Connection [id: 8][route: {}->http://localhost:3000] can be kept alive for 5.0 seconds
10:26:14.591 [main] DEBUG org.apache.http.impl.conn.DefaultManagedHttpClientConnection -- http-outgoing-8: set socket timeout to 0
10:26:14.591 [main] DEBUG org.apache.http.impl.conn.PoolingHttpClientConnectionManager -- Connection released: [id: 8][route: {}->http://localhost:3000][total available: 1; route allocated: 1 of 5; total allocated: 1 of 10]
10:26:14.591 [main] DEBUG org.apache.http.impl.conn.PoolingHttpClientConnectionManager -- Connection manager is shutting down
10:26:14.591 [main] DEBUG org.apache.http.impl.conn.DefaultManagedHttpClientConnection -- http-outgoing-8: Close connection
10:26:14.591 [main] DEBUG org.apache.http.impl.conn.PoolingHttpClientConnectionManager -- Connection manager shut down
10:26:14.591 [main] DEBUG com.intuit.karate -- response time in milliseconds: 58
1 < 200
1 < X-Powered-By: Express
1 < Access-Control-Allow-Origin: *
1 < Content-Type: application/json; charset=utf-8
1 < Content-Length: 333
1 < ETag: W/"14d-aUPJeDzhuzsUaOaDx8fK++W2Sd4"
1 < Date: Mon, 29 Jun 2026 03:26:14 GMT
1 < Connection: keep-alive
1 < Keep-Alive: timeout=5
{"success":true,"message":"Đăng nh?p thành công!","user":{"id":1,"username":"admin","fullname":"Admin","role":"admin","avatar":null},"token":"eyJhbGciOiJIUzI1NiIsInR5cCI6IkpXVCJ9.eyJpZCI6MSwidXNlcm5hbWUiOiJhZG1pbiIsInJvbGUiOiJhZG1pbiIsImlhdCI6MTc4MjcwMzU3NCwiZXhwIjoxNzgzMzA4Mzc0fQ.haNYvj11PQUYOK-sNguhL52i-dyEpoAsvp_z3RV0z3M"}

10:26:14.596 [main] DEBUG com.jayway.jsonpath.internal.path.CompiledPath -- Evaluating path: $
10:26:14.596 [main] DEBUG org.apache.http.client.protocol.RequestAddCookies -- CookieSpec selected: karate
10:26:14.596 [main] DEBUG org.apache.http.client.protocol.RequestAuthCache -- Auth cache not set in the context
10:26:14.596 [main] DEBUG com.intuit.karate -- request:
2 > POST http://localhost:3000/api/admin/nhaphang
2 > Authorization: Bearer eyJhbGciOiJIUzI1NiIsInR5cCI6IkpXVCJ9.eyJpZCI6MSwidXNlcm5hbWUiOiJhZG1pbiIsInJvbGUiOiJhZG1pbiIsImlhdCI6MTc4MjcwMzU3NCwiZXhwIjoxNzgzMzA4Mzc0fQ.haNYvj11PQUYOK-sNguhL52i-dyEpoAsvp_z3RV0z3M
2 > Content-Type: application/json; charset=UTF-8
2 > Content-Length: 85
2 > Host: localhost:3000
2 > Connection: Keep-Alive
2 > User-Agent: Apache-HttpClient/4.5.14 (Java/17.0.12)
2 > Accept-Encoding: gzip,deflate
{"ghichu_phieu":"","rows":[{"bienthe_id":1,"soluong":10,"dongia":50000,"ghichu":""}]}

10:26:14.596 [main] DEBUG org.apache.http.impl.conn.PoolingHttpClientConnectionManager -- Connection request: [route: {}->http://localhost:3000][total available: 0; route allocated: 0 of 5; total allocated: 0 of 10]
10:26:14.596 [main] DEBUG org.apache.http.impl.conn.PoolingHttpClientConnectionManager -- Connection leased: [id: 9][route: {}->http://localhost:3000][total available: 0; route allocated: 1 of 5; total allocated: 1 of 10]
10:26:14.596 [main] DEBUG org.apache.http.impl.execchain.MainClientExec -- Opening connection {}->http://localhost:3000
10:26:14.596 [main] DEBUG org.apache.http.impl.conn.DefaultHttpClientConnectionOperator -- Connecting to localhost/127.0.0.1:3000
10:26:14.596 [main] DEBUG org.apache.http.impl.conn.DefaultHttpClientConnectionOperator -- Connection established 127.0.0.1:65312<->127.0.0.1:3000
10:26:14.596 [main] DEBUG org.apache.http.impl.conn.DefaultManagedHttpClientConnection -- http-outgoing-9: set socket timeout to 30000
10:26:14.596 [main] DEBUG org.apache.http.impl.execchain.MainClientExec -- Executing request POST /api/admin/nhaphang HTTP/1.1
10:26:14.596 [main] DEBUG org.apache.http.impl.execchain.MainClientExec -- Proxy auth state: UNCHALLENGED
10:26:14.596 [main] DEBUG org.apache.http.headers -- http-outgoing-9 >> POST /api/admin/nhaphang HTTP/1.1
10:26:14.596 [main] DEBUG org.apache.http.headers -- http-outgoing-9 >> Authorization: Bearer eyJhbGciOiJIUzI1NiIsInR5cCI6IkpXVCJ9.eyJpZCI6MSwidXNlcm5hbWUiOiJhZG1pbiIsInJvbGUiOiJhZG1pbiIsImlhdCI6MTc4MjcwMzU3NCwiZXhwIjoxNzgzMzA4Mzc0fQ.haNYvj11PQUYOK-sNguhL52i-dyEpoAsvp_z3RV0z3M
10:26:14.596 [main] DEBUG org.apache.http.headers -- http-outgoing-9 >> Content-Type: application/json; charset=UTF-8
10:26:14.596 [main] DEBUG org.apache.http.headers -- http-outgoing-9 >> Content-Length: 85
10:26:14.596 [main] DEBUG org.apache.http.headers -- http-outgoing-9 >> Host: localhost:3000
10:26:14.596 [main] DEBUG org.apache.http.headers -- http-outgoing-9 >> Connection: Keep-Alive
10:26:14.596 [main] DEBUG org.apache.http.headers -- http-outgoing-9 >> User-Agent: Apache-HttpClient/4.5.14 (Java/17.0.12)
10:26:14.596 [main] DEBUG org.apache.http.headers -- http-outgoing-9 >> Accept-Encoding: gzip,deflate
10:26:14.596 [main] DEBUG org.apache.http.wire -- http-outgoing-9 >> "POST /api/admin/nhaphang HTTP/1.1[\r][\n]"
10:26:14.596 [main] DEBUG org.apache.http.wire -- http-outgoing-9 >> "Authorization: Bearer eyJhbGciOiJIUzI1NiIsInR5cCI6IkpXVCJ9.eyJpZCI6MSwidXNlcm5hbWUiOiJhZG1pbiIsInJvbGUiOiJhZG1pbiIsImlhdCI6MTc4MjcwMzU3NCwiZXhwIjoxNzgzMzA4Mzc0fQ.haNYvj11PQUYOK-sNguhL52i-dyEpoAsvp_z3RV0z3M[\r][\n]"
10:26:14.596 [main] DEBUG org.apache.http.wire -- http-outgoing-9 >> "Content-Type: application/json; charset=UTF-8[\r][\n]"
10:26:14.596 [main] DEBUG org.apache.http.wire -- http-outgoing-9 >> "Content-Length: 85[\r][\n]"
10:26:14.596 [main] DEBUG org.apache.http.wire -- http-outgoing-9 >> "Host: localhost:3000[\r][\n]"
10:26:14.596 [main] DEBUG org.apache.http.wire -- http-outgoing-9 >> "Connection: Keep-Alive[\r][\n]"
[...]
[THYMELEAF]             * [* {th:target,data-th-target}] [1000]: org.thymeleaf.standard.processor.StandardRemovableAttributeTagProcessor
[THYMELEAF]             * [* {th:formaction,data-th-formaction}] [1000]: org.thymeleaf.standard.processor.StandardRemovableAttributeTagProcessor
[THYMELEAF]             * [* {th:usemap,data-th-usemap}] [1000]: org.thymeleaf.standard.processor.StandardRemovableAttributeTagProcessor
[THYMELEAF]             * [* {th:marginwidth,data-th-marginwidth}] [1000]: org.thymeleaf.standard.processor.StandardRemovableAttributeTagProcessor
[THYMELEAF]             * [* {th:formmethod,data-th-formmethod}] [1000]: org.thymeleaf.standard.processor.StandardRemovableAttributeTagProcessor
[THYMELEAF]             * [* {th:codebase,data-th-codebase}] [1000]: org.thymeleaf.standard.processor.StandardRemovableAttributeTagProcessor
[THYMELEAF]             * [* {th:audio,data-th-audio}] [1000]: org.thymeleaf.standard.processor.StandardRemovableAttributeTagProcessor
[THYMELEAF]             * [* {th:lang,data-th-lang}] [1000]: org.thymeleaf.standard.processor.StandardRemovableAttributeTagProcessor
[THYMELEAF]             * [* {th:start,data-th-start}] [1000]: org.thymeleaf.standard.processor.StandardRemovableAttributeTagProcessor
[THYMELEAF]             * [* {th:colspan,data-th-colspan}] [1000]: org.thymeleaf.standard.processor.StandardRemovableAttributeTagProcessor
[THYMELEAF]             * [* {th:rowspan,data-th-rowspan}] [1000]: org.thymeleaf.standard.processor.StandardRemovableAttributeTagProcessor
[THYMELEAF]             * [* {th:maxlength,data-th-maxlength}] [1000]: org.thymeleaf.standard.processor.StandardRemovableAttributeTagProcessor
[THYMELEAF]             * [* {th:axis,data-th-axis}] [1000]: org.thymeleaf.standard.processor.StandardRemovableAttributeTagProcessor
[THYMELEAF]             * [* {th:headers,data-th-headers}] [1000]: org.thymeleaf.standard.processor.StandardRemovableAttributeTagProcessor
[THYMELEAF]             * [* {th:border,data-th-border}] [1000]: org.thymeleaf.standard.processor.StandardRemovableAttributeTagProcessor
[THYMELEAF]             * [* {th:high,data-th-high}] [1000]: org.thymeleaf.standard.processor.StandardRemovableAttributeTagProcessor
[THYMELEAF]             * [* {th:style,data-th-style}] [1000]: org.thymeleaf.standard.processor.StandardRemovableAttributeTagProcessor
[THYMELEAF]             * [* {th:autocomplete,data-th-autocomplete}] [1000]: org.thymeleaf.standard.processor.StandardRemovableAttributeTagProcessor
[THYMELEAF]             * [* {th:label,data-th-label}] [1000]: org.thymeleaf.standard.processor.StandardRemovableAttributeTagProcessor
[THYMELEAF]             * [* {th:abbr,data-th-abbr}] [1000]: org.thymeleaf.standard.processor.StandardRemovableAttributeTagProcessor
[THYMELEAF]             * [* {th:archive,data-th-archive}] [1000]: org.thymeleaf.standard.processor.StandardRemovableAttributeTagProcessor
[THYMELEAF]             * [* {th:rows,data-th-rows}] [1000]: org.thymeleaf.standard.processor.StandardRemovableAttributeTagProcessor
[THYMELEAF]             * [* {th:hspace,data-th-hspace}] [1000]: org.thymeleaf.standard.processor.StandardRemovableAttributeTagProcessor
[THYMELEAF]             * [* {th:min,data-th-min}] [1000]: org.thymeleaf.standard.processor.StandardRemovableAttributeTagProcessor
[THYMELEAF]             * [* {th:longdesc,data-th-longdesc}] [1000]: org.thymeleaf.standard.processor.StandardRemovableAttributeTagProcessor
[THYMELEAF]             * [* {th:classid,data-th-classid}] [1000]: org.thymeleaf.standard.processor.StandardRemovableAttributeTagProcessor
[THYMELEAF]             * [* {th:contenteditable,data-th-contenteditable}] [1000]: org.thymeleaf.standard.processor.StandardRemovableAttributeTagProcessor
[THYMELEAF]             * [* {th:form,data-th-form}] [1000]: org.thymeleaf.standard.processor.StandardRemovableAttributeTagProcessor
[THYMELEAF]             * [* {th:rules,data-th-rules}] [1000]: org.thymeleaf.standard.processor.StandardRemovableAttributeTagProcessor
[THYMELEAF]             * [* {th:tabindex,data-th-tabindex}] [1000]: org.thymeleaf.standard.processor.StandardRemovableAttributeTagProcessor
[THYMELEAF]             * [* {th:accept-charset,data-th-accept-charset}] [1000]: org.thymeleaf.standard.processor.StandardRemovableAttributeTagProcessor
[THYMELEAF]             * [* {th:for,data-th-for}] [1000]: org.thymeleaf.standard.processor.StandardRemovableAttributeTagProcessor
[THYMELEAF]             * [* {th:align,data-th-align}] [1000]: org.thymeleaf.standard.processor.StandardRemovableAttributeTagProcessor
[THYMELEAF]             * [* {th:spellcheck,data-th-spellcheck}] [1000]: org.thymeleaf.standard.processor.StandardRemovableAttributeTagProcessor
[THYMELEAF]             * [* {th:pattern,data-th-pattern}] [1000]: org.thymeleaf.standard.processor.StandardRemovableAttributeTagProcessor
[THYMELEAF]             * [* {th:optimum,data-th-optimum}] [1000]: org.thymeleaf.standard.processor.StandardRemovableAttributeTagProcessor
[THYMELEAF]             * [* {th:frame,data-th-frame}] [1000]: org.thymeleaf.standard.processor.StandardRemovableAttributeTagProcessor
[THYMELEAF]             * [* {th:manifest,data-th-manifest}] [1000]: org.thymeleaf.standard.processor.StandardRemovableAttributeTagProcessor
[THYMELEAF]             * [* {th:srclang,data-th-srclang}] [1000]: org.thymeleaf.standard.processor.StandardRemovableAttributeTagProcessor
[THYMELEAF]             * [* {th:src,data-th-src}] [1000]: org.thymeleaf.standard.processor.StandardSrcTagProcessor
[THYMELEAF]             * [* {th:value,data-th-value}] [1000]: org.thymeleaf.standard.processor.StandardValueTagProcessor
[THYMELEAF]             * [* {th:xmlbase,data-th-xmlbase}] [1000]: org.thymeleaf.standard.processor.StandardXmlBaseTagProcessor
[THYMELEAF]             * [* {th:xmllang,data-th-xmllang}] [1000]: org.thymeleaf.standard.processor.StandardXmlLangTagProcessor
[THYMELEAF]             * [* {xmlns:th}] [1000]: org.thymeleaf.standard.processor.StandardXmlNsTagProcessor
[THYMELEAF]             * [* {th:xmlspace,data-th-xmlspace}] [1000]: org.thymeleaf.standard.processor.StandardXmlSpaceTagProcessor
[THYMELEAF]             * [* {th:classappend,data-th-classappend}] [1100]: org.thymeleaf.standard.processor.StandardClassappendTagProcessor
[THYMELEAF]             * [* {th:styleappend,data-th-styleappend}] [1100]: org.thymeleaf.standard.processor.StandardStyleappendTagProcessor
[THYMELEAF]             * [* {th:text,data-th-text}] [1300]: org.thymeleaf.standard.processor.StandardTextTagProcessor
[THYMELEAF]             * [* {th:utext,data-th-utext}] [1400]: org.thymeleaf.standard.processor.StandardUtextTagProcessor
[THYMELEAF]             * [* {th:fragment,data-th-fragment}] [1500]: org.thymeleaf.standard.processor.StandardFragmentTagProcessor
[THYMELEAF]             * [* {th:assert,data-th-assert}] [1550]: org.thymeleaf.standard.processor.StandardAssertTagProcessor
[THYMELEAF]             * [* {th:remove,data-th-remove}] [1600]: org.thymeleaf.standard.processor.StandardRemoveTagProcessor
[THYMELEAF]             * [* {th:ref,data-th-ref}] [10000]: org.thymeleaf.standard.processor.StandardRefAttributeTagProcessor
[THYMELEAF]             * [{th:block,th-block} *] [100000]: org.thymeleaf.standard.processor.StandardBlockTagProcessor
[THYMELEAF]             * [* th:*] [2147483647]: org.thymeleaf.standard.processor.StandardDefaultAttributesTagProcessor
[THYMELEAF]         * Text Processors by [precedence]:
[THYMELEAF]             * [1000]: org.thymeleaf.standard.processor.StandardInliningTextProcessor
[THYMELEAF]         * DOCTYPE Processors by [precedence]:
[THYMELEAF]             * [1000]: org.thymeleaf.standard.processor.StandardTranslationDocTypeProcessor
[THYMELEAF]         * CDATA Section Processors by [precedence]:
[THYMELEAF]             * [1000]: org.thymeleaf.standard.processor.StandardInliningCDATASectionProcessor
[THYMELEAF]         * Comment Processors by [precedence]:
[THYMELEAF]             * [1000]: org.thymeleaf.standard.processor.StandardInliningCommentProcessor
[THYMELEAF]             * [1100]: org.thymeleaf.standard.processor.StandardConditionalCommentProcessor
[THYMELEAF]     * Processors for Template Mode: XML
[THYMELEAF]         * Element Tag Processors by [matching element and attribute name] [precedence]:
[THYMELEAF]             * [* {th:include}] [100]: org.thymeleaf.standard.processor.StandardIncludeTagProcessor
[THYMELEAF]             * [* {th:insert}] [100]: org.thymeleaf.standard.processor.StandardInsertTagProcessor
[THYMELEAF]             * [* {th:replace}] [100]: org.thymeleaf.standard.processor.StandardReplaceTagProcessor
[THYMELEAF]             * [* {th:each}] [200]: com.intuit.karate.template.KarateEachTagProcessor
[THYMELEAF]             * [* {th:switch}] [250]: org.thymeleaf.standard.processor.StandardSwitchTagProcessor
[THYMELEAF]             * [* {th:case}] [275]: org.thymeleaf.standard.processor.StandardCaseTagProcessor
[THYMELEAF]             * [* {th:if}] [300]: org.thymeleaf.standard.processor.StandardIfTagProcessor
[THYMELEAF]             * [* {th:unless}] [400]: org.thymeleaf.standard.processor.StandardUnlessTagProcessor
[THYMELEAF]             * [* {th:object}] [500]: org.thymeleaf.standard.processor.StandardObjectTagProcessor
[THYMELEAF]             * [* {th:with}] [600]: com.intuit.karate.template.KarateWithTagProcessor
[THYMELEAF]             * [* {th:attr}] [700]: com.intuit.karate.template.KarateAttributeTagProcessor.KarateAttrTagProcessor
[THYMELEAF]             * [* {th:attrappend}] [900]: com.intuit.karate.template.KarateAttributeTagProcessor.KarateAttrappendTagProcessor
[THYMELEAF]             * [* {th:attrprepend}] [900]: com.intuit.karate.template.KarateAttributeTagProcessor.KarateAttrprependTagProcessor
[THYMELEAF]             * [* {th:inline}] [1000]: org.thymeleaf.standard.processor.StandardInlineXMLTagProcessor
[THYMELEAF]             * [* {xmlns:th}] [1000]: org.thymeleaf.standard.processor.StandardXmlNsTagProcessor
[THYMELEAF]             * [* {th:text}] [1300]: org.thymeleaf.standard.processor.StandardTextTagProcessor
[THYMELEAF]             * [* {th:utext}] [1400]: org.thymeleaf.standard.processor.StandardUtextTagProcessor
[THYMELEAF]             * [* {th:fragment}] [1500]: org.thymeleaf.standard.processor.StandardFragmentTagProcessor
[THYMELEAF]             * [* {th:assert}] [1550]: org.thymeleaf.standard.processor.StandardAssertTagProcessor
[THYMELEAF]             * [* {th:remove}] [1600]: org.thymeleaf.standard.processor.StandardRemoveTagProcessor
[THYMELEAF]             * [* {th:ref}] [10000]: org.thymeleaf.standard.processor.StandardRefAttributeTagProcessor
[THYMELEAF]             * [{th:block} *] [100000]: org.thymeleaf.standard.processor.StandardBlockTagProcessor
[THYMELEAF]             * [* th:*] [2147483647]: org.thymeleaf.standard.processor.StandardDefaultAttributesTagProcessor
[THYMELEAF]         * Text Processors by [precedence]:
[THYMELEAF]             * [1000]: org.thymeleaf.standard.processor.StandardInliningTextProcessor
[THYMELEAF]         * CDATA Section Processors by [precedence]:
[THYMELEAF]             * [1000]: org.thymeleaf.standard.processor.StandardInliningCDATASectionProcessor
[THYMELEAF]         * Comment Processors by [precedence]:
[THYMELEAF]             * [1000]: org.thymeleaf.standard.processor.StandardInliningCommentProcessor
[THYMELEAF]     * Processors for Template Mode: TEXT
[THYMELEAF]         * Element Tag Processors by [matching element and attribute name] [precedence]:
[THYMELEAF]             * [* {th:insert}] [100]: org.thymeleaf.standard.processor.StandardInsertTagProcessor
[THYMELEAF]             * [* {th:replace}] [100]: org.thymeleaf.standard.processor.StandardReplaceTagProcessor
[THYMELEAF]             * [* {th:each}] [200]: com.intuit.karate.template.KarateEachTagProcessor
[THYMELEAF]             * [* {th:switch}] [250]: org.thymeleaf.standard.processor.StandardSwitchTagProcessor
[THYMELEAF]             * [* {th:case}] [275]: org.thymeleaf.standard.processor.StandardCaseTagProcessor
[THYMELEAF]             * [* {th:if}] [300]: org.thymeleaf.standard.processor.StandardIfTagProcessor
[THYMELEAF]             * [* {th:unless}] [400]: org.thymeleaf.standard.processor.StandardUnlessTagProcessor
[THYMELEAF]             * [* {th:object}] [500]: org.thymeleaf.standard.processor.StandardObjectTagProcessor
[THYMELEAF]             * [* {th:with}] [600]: com.intuit.karate.template.KarateWithTagProcessor
[THYMELEAF]             * [* {th:inline}] [1000]: org.thymeleaf.standard.processor.StandardInlineTextualTagProcessor
[THYMELEAF]             * [* {th:text}] [1300]: org.thymeleaf.standard.processor.StandardTextTagProcessor
[THYMELEAF]             * [* {th:utext}] [1400]: org.thymeleaf.standard.processor.StandardUtextTagProcessor
[THYMELEAF]             * [* {th:assert}] [1550]: org.thymeleaf.standard.processor.StandardAssertTagProcessor
[THYMELEAF]             * [* {th:remove}] [1600]: org.thymeleaf.standard.processor.StandardRemoveTagProcessor
[THYMELEAF]             * [{th:block} *] [100000]: org.thymeleaf.standard.processor.StandardBlockTagProcessor
[THYMELEAF]             * [* 100000] [org.thymeleaf.standard.processor.StandardBlockTagProcessor]: {}
[THYMELEAF]         * Text Processors by [precedence]:
[THYMELEAF]             * [1000]: org.thymeleaf.standard.processor.StandardInliningTextProcessor
[THYMELEAF]     * Processors for Template Mode: JAVASCRIPT
[THYMELEAF]         * Element Tag Processors by [matching element and attribute name] [precedence]:
[THYMELEAF]             * [* {th:insert}] [100]: org.thymeleaf.standard.processor.StandardInsertTagProcessor
[THYMELEAF]             * [* {th:replace}] [100]: org.thymeleaf.standard.processor.StandardReplaceTagProcessor
[THYMELEAF]             * [* {th:each}] [200]: com.intuit.karate.template.KarateEachTagProcessor
[THYMELEAF]             * [* {th:switch}] [250]: org.thymeleaf.standard.processor.StandardSwitchTagProcessor
[THYMELEAF]             * [* {th:case}] [275]: org.thymeleaf.standard.processor.StandardCaseTagProcessor
[THYMELEAF]             * [* {th:if}] [300]: org.thymeleaf.standard.processor.StandardIfTagProcessor
[THYMELEAF]             * [* {th:unless}] [400]: org.thymeleaf.standard.processor.StandardUnlessTagProcessor
[THYMELEAF]             * [* {th:object}] [500]: org.thymeleaf.standard.processor.StandardObjectTagProcessor
[THYMELEAF]             * [* {th:with}] [600]: com.intuit.karate.template.KarateWithTagProcessor
[THYMELEAF]             * [* {th:inline}] [1000]: org.thymeleaf.standard.processor.StandardInlineTextualTagProcessor
[THYMELEAF]             * [* {th:text}] [1300]: org.thymeleaf.standard.processor.StandardTextTagProcessor
[THYMELEAF]             * [* {th:utext}] [1400]: org.thymeleaf.standard.processor.StandardUtextTagProcessor
[THYMELEAF]             * [* {th:assert}] [1550]: org.thymeleaf.standard.processor.StandardAssertTagProcessor
[THYMELEAF]             * [* {th:remove}] [1600]: org.thymeleaf.standard.processor.StandardRemoveTagProcessor
[THYMELEAF]             * [* 100000] [org.thymeleaf.standard.processor.StandardBlockTagProcessor]: {}
[THYMELEAF]             * [{th:block} *] [100000]: org.thymeleaf.standard.processor.StandardBlockTagProcessor
[THYMELEAF]         * Text Processors by [precedence]:
[THYMELEAF]             * [1000]: org.thymeleaf.standard.processor.StandardInliningTextProcessor
[THYMELEAF]     * Processors for Template Mode: CSS
[THYMELEAF]         * Element Tag Processors by [matching element and attribute name] [precedence]:
[THYMELEAF]             * [* {th:insert}] [100]: org.thymeleaf.standard.processor.StandardInsertTagProcessor
[THYMELEAF]             * [* {th:replace}] [100]: org.thymeleaf.standard.processor.StandardReplaceTagProcessor
[THYMELEAF]             * [* {th:each}] [200]: com.intuit.karate.template.KarateEachTagProcessor
[THYMELEAF]             * [* {th:switch}] [250]: org.thymeleaf.standard.processor.StandardSwitchTagProcessor
[THYMELEAF]             * [* {th:case}] [275]: org.thymeleaf.standard.processor.StandardCaseTagProcessor
[THYMELEAF]             * [* {th:if}] [300]: org.thymeleaf.standard.processor.StandardIfTagProcessor
[THYMELEAF]             * [* {th:unless}] [400]: org.thymeleaf.standard.processor.StandardUnlessTagProcessor
[THYMELEAF]             * [* {th:object}] [500]: org.thymeleaf.standard.processor.StandardObjectTagProcessor
[THYMELEAF]             * [* {th:with}] [600]: com.intuit.karate.template.KarateWithTagProcessor
[THYMELEAF]             * [* {th:inline}] [1000]: org.thymeleaf.standard.processor.StandardInlineTextualTagProcessor
[THYMELEAF]             * [* {th:text}] [1300]: org.thymeleaf.standard.processor.StandardTextTagProcessor
[THYMELEAF]             * [* {th:utext}] [1400]: org.thymeleaf.standard.processor.StandardUtextTagProcessor
[THYMELEAF]             * [* {th:assert}] [1550]: org.thymeleaf.standard.processor.StandardAssertTagProcessor
[THYMELEAF]             * [* {th:remove}] [1600]: org.thymeleaf.standard.processor.StandardRemoveTagProcessor
[THYMELEAF]             * [* 100000] [org.thymeleaf.standard.processor.StandardBlockTagProcessor]: {}
[THYMELEAF]             * [{th:block} *] [100000]: org.thymeleaf.standard.processor.StandardBlockTagProcessor
[THYMELEAF]         * Text Processors by [precedence]:
[THYMELEAF]             * [1000]: org.thymeleaf.standard.processor.StandardInliningTextProcessor
[THYMELEAF]     * Expression Objects:
[THYMELEAF]         * #ctx
[THYMELEAF]         * #root
[THYMELEAF]         * #vars
[THYMELEAF]         * #object
[THYMELEAF]         * #locale
[THYMELEAF]         * #conversions
[THYMELEAF]         * #uris
[THYMELEAF]         * #temporals
[THYMELEAF]         * #calendars
[THYMELEAF]         * #dates
[THYMELEAF]         * #bools
[THYMELEAF]         * #numbers
[THYMELEAF]         * #objects
[THYMELEAF]         * #strings
[THYMELEAF]         * #arrays
[THYMELEAF]         * #lists
[THYMELEAF]         * #sets
[THYMELEAF]         * #maps
[THYMELEAF]         * #aggregates
[THYMELEAF]         * #messages
[THYMELEAF]         * #ids
[THYMELEAF]         * #execInfo
[THYMELEAF]         * #request
[THYMELEAF]         * #response
[THYMELEAF]         * #session
[THYMELEAF]         * #servletContext
[THYMELEAF]     * Execution Attributes:
[THYMELEAF]         * "StandardExpressionParser": com.intuit.karate.template.KarateStandardDialect@63cf578f
[THYMELEAF]         * "StandardJavaScriptSerializer": org.thymeleaf.standard.serializer.StandardJavaScriptSerializer@399f5daf
[THYMELEAF]         * "StandardCSSSerializer": org.thymeleaf.standard.serializer.StandardCSSSerializer@c4cceb
[THYMELEAF]         * "StandardVariableExpressionEvaluator": com.intuit.karate.template.KarateStandardDialect@63cf578f
[THYMELEAF]         * "StandardConversionService": org.thymeleaf.standard.expression.StandardConversionService@29f3185c
[THYMELEAF] * Dialect [2 of 2]: karate (com.intuit.karate.template.KarateScriptDialect)
[THYMELEAF]     * Prefix: "ka"
[THYMELEAF]     * Processors for Template Mode: HTML
[THYMELEAF]         * Element Tag Processors by [matching element and attribute name] [precedence]:
[THYMELEAF]             * [* {src}] [1000]: com.intuit.karate.template.KaScriptAttrProcessor
[THYMELEAF]         * Element Model Processors by [matching element and attribute name] [precedence]:
[THYMELEAF]             * [{script} {ka:scope,data-ka-scope}] [1000]: com.intuit.karate.template.KaScriptElemProcessor
[THYMELEAF]             * [* {ka:set,data-ka-set}] [1000]: com.intuit.karate.template.KaSetElemProcessor
[THYMELEAF] TEMPLATE ENGINE CONFIGURED OK
10:26:15.803 [main] DEBUG org.thymeleaf.TemplateEngine -- [THYMELEAF] TEMPLATE ENGINE INITIALIZED

HTML report: (paste into browser to view) | Karate version: 1.4.1
file:///C:/laragon/www/backend_api_kttkpm/karate-test/target/karate-reports/karate-summary.html
===================================================================

]]></system-out>
  </testcase>
</testsuite>