-------------------------------------------------------------------------------
Test set: com.shop.AppTest
-------------------------------------------------------------------------------
Tests run: 42, Failures: 8, Errors: 0, Skipped: 0, Time elapsed: 14.598 s <<< FAILURE! - in com.shop.AppTest
login_api_test.[1.4:15] TC4 - Đăng nhập thất bại do sai mật khẩu  Time elapsed: 0.243 s  <<< FAILURE!
org.opentest4j.AssertionFailedError: 
status code was: 400, expected: 401, response time in milliseconds: 176, url: http://localhost:3000/api/auth/signin, response: 
{"success":false,"message":"Sai mật khẩu!"}
classpath:login_api_test.feature:10

cart_api_test.[1.1:38] TC01 - Thêm thất bại do tài khoản chưa đăng nhập  Time elapsed: 0.302 s  <<< FAILURE!
org.opentest4j.AssertionFailedError: 
js failed:
>>>>
01: karate.call('clean_cart_helper.feature', { token: token })
<<<<
org.graalvm.polyglot.PolyglotException: status code was: 400, expected: 200, response time in milliseconds: 7, url: http://localhost:3000/api/cart, response: 
{"success":false,"message":"Thiếu user_id"}
classpath:clean_cart_helper.feature:11
- com.intuit.karate.core.FeatureResult.getErrorMessagesCombined(FeatureResult.java:215)
- com.intuit.karate.core.ScenarioEngine.callFeature(ScenarioEngine.java:2027)
- com.intuit.karate.core.ScenarioEngine.call(ScenarioEngine.java:1929)
- com.intuit.karate.core.ScenarioBridge.call(ScenarioBridge.java:137)
- com.intuit.karate.core.ScenarioBridge.call(ScenarioBridge.java:127)
- <js>.:program(Unnamed:1)

classpath:cart_api_test.feature:16

cart_api_test.[1.2:38] TC02 - Thêm thất bại do dữ liệu gửi lên không hợp lệ  Time elapsed: 0.289 s  <<< FAILURE!
org.opentest4j.AssertionFailedError: 
js failed:
>>>>
01: karate.call('clean_cart_helper.feature', { token: token })
<<<<
org.graalvm.polyglot.PolyglotException: status code was: 400, expected: 200, response time in milliseconds: 7, url: http://localhost:3000/api/cart, response: 
{"success":false,"message":"Thiếu user_id"}
classpath:clean_cart_helper.feature:11
- com.intuit.karate.core.FeatureResult.getErrorMessagesCombined(FeatureResult.java:215)
- com.intuit.karate.core.ScenarioEngine.callFeature(ScenarioEngine.java:2027)
- com.intuit.karate.core.ScenarioEngine.call(ScenarioEngine.java:1929)
- com.intuit.karate.core.ScenarioBridge.call(ScenarioBridge.java:137)
- com.intuit.karate.core.ScenarioBridge.call(ScenarioBridge.java:127)
- <js>.:program(Unnamed:1)

classpath:cart_api_test.feature:16

cart_api_test.[1.3:38] TC03 - Thêm thất bại do sản phẩm không tồn tại  Time elapsed: 0.234 s  <<< FAILURE!
org.opentest4j.AssertionFailedError: 
js failed:
>>>>
01: karate.call('clean_cart_helper.feature', { token: token })
<<<<
org.graalvm.polyglot.PolyglotException: status code was: 400, expected: 200, response time in milliseconds: 6, url: http://localhost:3000/api/cart, response: 
{"success":false,"message":"Thiếu user_id"}
classpath:clean_cart_helper.feature:11
- com.intuit.karate.core.FeatureResult.getErrorMessagesCombined(FeatureResult.java:215)
- com.intuit.karate.core.ScenarioEngine.callFeature(ScenarioEngine.java:2027)
- com.intuit.karate.core.ScenarioEngine.call(ScenarioEngine.java:1929)
- com.intuit.karate.core.ScenarioBridge.call(ScenarioBridge.java:137)
- com.intuit.karate.core.ScenarioBridge.call(ScenarioBridge.java:127)
- <js>.:program(Unnamed:1)

classpath:cart_api_test.feature:16

cart_api_test.[1.4:38] TC04 - Thêm thất bại do sản phẩm đã có sẵn trong giỏ hàng  Time elapsed: 0.236 s  <<< FAILURE!
org.opentest4j.AssertionFailedError: 
js failed:
>>>>
01: karate.call('clean_cart_helper.feature', { token: token })
<<<<
org.graalvm.polyglot.PolyglotException: status code was: 400, expected: 200, response time in milliseconds: 6, url: http://localhost:3000/api/cart, response: 
{"success":false,"message":"Thiếu user_id"}
classpath:clean_cart_helper.feature:11
- com.intuit.karate.core.FeatureResult.getErrorMessagesCombined(FeatureResult.java:215)
- com.intuit.karate.core.ScenarioEngine.callFeature(ScenarioEngine.java:2027)
- com.intuit.karate.core.ScenarioEngine.call(ScenarioEngine.java:1929)
- com.intuit.karate.core.ScenarioBridge.call(ScenarioBridge.java:137)
- com.intuit.karate.core.ScenarioBridge.call(ScenarioBridge.java:127)
- <js>.:program(Unnamed:1)

classpath:cart_api_test.feature:16

cart_api_test.[1.5:38] TC05 - Thêm thất bại do kho hàng không đủ số lượng  Time elapsed: 0.231 s  <<< FAILURE!
org.opentest4j.AssertionFailedError: 
js failed:
>>>>
01: karate.call('clean_cart_helper.feature', { token: token })
<<<<
org.graalvm.polyglot.PolyglotException: status code was: 400, expected: 200, response time in milliseconds: 6, url: http://localhost:3000/api/cart, response: 
{"success":false,"message":"Thiếu user_id"}
classpath:clean_cart_helper.feature:11
- com.intuit.karate.core.FeatureResult.getErrorMessagesCombined(FeatureResult.java:215)
- com.intuit.karate.core.ScenarioEngine.callFeature(ScenarioEngine.java:2027)
- com.intuit.karate.core.ScenarioEngine.call(ScenarioEngine.java:1929)
- com.intuit.karate.core.ScenarioBridge.call(ScenarioBridge.java:137)
- com.intuit.karate.core.ScenarioBridge.call(ScenarioBridge.java:127)
- <js>.:program(Unnamed:1)

classpath:cart_api_test.feature:16

cart_api_test.[1.6:38] TC06 - Thêm mới vào giỏ hàng thành công  Time elapsed: 1.839 s  <<< FAILURE!
org.opentest4j.AssertionFailedError: 
js failed:
>>>>
01: karate.call('clean_cart_helper.feature', { token: token })
<<<<
org.graalvm.polyglot.PolyglotException: status code was: 400, expected: 200, response time in milliseconds: 5, url: http://localhost:3000/api/cart, response: 
{"success":false,"message":"Thiếu user_id"}
classpath:clean_cart_helper.feature:11
- com.intuit.karate.core.FeatureResult.getErrorMessagesCombined(FeatureResult.java:215)
- com.intuit.karate.core.ScenarioEngine.callFeature(ScenarioEngine.java:2027)
- com.intuit.karate.core.ScenarioEngine.call(ScenarioEngine.java:1929)
- com.intuit.karate.core.ScenarioBridge.call(ScenarioBridge.java:137)
- com.intuit.karate.core.ScenarioBridge.call(ScenarioBridge.java:127)
- <js>.:program(Unnamed:1)

classpath:cart_api_test.feature:16

nhaphang.[1.4:55] TC04 - Đơn giá nhỏ hơn 1000  Time elapsed: 0.114 s  <<< FAILURE!
org.opentest4j.AssertionFailedError: 
status code was: 201, expected: 400, response time in milliseconds: 9, url: http://localhost:3000/api/admin/nhaphang, response: 
{"success":true,"message":"Them phieu nhap thanh cong","data":{"phieunhap_id":10,"tongtien":5000}}
classpath:nhaphang.feature:47

