<?xml version="1.0" encoding="UTF-8"?>
<testsuite xmlns:xsi="http://www.w3.org/2001/XMLSchema-instance" xsi:noNamespaceSchemaLocation="https://maven.apache.org/surefire/maven-surefire-plugin/xsd/surefire-test-report-3.0.xsd" version="3.0" name="com.shop.AppTest" time="8.376" tests="4" errors="0" skipped="0" failures="0">
  <properties>
[...]
</properties>
  <testcase name="[1.1:46] TC01 - Thêm địa chỉ mới thành công (không đặt mặc định)" classname="adress" time="3.067">
    <system-out><![CDATA[12:04:00.040 [main] DEBUG com.intuit.karate.Suite -- [config] classpath:karate-config.js
12:04:02.205 [main] DEBUG com.jayway.jsonpath.internal.path.CompiledPath -- Evaluating path: $
12:04:02.242 [main] DEBUG io.netty.util.internal.logging.InternalLoggerFactory -- Using SLF4J as the default logging framework
12:04:02.244 [main] DEBUG io.netty.util.internal.PlatformDependent0 -- -Dio.netty.noUnsafe: false
12:04:02.244 [main] DEBUG io.netty.util.internal.PlatformDependent0 -- Java version: 17
12:04:02.245 [main] DEBUG io.netty.util.internal.PlatformDependent0 -- sun.misc.Unsafe.theUnsafe: available
12:04:02.246 [main] DEBUG io.netty.util.internal.PlatformDependent0 -- sun.misc.Unsafe base methods: all available
12:04:02.246 [main] DEBUG io.netty.util.internal.PlatformDependent0 -- sun.misc.Unsafe.storeFence: available
12:04:02.247 [main] DEBUG io.netty.util.internal.PlatformDependent0 -- java.nio.Buffer.address: available
12:04:02.247 [main] DEBUG io.netty.util.internal.PlatformDependent0 -- direct buffer constructor: unavailable: Reflective setAccessible(true) disabled
12:04:02.249 [main] DEBUG io.netty.util.internal.PlatformDependent0 -- java.nio.Bits.unaligned: available, true
12:04:02.250 [main] DEBUG io.netty.util.internal.PlatformDependent0 -- jdk.internal.misc.Unsafe.allocateUninitializedArray(int): unavailable: class io.netty.util.internal.PlatformDependent0$7 cannot access class jdk.internal.misc.Unsafe (in module java.base) because module java.base does not export jdk.internal.misc to unnamed module @7276c8cd
12:04:02.251 [main] DEBUG io.netty.util.internal.PlatformDependent0 -- java.nio.DirectByteBuffer.<init>(long, {int,long}): unavailable
12:04:02.251 [main] DEBUG io.netty.util.internal.PlatformDependent -- sun.misc.Unsafe: available
12:04:02.251 [main] DEBUG io.netty.util.internal.PlatformDependent -- -Dio.netty.tmpdir: C:\Users\tamdt\AppData\Local\Temp (java.io.tmpdir)
12:04:02.251 [main] DEBUG io.netty.util.internal.PlatformDependent -- -Dio.netty.bitMode: 64 (sun.arch.data.model)
12:04:02.251 [main] DEBUG io.netty.util.internal.PlatformDependent -- Platform: Windows
12:04:02.251 [main] DEBUG io.netty.util.internal.PlatformDependent -- -Dio.netty.maxDirectMemory: -1 bytes
12:04:02.251 [main] DEBUG io.netty.util.internal.PlatformDependent -- -Dio.netty.uninitializedArrayAllocationThreshold: -1
12:04:02.253 [main] DEBUG io.netty.util.internal.CleanerJava9 -- java.nio.ByteBuffer.cleaner(): available
12:04:02.253 [main] DEBUG io.netty.util.internal.PlatformDependent -- -Dio.netty.noPreferDirect: false
12:04:02.553 [main] DEBUG org.apache.http.client.protocol.RequestAddCookies -- CookieSpec selected: karate
12:04:02.562 [main] DEBUG org.apache.http.client.protocol.RequestAuthCache -- Auth cache not set in the context
12:04:02.565 [main] DEBUG com.intuit.karate -- request:
1 > POST http://localhost:3000/api/auth/signup
1 > Content-Type: application/json; charset=UTF-8
1 > Content-Length: 128
1 > Host: localhost:3000
1 > Connection: Keep-Alive
1 > User-Agent: Apache-HttpClient/4.5.14 (Java/17.0.18)
1 > Accept-Encoding: gzip,deflate
{"username":"user_addr_4381326b","password":"Password123@","fullname":"Test Address User","email":"user_addr_4381326b@test.com"}

12:04:02.567 [main] DEBUG org.apache.http.impl.conn.PoolingHttpClientConnectionManager -- Connection request: [route: {}->http://localhost:3000][total available: 0; route allocated: 0 of 5; total allocated: 0 of 10]
12:04:02.581 [main] DEBUG org.apache.http.impl.conn.PoolingHttpClientConnectionManager -- Connection leased: [id: 0][route: {}->http://localhost:3000][total available: 0; route allocated: 1 of 5; total allocated: 1 of 10]
12:04:02.583 [main] DEBUG org.apache.http.impl.execchain.MainClientExec -- Opening connection {}->http://localhost:3000
12:04:02.598 [main] DEBUG org.apache.http.impl.conn.DefaultHttpClientConnectionOperator -- Connecting to localhost/127.0.0.1:3000
12:04:02.600 [main] DEBUG org.apache.http.impl.conn.DefaultHttpClientConnectionOperator -- Connection established 127.0.0.1:55708<->127.0.0.1:3000
12:04:02.600 [main] DEBUG org.apache.http.impl.conn.DefaultManagedHttpClientConnection -- http-outgoing-0: set socket timeout to 30000
12:04:02.601 [main] DEBUG org.apache.http.impl.execchain.MainClientExec -- Executing request POST /api/auth/signup HTTP/1.1
12:04:02.601 [main] DEBUG org.apache.http.impl.execchain.MainClientExec -- Target auth state: UNCHALLENGED
12:04:02.601 [main] DEBUG org.apache.http.impl.execchain.MainClientExec -- Proxy auth state: UNCHALLENGED
12:04:02.603 [main] DEBUG org.apache.http.headers -- http-outgoing-0 >> POST /api/auth/signup HTTP/1.1
12:04:02.603 [main] DEBUG org.apache.http.headers -- http-outgoing-0 >> Content-Type: application/json; charset=UTF-8
12:04:02.603 [main] DEBUG org.apache.http.headers -- http-outgoing-0 >> Content-Length: 128
12:04:02.603 [main] DEBUG org.apache.http.headers -- http-outgoing-0 >> Host: localhost:3000
12:04:02.604 [main] DEBUG org.apache.http.headers -- http-outgoing-0 >> Connection: Keep-Alive
12:04:02.604 [main] DEBUG org.apache.http.headers -- http-outgoing-0 >> User-Agent: Apache-HttpClient/4.5.14 (Java/17.0.18)
12:04:02.604 [main] DEBUG org.apache.http.headers -- http-outgoing-0 >> Accept-Encoding: gzip,deflate
12:04:02.604 [main] DEBUG org.apache.http.wire -- http-outgoing-0 >> "POST /api/auth/signup HTTP/1.1[\r][\n]"
12:04:02.604 [main] DEBUG org.apache.http.wire -- http-outgoing-0 >> "Content-Type: application/json; charset=UTF-8[\r][\n]"
12:04:02.604 [main] DEBUG org.apache.http.wire -- http-outgoing-0 >> "Content-Length: 128[\r][\n]"
12:04:02.604 [main] DEBUG org.apache.http.wire -- http-outgoing-0 >> "Host: localhost:3000[\r][\n]"
12:04:02.604 [main] DEBUG org.apache.http.wire -- http-outgoing-0 >> "Connection: Keep-Alive[\r][\n]"
12:04:02.604 [main] DEBUG org.apache.http.wire -- http-outgoing-0 >> "User-Agent: Apache-HttpClient/4.5.14 (Java/17.0.18)[\r][\n]"
12:04:02.605 [main] DEBUG org.apache.http.wire -- http-outgoing-0 >> "Accept-Encoding: gzip,deflate[\r][\n]"
12:04:02.605 [main] DEBUG org.apache.http.wire -- http-outgoing-0 >> "[\r][\n]"
12:04:02.605 [main] DEBUG org.apache.http.wire -- http-outgoing-0 >> "{"username":"user_addr_4381326b","password":"Password123@","fullname":"Test Address User","email":"user_addr_4381326b@test.com"}"
12:04:02.847 [main] DEBUG org.apache.http.wire -- http-outgoing-0 << "HTTP/1.1 201 Created[\r][\n]"
12:04:02.847 [main] DEBUG org.apache.http.wire -- http-outgoing-0 << "X-Powered-By: Express[\r][\n]"
12:04:02.847 [main] DEBUG org.apache.http.wire -- http-outgoing-0 << "Access-Control-Allow-Origin: *[\r][\n]"
12:04:02.848 [main] DEBUG org.apache.http.wire -- http-outgoing-0 << "Content-Type: application/json; charset=utf-8[\r][\n]"
12:04:02.848 [main] DEBUG org.apache.http.wire -- http-outgoing-0 << "Content-Length: 66[\r][\n]"
12:04:02.848 [main] DEBUG org.apache.http.wire -- http-outgoing-0 << "ETag: W/"42-2dCjMQxNzMW2RPNMC/EUjUFO814"[\r][\n]"
12:04:02.848 [main] DEBUG org.apache.http.wire -- http-outgoing-0 << "Date: Wed, 17 Jun 2026 05:04:02 GMT[\r][\n]"
12:04:02.848 [main] DEBUG org.apache.http.wire -- http-outgoing-0 << "Connection: keep-alive[\r][\n]"
12:04:02.848 [main] DEBUG org.apache.http.wire -- http-outgoing-0 << "Keep-Alive: timeout=5[\r][\n]"
12:04:02.848 [main] DEBUG org.apache.http.wire -- http-outgoing-0 << "[\r][\n]"
12:04:02.848 [main] DEBUG org.apache.http.wire -- http-outgoing-0 << "{"success":true,"message":"[0xc4][0x90][0xc4][0x83]ng k[0xc3][0xbd] t[0xc3][0xa0]i kho[0xe1][0xba][0xa3]n th[0xc3][0xa0]nh c[0xc3][0xb4]ng!"}"
12:04:02.851 [main] DEBUG org.apache.http.headers -- http-outgoing-0 << HTTP/1.1 201 Created
12:04:02.852 [main] DEBUG org.apache.http.headers -- http-outgoing-0 << X-Powered-By: Express
12:04:02.852 [main] DEBUG org.apache.http.headers -- http-outgoing-0 << Access-Control-Allow-Origin: *
12:04:02.852 [main] DEBUG org.apache.http.headers -- http-outgoing-0 << Content-Type: application/json; charset=utf-8
12:04:02.852 [main] DEBUG org.apache.http.headers -- http-outgoing-0 << Content-Length: 66
12:04:02.852 [main] DEBUG org.apache.http.headers -- http-outgoing-0 << ETag: W/"42-2dCjMQxNzMW2RPNMC/EUjUFO814"
12:04:02.852 [main] DEBUG org.apache.http.headers -- http-outgoing-0 << Date: Wed, 17 Jun 2026 05:04:02 GMT
12:04:02.852 [main] DEBUG org.apache.http.headers -- http-outgoing-0 << Connection: keep-alive
12:04:02.852 [main] DEBUG org.apache.http.headers -- http-outgoing-0 << Keep-Alive: timeout=5
12:04:02.858 [main] DEBUG org.apache.http.impl.execchain.MainClientExec -- Connection can be kept alive for 5000 MILLISECONDS
12:04:02.861 [main] DEBUG org.apache.http.impl.conn.PoolingHttpClientConnectionManager -- Connection [id: 0][route: {}->http://localhost:3000] can be kept alive for 5.0 seconds
12:04:02.862 [main] DEBUG org.apache.http.impl.conn.DefaultManagedHttpClientConnection -- http-outgoing-0: set socket timeout to 0
12:04:02.862 [main] DEBUG org.apache.http.impl.conn.PoolingHttpClientConnectionManager -- Connection released: [id: 0][route: {}->http://localhost:3000][total available: 1; route allocated: 1 of 5; total allocated: 1 of 10]
12:04:02.862 [main] DEBUG org.apache.http.impl.conn.PoolingHttpClientConnectionManager -- Connection manager is shutting down
12:04:02.863 [main] DEBUG org.apache.http.impl.conn.DefaultManagedHttpClientConnection -- http-outgoing-0: Close connection
12:04:02.864 [main] DEBUG org.apache.http.impl.conn.PoolingHttpClientConnectionManager -- Connection manager shut down
12:04:02.866 [main] DEBUG com.intuit.karate -- response time in milliseconds: 296
1 < 201
1 < X-Powered-By: Express
1 < Access-Control-Allow-Origin: *
1 < Content-Type: application/json; charset=utf-8
1 < Content-Length: 66
1 < ETag: W/"42-2dCjMQxNzMW2RPNMC/EUjUFO814"
1 < Date: Wed, 17 Jun 2026 05:04:02 GMT
1 < Connection: keep-alive
1 < Keep-Alive: timeout=5
{"success":true,"message":"??ng ký tài kho?n thành công!"}

12:04:02.871 [main] DEBUG com.jayway.jsonpath.internal.path.CompiledPath -- Evaluating path: $
12:04:02.873 [main] DEBUG org.apache.http.client.protocol.RequestAddCookies -- CookieSpec selected: karate
12:04:02.873 [main] DEBUG org.apache.http.client.protocol.RequestAuthCache -- Auth cache not set in the context
12:04:02.873 [main] DEBUG com.intuit.karate -- request:
2 > POST http://localhost:3000/api/auth/signin
2 > Content-Type: application/json; charset=UTF-8
2 > Content-Length: 59
2 > Host: localhost:3000
2 > Connection: Keep-Alive
2 > User-Agent: Apache-HttpClient/4.5.14 (Java/17.0.18)
2 > Accept-Encoding: gzip,deflate
{"username":"user_addr_4381326b","password":"Password123@"}

12:04:02.874 [main] DEBUG org.apache.http.impl.conn.PoolingHttpClientConnectionManager -- Connection request: [route: {}->http://localhost:3000][total available: 0; route allocated: 0 of 5; total allocated: 0 of 10]
12:04:02.874 [main] DEBUG org.apache.http.impl.conn.PoolingHttpClientConnectionManager -- Connection leased: [id: 1][route: {}->http://localhost:3000][total available: 0; route allocated: 1 of 5; total allocated: 1 of 10]
12:04:02.874 [main] DEBUG org.apache.http.impl.execchain.MainClientExec -- Opening connection {}->http://localhost:3000
12:04:02.874 [main] DEBUG org.apache.http.impl.conn.DefaultHttpClientConnectionOperator -- Connecting to localhost/127.0.0.1:3000
12:04:02.875 [main] DEBUG org.apache.http.impl.conn.DefaultHttpClientConnectionOperator -- Connection established 127.0.0.1:55710<->127.0.0.1:3000
12:04:02.875 [main] DEBUG org.apache.http.impl.conn.DefaultManagedHttpClientConnection -- http-outgoing-1: set socket timeout to 30000
12:04:02.875 [main] DEBUG org.apache.http.impl.execchain.MainClientExec -- Executing request POST /api/auth/signin HTTP/1.1
12:04:02.875 [main] DEBUG org.apache.http.impl.execchain.MainClientExec -- Target auth state: UNCHALLENGED
12:04:02.875 [main] DEBUG org.apache.http.impl.execchain.MainClientExec -- Proxy auth state: UNCHALLENGED
12:04:02.875 [main] DEBUG org.apache.http.headers -- http-outgoing-1 >> POST /api/auth/signin HTTP/1.1
12:04:02.875 [main] DEBUG org.apache.http.headers -- http-outgoing-1 >> Content-Type: application/json; charset=UTF-8
12:04:02.875 [main] DEBUG org.apache.http.headers -- http-outgoing-1 >> Content-Length: 59
12:04:02.875 [main] DEBUG org.apache.http.headers -- http-outgoing-1 >> Host: localhost:3000
12:04:02.875 [main] DEBUG org.apache.http.headers -- http-outgoing-1 >> Connection: Keep-Alive
12:04:02.875 [main] DEBUG org.apache.http.headers -- http-outgoing-1 >> User-Agent: Apache-HttpClient/4.5.14 (Java/17.0.18)
12:04:02.876 [main] DEBUG org.apache.http.headers -- http-outgoing-1 >> Accept-Encoding: gzip,deflate
12:04:02.876 [main] DEBUG org.apache.http.wire -- http-outgoing-1 >> "POST /api/auth/signin HTTP/1.1[\r][\n]"
12:04:02.876 [main] DEBUG org.apache.http.wire -- http-outgoing-1 >> "Content-Type: application/json; charset=UTF-8[\r][\n]"
12:04:02.876 [main] DEBUG org.apache.http.wire -- http-outgoing-1 >> "Content-Length: 59[\r][\n]"
12:04:02.876 [main] DEBUG org.apache.http.wire -- http-outgoing-1 >> "Host: localhost:3000[\r][\n]"
12:04:02.876 [main] DEBUG org.apache.http.wire -- http-outgoing-1 >> "Connection: Keep-Alive[\r][\n]"
12:04:02.876 [main] DEBUG org.apache.http.wire -- http-outgoing-1 >> "User-Agent: Apache-HttpClient/4.5.14 (Java/17.0.18)[\r][\n]"
12:04:02.876 [main] DEBUG org.apache.http.wire -- http-outgoing-1 >> "Accept-Encoding: gzip,deflate[\r][\n]"
12:04:02.876 [main] DEBUG org.apache.http.wire -- http-outgoing-1 >> "[\r][\n]"
12:04:02.876 [main] DEBUG org.apache.http.wire -- http-outgoing-1 >> "{"username":"user_addr_4381326b","password":"Password123@"}"
12:04:03.089 [main] DEBUG org.apache.http.wire -- http-outgoing-1 << "HTTP/1.1 200 OK[\r][\n]"
12:04:03.089 [main] DEBUG org.apache.http.wire -- http-outgoing-1 << "X-Powered-By: Express[\r][\n]"
12:04:03.089 [main] DEBUG org.apache.http.wire -- http-outgoing-1 << "Access-Control-Allow-Origin: *[\r][\n]"
12:04:03.089 [main] DEBUG org.apache.http.wire -- http-outgoing-1 << "Content-Type: application/json; charset=utf-8[\r][\n]"
12:04:03.089 [main] DEBUG org.apache.http.wire -- http-outgoing-1 << "Content-Length: 375[\r][\n]"
12:04:03.089 [main] DEBUG org.apache.http.wire -- http-outgoing-1 << "ETag: W/"177-/jSGtJEpNYemt9rq60VMrDhjSwc"[\r][\n]"
12:04:03.089 [main] DEBUG org.apache.http.wire -- http-outgoing-1 << "Date: Wed, 17 Jun 2026 05:04:03 GMT[\r][\n]"
12:04:03.089 [main] DEBUG org.apache.http.wire -- http-outgoing-1 << "Connection: keep-alive[\r][\n]"
12:04:03.089 [main] DEBUG org.apache.http.wire -- http-outgoing-1 << "Keep-Alive: timeout=5[\r][\n]"
12:04:03.089 [main] DEBUG org.apache.http.wire -- http-outgoing-1 << "[\r][\n]"
12:04:03.089 [main] DEBUG org.apache.http.wire -- http-outgoing-1 << "{"success":true,"message":"[0xc4][0x90][0xc4][0x83]ng nh[0xe1][0xba][0xad]p th[0xc3][0xa0]nh c[0xc3][0xb4]ng!","user":{"id":10,"username":"user_addr_4381326b","fullname":"Test Address User","role":"user","avatar":null},"token":"eyJhbGciOiJIUzI1NiIsInR5cCI6IkpXVCJ9.eyJpZCI6MTAsInVzZXJuYW1lIjoidXNlcl9hZGRyXzQzODEzMjZiIiwicm9sZSI6InVzZXIiLCJpYXQiOjE3ODE2NzI2NDMsImV4cCI6MTc4MjI3NzQ0M30.P_HgdNNV4d4K_N8PgTSuMbNxzZkNvLiXxpXo6qdFIUI"}"
12:04:03.089 [main] DEBUG org.apache.http.headers -- http-outgoing-1 << HTTP/1.1 200 OK
12:04:03.089 [main] DEBUG org.apache.http.headers -- http-outgoing-1 << X-Powered-By: Express
12:04:03.089 [main] DEBUG org.apache.http.headers -- http-outgoing-1 << Access-Control-Allow-Origin: *
12:04:03.089 [main] DEBUG org.apache.http.headers -- http-outgoing-1 << Content-Type: application/json; charset=utf-8
12:04:03.089 [main] DEBUG org.apache.http.headers -- http-outgoing-1 << Content-Length: 375
12:04:03.089 [main] DEBUG org.apache.http.headers -- http-outgoing-1 << ETag: W/"177-/jSGtJEpNYemt9rq60VMrDhjSwc"
12:04:03.089 [main] DEBUG org.apache.http.headers -- http-outgoing-1 << Date: Wed, 17 Jun 2026 05:04:03 GMT
12:04:03.089 [main] DEBUG org.apache.http.headers -- http-outgoing-1 << Connection: keep-alive
12:04:03.089 [main] DEBUG org.apache.http.headers -- http-outgoing-1 << Keep-Alive: timeout=5
12:04:03.089 [main] DEBUG org.apache.http.impl.execchain.MainClientExec -- Connection can be kept alive for 5000 MILLISECONDS
12:04:03.089 [main] DEBUG org.apache.http.impl.conn.PoolingHttpClientConnectionManager -- Connection [id: 1][route: {}->http://localhost:3000] can be kept alive for 5.0 seconds
12:04:03.089 [main] DEBUG org.apache.http.impl.conn.DefaultManagedHttpClientConnection -- http-outgoing-1: set socket timeout to 0
12:04:03.089 [main] DEBUG org.apache.http.impl.conn.PoolingHttpClientConnectionManager -- Connection released: [id: 1][route: {}->http://localhost:3000][total available: 1; route allocated: 1 of 5; total allocated: 1 of 10]
12:04:03.089 [main] DEBUG org.apache.http.impl.conn.PoolingHttpClientConnectionManager -- Connection manager is shutting down
12:04:03.089 [main] DEBUG org.apache.http.impl.conn.DefaultManagedHttpClientConnection -- http-outgoing-1: Close connection
12:04:03.090 [main] DEBUG org.apache.http.impl.conn.PoolingHttpClientConnectionManager -- Connection manager shut down
12:04:03.090 [main] DEBUG com.intuit.karate -- response time in milliseconds: 215
2 < 200
2 < X-Powered-By: Express
2 < Access-Control-Allow-Origin: *
2 < Content-Type: application/json; charset=utf-8
2 < Content-Length: 375
2 < ETag: W/"177-/jSGtJEpNYemt9rq60VMrDhjSwc"
2 < Date: Wed, 17 Jun 2026 05:04:03 GMT
2 < Connection: keep-alive
2 < Keep-Alive: timeout=5
{"success":true,"message":"??ng nh?p thành công!","user":{"id":10,"username":"user_addr_4381326b","fullname":"Test Address User","role":"user","avatar":null},"token":"eyJhbGciOiJIUzI1NiIsInR5cCI6IkpXVCJ9.eyJpZCI6MTAsInVzZXJuYW1lIjoidXNlcl9hZGRyXzQzODEzMjZiIiwicm9sZSI6InVzZXIiLCJpYXQiOjE3ODE2NzI2NDMsImV4cCI6MTc4MjI3NzQ0M30.P_HgdNNV4d4K_N8PgTSuMbNxzZkNvLiXxpXo6qdFIUI"}

12:04:03.099 [main] DEBUG com.jayway.jsonpath.internal.path.CompiledPath -- Evaluating path: $
12:04:03.100 [main] DEBUG org.apache.http.client.protocol.RequestAddCookies -- CookieSpec selected: karate
12:04:03.100 [main] DEBUG org.apache.http.client.protocol.RequestAuthCache -- Auth cache not set in the context
12:04:03.100 [main] DEBUG com.intuit.karate -- request:
3 > POST http://localhost:3000/api/address
3 > Authorization: Bearer eyJhbGciOiJIUzI1NiIsInR5cCI6IkpXVCJ9.eyJpZCI6MTAsInVzZXJuYW1lIjoidXNlcl9hZGRyXzQzODEzMjZiIiwicm9sZSI6InVzZXIiLCJpYXQiOjE3ODE2NzI2NDMsImV4cCI6MTc4MjI3NzQ0M30.P_HgdNNV4d4K_N8PgTSuMbNxzZkNvLiXxpXo6qdFIUI
3 > Content-Type: application/json; charset=UTF-8
3 > Content-Length: 149
3 > Host: localhost:3000
3 > Connection: Keep-Alive
3 > User-Agent: Apache-HttpClient/4.5.14 (Java/17.0.18)
3 > Accept-Encoding: gzip,deflate
{"tennguoinhan":"Nguyen Van A","sodienthoai":"0912345678","diachichitiet":"123 Lang","phuong":"Lang Ha","quan":"Dong Da","tinh":"Ha Noi","macdinh":0}

12:04:03.100 [main] DEBUG org.apache.http.impl.conn.PoolingHttpClientConnectionManager -- Connection request: [route: {}->http://localhost:3000][total available: 0; route allocated: 0 of 5; total allocated: 0 of 10]
12:04:03.100 [main] DEBUG org.apache.http.impl.conn.PoolingHttpClientConnectionManager -- Connection leased: [id: 2][route: {}->http://localhost:3000][total available: 0; route allocated: 1 of 5; total allocated: 1 of 10]
12:04:03.100 [main] DEBUG org.apache.http.impl.execchain.MainClientExec -- Opening connection {}->http://localhost:3000
12:04:03.101 [main] DEBUG org.apache.http.impl.conn.DefaultHttpClientConnectionOperator -- Connecting to localhost/127.0.0.1:3000
12:04:03.101 [main] DEBUG org.apache.http.impl.conn.DefaultHttpClientConnectionOperator -- Connection established 127.0.0.1:55712<->127.0.0.1:3000
12:04:03.101 [main] DEBUG org.apache.http.impl.conn.DefaultManagedHttpClientConnection -- http-outgoing-2: set socket timeout to 30000
12:04:03.101 [main] DEBUG org.apache.http.impl.execchain.MainClientExec -- Executing request POST /api/address HTTP/1.1
12:04:03.101 [main] DEBUG org.apache.http.impl.execchain.MainClientExec -- Proxy auth state: UNCHALLENGED
12:04:03.102 [main] DEBUG org.apache.http.headers -- http-outgoing-2 >> POST /api/address HTTP/1.1
12:04:03.102 [main] DEBUG org.apache.http.headers -- http-outgoing-2 >> Authorization: Bearer eyJhbGciOiJIUzI1NiIsInR5cCI6IkpXVCJ9.eyJpZCI6MTAsInVzZXJuYW1lIjoidXNlcl9hZGRyXzQzODEzMjZiIiwicm9sZSI6InVzZXIiLCJpYXQiOjE3ODE2NzI2NDMsImV4cCI6MTc4MjI3NzQ0M30.P_HgdNNV4d4K_N8PgTSuMbNxzZkNvLiXxpXo6qdFIUI
12:04:03.102 [main] DEBUG org.apache.http.headers -- http-outgoing-2 >> Content-Type: application/json; charset=UTF-8
12:04:03.102 [main] DEBUG org.apache.http.headers -- http-outgoing-2 >> Content-Length: 149
12:04:03.102 [main] DEBUG org.apache.http.headers -- http-outgoing-2 >> Host: localhost:3000
12:04:03.102 [main] DEBUG org.apache.http.headers -- http-outgoing-2 >> Connection: Keep-Alive
12:04:03.102 [main] DEBUG org.apache.http.headers -- http-outgoing-2 >> User-Agent: Apache-HttpClient/4.5.14 (Java/17.0.18)
12:04:03.102 [main] DEBUG org.apache.http.headers -- http-outgoing-2 >> Accept-Encoding: gzip,deflate
12:04:03.102 [main] DEBUG org.apache.http.wire -- http-outgoing-2 >> "POST /api/address HTTP/1.1[\r][\n]"
12:04:03.102 [main] DEBUG org.apache.http.wire -- http-outgoing-2 >> "Authorization: Bearer eyJhbGciOiJIUzI1NiIsInR5cCI6IkpXVCJ9.eyJpZCI6MTAsInVzZXJuYW1lIjoidXNlcl9hZGRyXzQzODEzMjZiIiwicm9sZSI6InVzZXIiLCJpYXQiOjE3ODE2NzI2NDMsImV4cCI6MTc4MjI3NzQ0M30.P_HgdNNV4d4K_N8PgTSuMbNxzZkNvLiXxpXo6qdFIUI[\r][\n]"
12:04:03.102 [main] DEBUG org.apache.http.wire -- http-outgoing-2 >> "Content-Type: application/json; charset=UTF-8[\r][\n]"
12:04:03.102 [main] DEBUG org.apache.http.wire -- http-outgoing-2 >> "Content-Length: 149[\r][\n]"
12:04:03.102 [main] DEBUG org.apache.http.wire -- http-outgoing-2 >> "Host: localhost:3000[\r][\n]"
12:04:03.102 [main] DEBUG org.apache.http.wire -- http-outgoing-2 >> "Connection: Keep-Alive[\r][\n]"
12:04:03.102 [main] DEBUG org.apache.http.wire -- http-outgoing-2 >> "User-Agent: Apache-HttpClient/4.5.14 (Java/17.0.18)[\r][\n]"
12:04:03.102 [main] DEBUG org.apache.http.wire -- http-outgoing-2 >> "Accept-Encoding: gzip,deflate[\r][\n]"
12:04:03.102 [main] DEBUG org.apache.http.wire -- http-outgoing-2 >> "[\r][\n]"
12:04:03.102 [main] DEBUG org.apache.http.wire -- http-outgoing-2 >> "{"tennguoinhan":"Nguyen Van A","sodienthoai":"0912345678","diachichitiet":"123 Lang","phuong":"Lang Ha","quan":"Dong Da","tinh":"Ha Noi","macdinh":0}"
12:04:03.153 [main] DEBUG org.apache.http.wire -- http-outgoing-2 << "HTTP/1.1 201 Created[\r][\n]"
12:04:03.153 [main] DEBUG org.apache.http.wire -- http-outgoing-2 << "X-Powered-By: Express[\r][\n]"
12:04:03.153 [main] DEBUG org.apache.http.wire -- http-outgoing-2 << "Access-Control-Allow-Origin: *[\r][\n]"
12:04:03.153 [main] DEBUG org.apache.http.wire -- http-outgoing-2 << "Content-Type: application/json; charset=utf-8[\r][\n]"
12:04:03.153 [main] DEBUG org.apache.http.wire -- http-outgoing-2 << "Content-Length: 60[\r][\n]"
12:04:03.153 [main] DEBUG org.apache.http.wire -- http-outgoing-2 << "ETag: W/"3c-4qn6/NWc5TMl8Xk4fidP9e8hXyg"[\r][\n]"
12:04:03.153 [main] DEBUG org.apache.http.wire -- http-outgoing-2 << "Date: Wed, 17 Jun 2026 05:04:03 GMT[\r][\n]"
12:04:03.153 [main] DEBUG org.apache.http.wire -- http-outgoing-2 << "Connection: keep-alive[\r][\n]"
12:04:03.153 [main] DEBUG org.apache.http.wire -- http-outgoing-2 << "Keep-Alive: timeout=5[\r][\n]"
12:04:03.153 [main] DEBUG org.apache.http.wire -- http-outgoing-2 << "[\r][\n]"
12:04:03.153 [main] DEBUG org.apache.http.wire -- http-outgoing-2 << "{"success":true,"message":"Th[0xc3][0xaa]m [0xc4][0x91][0xe1][0xbb][0x8b]a ch[0xe1][0xbb][0x89] th[0xc3][0xa0]nh c[0xc3][0xb4]ng"}"
12:04:03.153 [main] DEBUG org.apache.http.headers -- http-outgoing-2 << HTTP/1.1 201 Created
12:04:03.153 [main] DEBUG org.apache.http.headers -- http-outgoing-2 << X-Powered-By: Express
12:04:03.153 [main] DEBUG org.apache.http.headers -- http-outgoing-2 << Access-Control-Allow-Origin: *
12:04:03.153 [main] DEBUG org.apache.http.headers -- http-outgoing-2 << Content-Type: application/json; charset=utf-8
12:04:03.153 [main] DEBUG org.apache.http.headers -- http-outgoing-2 << Content-Length: 60
12:04:03.153 [main] DEBUG org.apache.http.headers -- http-outgoing-2 << ETag: W/"3c-4qn6/NWc5TMl8Xk4fidP9e8hXyg"
12:04:03.153 [main] DEBUG org.apache.http.headers -- http-outgoing-2 << Date: Wed, 17 Jun 2026 05:04:03 GMT
12:04:03.153 [main] DEBUG org.apache.http.headers -- http-outgoing-2 << Connection: keep-alive
12:04:03.153 [main] DEBUG org.apache.http.headers -- http-outgoing-2 << Keep-Alive: timeout=5
12:04:03.153 [main] DEBUG org.apache.http.impl.execchain.MainClientExec -- Connection can be kept alive for 5000 MILLISECONDS
12:04:03.154 [main] DEBUG org.apache.http.impl.conn.PoolingHttpClientConnectionManager -- Connection [id: 2][route: {}->http://localhost:3000] can be kept alive for 5.0 seconds
12:04:03.154 [main] DEBUG org.apache.http.impl.conn.DefaultManagedHttpClientConnection -- http-outgoing-2: set socket timeout to 0
12:04:03.154 [main] DEBUG org.apache.http.impl.conn.PoolingHttpClientConnectionManager -- Connection released: [id: 2][route: {}->http://localhost:3000][total available: 1; route allocated: 1 of 5; total allocated: 1 of 10]
12:04:03.154 [main] DEBUG org.apache.http.impl.conn.PoolingHttpClientConnectionManager -- Connection manager is shutting down
12:04:03.154 [main] DEBUG org.apache.http.impl.conn.DefaultManagedHttpClientConnection -- http-outgoing-2: Close connection
12:04:03.154 [main] DEBUG org.apache.http.impl.conn.PoolingHttpClientConnectionManager -- Connection manager shut down
12:04:03.154 [main] DEBUG com.intuit.karate -- response time in milliseconds: 54
3 < 201
3 < X-Powered-By: Express
3 < Access-Control-Allow-Origin: *
3 < Content-Type: application/json; charset=utf-8
3 < Content-Length: 60
3 < ETag: W/"3c-4qn6/NWc5TMl8Xk4fidP9e8hXyg"
3 < Date: Wed, 17 Jun 2026 05:04:03 GMT
3 < Connection: keep-alive
3 < Keep-Alive: timeout=5
{"success":true,"message":"Thêm ??a ch? thành công"}

12:04:03.161 [main] DEBUG com.jayway.jsonpath.internal.path.CompiledPath -- Evaluating path: $['success']
12:04:03.169 [main] DEBUG com.jayway.jsonpath.internal.path.CompiledPath -- Evaluating path: $['message']
]]></system-out>
  </testcase>
  <testcase name="[1.2:47] TC02 - Thêm địa chỉ thành công và thiết lập làm mặc định" classname="adress" time="0.44">
    <system-out><![CDATA[12:04:03.199 [main] DEBUG com.jayway.jsonpath.internal.path.CompiledPath -- Evaluating path: $
12:04:03.201 [main] DEBUG org.apache.http.client.protocol.RequestAddCookies -- CookieSpec selected: karate
12:04:03.202 [main] DEBUG org.apache.http.client.protocol.RequestAuthCache -- Auth cache not set in the context
12:04:03.202 [main] DEBUG com.intuit.karate -- request:
1 > POST http://localhost:3000/api/auth/signup
1 > Content-Type: application/json; charset=UTF-8
1 > Content-Length: 128
1 > Host: localhost:3000
1 > Connection: Keep-Alive
1 > User-Agent: Apache-HttpClient/4.5.14 (Java/17.0.18)
1 > Accept-Encoding: gzip,deflate
{"username":"user_addr_a1f58d9f","password":"Password123@","fullname":"Test Address User","email":"user_addr_a1f58d9f@test.com"}

12:04:03.202 [main] DEBUG org.apache.http.impl.conn.PoolingHttpClientConnectionManager -- Connection request: [route: {}->http://localhost:3000][total available: 0; route allocated: 0 of 5; total allocated: 0 of 10]
12:04:03.202 [main] DEBUG org.apache.http.impl.conn.PoolingHttpClientConnectionManager -- Connection leased: [id: 3][route: {}->http://localhost:3000][total available: 0; route allocated: 1 of 5; total allocated: 1 of 10]
12:04:03.202 [main] DEBUG org.apache.http.impl.execchain.MainClientExec -- Opening connection {}->http://localhost:3000
12:04:03.203 [main] DEBUG org.apache.http.impl.conn.DefaultHttpClientConnectionOperator -- Connecting to localhost/127.0.0.1:3000
12:04:03.203 [main] DEBUG org.apache.http.impl.conn.DefaultHttpClientConnectionOperator -- Connection established 127.0.0.1:55713<->127.0.0.1:3000
12:04:03.203 [main] DEBUG org.apache.http.impl.conn.DefaultManagedHttpClientConnection -- http-outgoing-3: set socket timeout to 30000
12:04:03.204 [main] DEBUG org.apache.http.impl.execchain.MainClientExec -- Executing request POST /api/auth/signup HTTP/1.1
12:04:03.204 [main] DEBUG org.apache.http.impl.execchain.MainClientExec -- Target auth state: UNCHALLENGED
12:04:03.204 [main] DEBUG org.apache.http.impl.execchain.MainClientExec -- Proxy auth state: UNCHALLENGED
12:04:03.204 [main] DEBUG org.apache.http.headers -- http-outgoing-3 >> POST /api/auth/signup HTTP/1.1
12:04:03.204 [main] DEBUG org.apache.http.headers -- http-outgoing-3 >> Content-Type: application/json; charset=UTF-8
12:04:03.204 [main] DEBUG org.apache.http.headers -- http-outgoing-3 >> Content-Length: 128
12:04:03.204 [main] DEBUG org.apache.http.headers -- http-outgoing-3 >> Host: localhost:3000
12:04:03.204 [main] DEBUG org.apache.http.headers -- http-outgoing-3 >> Connection: Keep-Alive
12:04:03.204 [main] DEBUG org.apache.http.headers -- http-outgoing-3 >> User-Agent: Apache-HttpClient/4.5.14 (Java/17.0.18)
12:04:03.204 [main] DEBUG org.apache.http.headers -- http-outgoing-3 >> Accept-Encoding: gzip,deflate
12:04:03.204 [main] DEBUG org.apache.http.wire -- http-outgoing-3 >> "POST /api/auth/signup HTTP/1.1[\r][\n]"
12:04:03.204 [main] DEBUG org.apache.http.wire -- http-outgoing-3 >> "Content-Type: application/json; charset=UTF-8[\r][\n]"
12:04:03.204 [main] DEBUG org.apache.http.wire -- http-outgoing-3 >> "Content-Length: 128[\r][\n]"
12:04:03.204 [main] DEBUG org.apache.http.wire -- http-outgoing-3 >> "Host: localhost:3000[\r][\n]"
12:04:03.204 [main] DEBUG org.apache.http.wire -- http-outgoing-3 >> "Connection: Keep-Alive[\r][\n]"
12:04:03.204 [main] DEBUG org.apache.http.wire -- http-outgoing-3 >> "User-Agent: Apache-HttpClient/4.5.14 (Java/17.0.18)[\r][\n]"
12:04:03.205 [main] DEBUG org.apache.http.wire -- http-outgoing-3 >> "Accept-Encoding: gzip,deflate[\r][\n]"
12:04:03.205 [main] DEBUG org.apache.http.wire -- http-outgoing-3 >> "[\r][\n]"
12:04:03.205 [main] DEBUG org.apache.http.wire -- http-outgoing-3 >> "{"username":"user_addr_a1f58d9f","password":"Password123@","fullname":"Test Address User","email":"user_addr_a1f58d9f@test.com"}"
12:04:03.388 [main] DEBUG org.apache.http.wire -- http-outgoing-3 << "HTTP/1.1 201 Created[\r][\n]"
12:04:03.388 [main] DEBUG org.apache.http.wire -- http-outgoing-3 << "X-Powered-By: Express[\r][\n]"
12:04:03.388 [main] DEBUG org.apache.http.wire -- http-outgoing-3 << "Access-Control-Allow-Origin: *[\r][\n]"
12:04:03.388 [main] DEBUG org.apache.http.wire -- http-outgoing-3 << "Content-Type: application/json; charset=utf-8[\r][\n]"
12:04:03.388 [main] DEBUG org.apache.http.wire -- http-outgoing-3 << "Content-Length: 66[\r][\n]"
12:04:03.388 [main] DEBUG org.apache.http.wire -- http-outgoing-3 << "ETag: W/"42-2dCjMQxNzMW2RPNMC/EUjUFO814"[\r][\n]"
12:04:03.388 [main] DEBUG org.apache.http.wire -- http-outgoing-3 << "Date: Wed, 17 Jun 2026 05:04:03 GMT[\r][\n]"
12:04:03.389 [main] DEBUG org.apache.http.wire -- http-outgoing-3 << "Connection: keep-alive[\r][\n]"
12:04:03.389 [main] DEBUG org.apache.http.wire -- http-outgoing-3 << "Keep-Alive: timeout=5[\r][\n]"
12:04:03.389 [main] DEBUG org.apache.http.wire -- http-outgoing-3 << "[\r][\n]"
12:04:03.389 [main] DEBUG org.apache.http.wire -- http-outgoing-3 << "{"success":true,"message":"[0xc4][0x90][0xc4][0x83]ng k[0xc3][0xbd] t[0xc3][0xa0]i kho[0xe1][0xba][0xa3]n th[0xc3][0xa0]nh c[0xc3][0xb4]ng!"}"
12:04:03.389 [main] DEBUG org.apache.http.headers -- http-outgoing-3 << HTTP/1.1 201 Created
12:04:03.389 [main] DEBUG org.apache.http.headers -- http-outgoing-3 << X-Powered-By: Express
12:04:03.389 [main] DEBUG org.apache.http.headers -- http-outgoing-3 << Access-Control-Allow-Origin: *
12:04:03.389 [main] DEBUG org.apache.http.headers -- http-outgoing-3 << Content-Type: application/json; charset=utf-8
12:04:03.389 [main] DEBUG org.apache.http.headers -- http-outgoing-3 << Content-Length: 66
12:04:03.389 [main] DEBUG org.apache.http.headers -- http-outgoing-3 << ETag: W/"42-2dCjMQxNzMW2RPNMC/EUjUFO814"
12:04:03.389 [main] DEBUG org.apache.http.headers -- http-outgoing-3 << Date: Wed, 17 Jun 2026 05:04:03 GMT
12:04:03.389 [main] DEBUG org.apache.http.headers -- http-outgoing-3 << Connection: keep-alive
12:04:03.389 [main] DEBUG org.apache.http.headers -- http-outgoing-3 << Keep-Alive: timeout=5
12:04:03.390 [main] DEBUG org.apache.http.impl.execchain.MainClientExec -- Connection can be kept alive for 5000 MILLISECONDS
12:04:03.390 [main] DEBUG org.apache.http.impl.conn.PoolingHttpClientConnectionManager -- Connection [id: 3][route: {}->http://localhost:3000] can be kept alive for 5.0 seconds
12:04:03.390 [main] DEBUG org.apache.http.impl.conn.DefaultManagedHttpClientConnection -- http-outgoing-3: set socket timeout to 0
12:04:03.390 [main] DEBUG org.apache.http.impl.conn.PoolingHttpClientConnectionManager -- Connection released: [id: 3][route: {}->http://localhost:3000][total available: 1; route allocated: 1 of 5; total allocated: 1 of 10]
12:04:03.390 [main] DEBUG org.apache.http.impl.conn.PoolingHttpClientConnectionManager -- Connection manager is shutting down
12:04:03.390 [main] DEBUG org.apache.http.impl.conn.DefaultManagedHttpClientConnection -- http-outgoing-3: Close connection
12:04:03.391 [main] DEBUG org.apache.http.impl.conn.PoolingHttpClientConnectionManager -- Connection manager shut down
12:04:03.391 [main] DEBUG com.intuit.karate -- response time in milliseconds: 188
1 < 201
1 < X-Powered-By: Express
1 < Access-Control-Allow-Origin: *
1 < Content-Type: application/json; charset=utf-8
1 < Content-Length: 66
1 < ETag: W/"42-2dCjMQxNzMW2RPNMC/EUjUFO814"
1 < Date: Wed, 17 Jun 2026 05:04:03 GMT
1 < Connection: keep-alive
1 < Keep-Alive: timeout=5
{"success":true,"message":"??ng ký tài kho?n thành công!"}

12:04:03.394 [main] DEBUG com.jayway.jsonpath.internal.path.CompiledPath -- Evaluating path: $
12:04:03.396 [main] DEBUG org.apache.http.client.protocol.RequestAddCookies -- CookieSpec selected: karate
12:04:03.397 [main] DEBUG org.apache.http.client.protocol.RequestAuthCache -- Auth cache not set in the context
12:04:03.397 [main] DEBUG com.intuit.karate -- request:
2 > POST http://localhost:3000/api/auth/signin
2 > Content-Type: application/json; charset=UTF-8
2 > Content-Length: 59
2 > Host: localhost:3000
2 > Connection: Keep-Alive
2 > User-Agent: Apache-HttpClient/4.5.14 (Java/17.0.18)
2 > Accept-Encoding: gzip,deflate
{"username":"user_addr_a1f58d9f","password":"Password123@"}

12:04:03.397 [main] DEBUG org.apache.http.impl.conn.PoolingHttpClientConnectionManager -- Connection request: [route: {}->http://localhost:3000][total available: 0; route allocated: 0 of 5; total allocated: 0 of 10]
12:04:03.397 [main] DEBUG org.apache.http.impl.conn.PoolingHttpClientConnectionManager -- Connection leased: [id: 4][route: {}->http://localhost:3000][total available: 0; route allocated: 1 of 5; total allocated: 1 of 10]
12:04:03.398 [main] DEBUG org.apache.http.impl.execchain.MainClientExec -- Opening connection {}->http://localhost:3000
12:04:03.398 [main] DEBUG org.apache.http.impl.conn.DefaultHttpClientConnectionOperator -- Connecting to localhost/127.0.0.1:3000
12:04:03.399 [main] DEBUG org.apache.http.impl.conn.DefaultHttpClientConnectionOperator -- Connection established 127.0.0.1:55715<->127.0.0.1:3000
12:04:03.399 [main] DEBUG org.apache.http.impl.conn.DefaultManagedHttpClientConnection -- http-outgoing-4: set socket timeout to 30000
12:04:03.399 [main] DEBUG org.apache.http.impl.execchain.MainClientExec -- Executing request POST /api/auth/signin HTTP/1.1
12:04:03.399 [main] DEBUG org.apache.http.impl.execchain.MainClientExec -- Target auth state: UNCHALLENGED
12:04:03.399 [main] DEBUG org.apache.http.impl.execchain.MainClientExec -- Proxy auth state: UNCHALLENGED
12:04:03.399 [main] DEBUG org.apache.http.headers -- http-outgoing-4 >> POST /api/auth/signin HTTP/1.1
12:04:03.399 [main] DEBUG org.apache.http.headers -- http-outgoing-4 >> Content-Type: application/json; charset=UTF-8
12:04:03.399 [main] DEBUG org.apache.http.headers -- http-outgoing-4 >> Content-Length: 59
12:04:03.399 [main] DEBUG org.apache.http.headers -- http-outgoing-4 >> Host: localhost:3000
12:04:03.399 [main] DEBUG org.apache.http.headers -- http-outgoing-4 >> Connection: Keep-Alive
12:04:03.399 [main] DEBUG org.apache.http.headers -- http-outgoing-4 >> User-Agent: Apache-HttpClient/4.5.14 (Java/17.0.18)
12:04:03.399 [main] DEBUG org.apache.http.headers -- http-outgoing-4 >> Accept-Encoding: gzip,deflate
12:04:03.400 [main] DEBUG org.apache.http.wire -- http-outgoing-4 >> "POST /api/auth/signin HTTP/1.1[\r][\n]"
12:04:03.400 [main] DEBUG org.apache.http.wire -- http-outgoing-4 >> "Content-Type: application/json; charset=UTF-8[\r][\n]"
12:04:03.400 [main] DEBUG org.apache.http.wire -- http-outgoing-4 >> "Content-Length: 59[\r][\n]"
12:04:03.400 [main] DEBUG org.apache.http.wire -- http-outgoing-4 >> "Host: localhost:3000[\r][\n]"
12:04:03.400 [main] DEBUG org.apache.http.wire -- http-outgoing-4 >> "Connection: Keep-Alive[\r][\n]"
12:04:03.400 [main] DEBUG org.apache.http.wire -- http-outgoing-4 >> "User-Agent: Apache-HttpClient/4.5.14 (Java/17.0.18)[\r][\n]"
12:04:03.400 [main] DEBUG org.apache.http.wire -- http-outgoing-4 >> "Accept-Encoding: gzip,deflate[\r][\n]"
12:04:03.400 [main] DEBUG org.apache.http.wire -- http-outgoing-4 >> "[\r][\n]"
12:04:03.400 [main] DEBUG org.apache.http.wire -- http-outgoing-4 >> "{"username":"user_addr_a1f58d9f","password":"Password123@"}"
12:04:03.581 [main] DEBUG org.apache.http.wire -- http-outgoing-4 << "HTTP/1.1 200 OK[\r][\n]"
12:04:03.582 [main] DEBUG org.apache.http.wire -- http-outgoing-4 << "X-Powered-By: Express[\r][\n]"
12:04:03.582 [main] DEBUG org.apache.http.wire -- http-outgoing-4 << "Access-Control-Allow-Origin: *[\r][\n]"
12:04:03.582 [main] DEBUG org.apache.http.wire -- http-outgoing-4 << "Content-Type: application/json; charset=utf-8[\r][\n]"
12:04:03.582 [main] DEBUG org.apache.http.wire -- http-outgoing-4 << "Content-Length: 375[\r][\n]"
12:04:03.582 [main] DEBUG org.apache.http.wire -- http-outgoing-4 << "ETag: W/"177-VQ+NEvu9QAG/YZD6tYL/PCsylHk"[\r][\n]"
12:04:03.582 [main] DEBUG org.apache.http.wire -- http-outgoing-4 << "Date: Wed, 17 Jun 2026 05:04:03 GMT[\r][\n]"
12:04:03.582 [main] DEBUG org.apache.http.wire -- http-outgoing-4 << "Connection: keep-alive[\r][\n]"
12:04:03.582 [main] DEBUG org.apache.http.wire -- http-outgoing-4 << "Keep-Alive: timeout=5[\r][\n]"
12:04:03.582 [main] DEBUG org.apache.http.wire -- http-outgoing-4 << "[\r][\n]"
12:04:03.582 [main] DEBUG org.apache.http.wire -- http-outgoing-4 << "{"success":true,"message":"[0xc4][0x90][0xc4][0x83]ng nh[0xe1][0xba][0xad]p th[0xc3][0xa0]nh c[0xc3][0xb4]ng!","user":{"id":11,"username":"user_addr_a1f58d9f","fullname":"Test Address User","role":"user","avatar":null},"token":"eyJhbGciOiJIUzI1NiIsInR5cCI6IkpXVCJ9.eyJpZCI6MTEsInVzZXJuYW1lIjoidXNlcl9hZGRyX2ExZjU4ZDlmIiwicm9sZSI6InVzZXIiLCJpYXQiOjE3ODE2NzI2NDMsImV4cCI6MTc4MjI3NzQ0M30.d0IR9HBJXwJhSZAf7q-j25Fb2EFHlAMJXizPfJshmPY"}"
12:04:03.582 [main] DEBUG org.apache.http.headers -- http-outgoing-4 << HTTP/1.1 200 OK
12:04:03.582 [main] DEBUG org.apache.http.headers -- http-outgoing-4 << X-Powered-By: Express
12:04:03.582 [main] DEBUG org.apache.http.headers -- http-outgoing-4 << Access-Control-Allow-Origin: *
12:04:03.582 [main] DEBUG org.apache.http.headers -- http-outgoing-4 << Content-Type: application/json; charset=utf-8
12:04:03.582 [main] DEBUG org.apache.http.headers -- http-outgoing-4 << Content-Length: 375
12:04:03.582 [main] DEBUG org.apache.http.headers -- http-outgoing-4 << ETag: W/"177-VQ+NEvu9QAG/YZD6tYL/PCsylHk"
12:04:03.582 [main] DEBUG org.apache.http.headers -- http-outgoing-4 << Date: Wed, 17 Jun 2026 05:04:03 GMT
12:04:03.582 [main] DEBUG org.apache.http.headers -- http-outgoing-4 << Connection: keep-alive
12:04:03.582 [main] DEBUG org.apache.http.headers -- http-outgoing-4 << Keep-Alive: timeout=5
12:04:03.583 [main] DEBUG org.apache.http.impl.execchain.MainClientExec -- Connection can be kept alive for 5000 MILLISECONDS
12:04:03.583 [main] DEBUG org.apache.http.impl.conn.PoolingHttpClientConnectionManager -- Connection [id: 4][route: {}->http://localhost:3000] can be kept alive for 5.0 seconds
12:04:03.583 [main] DEBUG org.apache.http.impl.conn.DefaultManagedHttpClientConnection -- http-outgoing-4: set socket timeout to 0
12:04:03.583 [main] DEBUG org.apache.http.impl.conn.PoolingHttpClientConnectionManager -- Connection released: [id: 4][route: {}->http://localhost:3000][total available: 1; route allocated: 1 of 5; total allocated: 1 of 10]
12:04:03.583 [main] DEBUG org.apache.http.impl.conn.PoolingHttpClientConnectionManager -- Connection manager is shutting down
12:04:03.583 [main] DEBUG org.apache.http.impl.conn.DefaultManagedHttpClientConnection -- http-outgoing-4: Close connection
12:04:03.583 [main] DEBUG org.apache.http.impl.conn.PoolingHttpClientConnectionManager -- Connection manager shut down
12:04:03.583 [main] DEBUG com.intuit.karate -- response time in milliseconds: 186
2 < 200
2 < X-Powered-By: Express
2 < Access-Control-Allow-Origin: *
2 < Content-Type: application/json; charset=utf-8
2 < Content-Length: 375
2 < ETag: W/"177-VQ+NEvu9QAG/YZD6tYL/PCsylHk"
2 < Date: Wed, 17 Jun 2026 05:04:03 GMT
2 < Connection: keep-alive
2 < Keep-Alive: timeout=5
{"success":true,"message":"??ng nh?p thành công!","user":{"id":11,"username":"user_addr_a1f58d9f","fullname":"Test Address User","role":"user","avatar":null},"token":"eyJhbGciOiJIUzI1NiIsInR5cCI6IkpXVCJ9.eyJpZCI6MTEsInVzZXJuYW1lIjoidXNlcl9hZGRyX2ExZjU4ZDlmIiwicm9sZSI6InVzZXIiLCJpYXQiOjE3ODE2NzI2NDMsImV4cCI6MTc4MjI3NzQ0M30.d0IR9HBJXwJhSZAf7q-j25Fb2EFHlAMJXizPfJshmPY"}

12:04:03.586 [main] DEBUG com.jayway.jsonpath.internal.path.CompiledPath -- Evaluating path: $
12:04:03.587 [main] DEBUG org.apache.http.client.protocol.RequestAddCookies -- CookieSpec selected: karate
12:04:03.587 [main] DEBUG org.apache.http.client.protocol.RequestAuthCache -- Auth cache not set in the context
12:04:03.587 [main] DEBUG com.intuit.karate -- request:
3 > POST http://localhost:3000/api/address
3 > Authorization: Bearer eyJhbGciOiJIUzI1NiIsInR5cCI6IkpXVCJ9.eyJpZCI6MTEsInVzZXJuYW1lIjoidXNlcl9hZGRyX2ExZjU4ZDlmIiwicm9sZSI6InVzZXIiLCJpYXQiOjE3ODE2NzI2NDMsImV4cCI6MTc4MjI3NzQ0M30.d0IR9HBJXwJhSZAf7q-j25Fb2EFHlAMJXizPfJshmPY
3 > Content-Type: application/json; charset=UTF-8
3 > Content-Length: 168
3 > Host: localhost:3000
3 > Connection: Keep-Alive
3 > User-Agent: Apache-HttpClient/4.5.14 (Java/17.0.18)
3 > Accept-Encoding: gzip,deflate
{"tennguoinhan":"Nguyen Van B","sodienthoai":"0987654321","diachichitiet":"456 Nguyen Trai","phuong":"Thanh Xuan Trung","quan":"Thanh Xuan","tinh":"Ha Noi","macdinh":1}

12:04:03.587 [main] DEBUG org.apache.http.impl.conn.PoolingHttpClientConnectionManager -- Connection request: [route: {}->http://localhost:3000][total available: 0; route allocated: 0 of 5; total allocated: 0 of 10]
12:04:03.588 [main] DEBUG org.apache.http.impl.conn.PoolingHttpClientConnectionManager -- Connection leased: [id: 5][route: {}->http://localhost:3000][total available: 0; route allocated: 1 of 5; total allocated: 1 of 10]
12:04:03.588 [main] DEBUG org.apache.http.impl.execchain.MainClientExec -- Opening connection {}->http://localhost:3000
12:04:03.588 [main] DEBUG org.apache.http.impl.conn.DefaultHttpClientConnectionOperator -- Connecting to localhost/127.0.0.1:3000
12:04:03.588 [main] DEBUG org.apache.http.impl.conn.DefaultHttpClientConnectionOperator -- Connection established 127.0.0.1:55717<->127.0.0.1:3000
12:04:03.588 [main] DEBUG org.apache.http.impl.conn.DefaultManagedHttpClientConnection -- http-outgoing-5: set socket timeout to 30000
12:04:03.588 [main] DEBUG org.apache.http.impl.execchain.MainClientExec -- Executing request POST /api/address HTTP/1.1
12:04:03.588 [main] DEBUG org.apache.http.impl.execchain.MainClientExec -- Proxy auth state: UNCHALLENGED
12:04:03.589 [main] DEBUG org.apache.http.headers -- http-outgoing-5 >> POST /api/address HTTP/1.1
12:04:03.589 [main] DEBUG org.apache.http.headers -- http-outgoing-5 >> Authorization: Bearer eyJhbGciOiJIUzI1NiIsInR5cCI6IkpXVCJ9.eyJpZCI6MTEsInVzZXJuYW1lIjoidXNlcl9hZGRyX2ExZjU4ZDlmIiwicm9sZSI6InVzZXIiLCJpYXQiOjE3ODE2NzI2NDMsImV4cCI6MTc4MjI3NzQ0M30.d0IR9HBJXwJhSZAf7q-j25Fb2EFHlAMJXizPfJshmPY
12:04:03.589 [main] DEBUG org.apache.http.headers -- http-outgoing-5 >> Content-Type: application/json; charset=UTF-8
12:04:03.589 [main] DEBUG org.apache.http.headers -- http-outgoing-5 >> Content-Length: 168
12:04:03.589 [main] DEBUG org.apache.http.headers -- http-outgoing-5 >> Host: localhost:3000
12:04:03.589 [main] DEBUG org.apache.http.headers -- http-outgoing-5 >> Connection: Keep-Alive
12:04:03.589 [main] DEBUG org.apache.http.headers -- http-outgoing-5 >> User-Agent: Apache-HttpClient/4.5.14 (Java/17.0.18)
12:04:03.589 [main] DEBUG org.apache.http.headers -- http-outgoing-5 >> Accept-Encoding: gzip,deflate
12:04:03.589 [main] DEBUG org.apache.http.wire -- http-outgoing-5 >> "POST /api/address HTTP/1.1[\r][\n]"
12:04:03.589 [main] DEBUG org.apache.http.wire -- http-outgoing-5 >> "Authorization: Bearer eyJhbGciOiJIUzI1NiIsInR5cCI6IkpXVCJ9.eyJpZCI6MTEsInVzZXJuYW1lIjoidXNlcl9hZGRyX2ExZjU4ZDlmIiwicm9sZSI6InVzZXIiLCJpYXQiOjE3ODE2NzI2NDMsImV4cCI6MTc4MjI3NzQ0M30.d0IR9HBJXwJhSZAf7q-j25Fb2EFHlAMJXizPfJshmPY[\r][\n]"
12:04:03.589 [main] DEBUG org.apache.http.wire -- http-outgoing-5 >> "Content-Type: application/json; charset=UTF-8[\r][\n]"
12:04:03.589 [main] DEBUG org.apache.http.wire -- http-outgoing-5 >> "Content-Length: 168[\r][\n]"
12:04:03.589 [main] DEBUG org.apache.http.wire -- http-outgoing-5 >> "Host: localhost:3000[\r][\n]"
12:04:03.589 [main] DEBUG org.apache.http.wire -- http-outgoing-5 >> "Connection: Keep-Alive[\r][\n]"
12:04:03.589 [main] DEBUG org.apache.http.wire -- http-outgoing-5 >> "User-Agent: Apache-HttpClient/4.5.14 (Java/17.0.18)[\r][\n]"
12:04:03.589 [main] DEBUG org.apache.http.wire -- http-outgoing-5 >> "Accept-Encoding: gzip,deflate[\r][\n]"
12:04:03.589 [main] DEBUG org.apache.http.wire -- http-outgoing-5 >> "[\r][\n]"
12:04:03.589 [main] DEBUG org.apache.http.wire -- http-outgoing-5 >> "{"tennguoinhan":"Nguyen Van B","sodienthoai":"0987654321","diachichitiet":"456 Nguyen Trai","phuong":"Thanh Xuan Trung","quan":"Thanh Xuan","tinh":"Ha Noi","macdinh":1}"
12:04:03.612 [main] DEBUG org.apache.http.wire -- http-outgoing-5 << "HTTP/1.1 201 Created[\r][\n]"
12:04:03.612 [main] DEBUG org.apache.http.wire -- http-outgoing-5 << "X-Powered-By: Express[\r][\n]"
12:04:03.612 [main] DEBUG org.apache.http.wire -- http-outgoing-5 << "Access-Control-Allow-Origin: *[\r][\n]"
12:04:03.612 [main] DEBUG org.apache.http.wire -- http-outgoing-5 << "Content-Type: application/json; charset=utf-8[\r][\n]"
12:04:03.612 [main] DEBUG org.apache.http.wire -- http-outgoing-5 << "Content-Length: 60[\r][\n]"
12:04:03.612 [main] DEBUG org.apache.http.wire -- http-outgoing-5 << "ETag: W/"3c-4qn6/NWc5TMl8Xk4fidP9e8hXyg"[\r][\n]"
12:04:03.612 [main] DEBUG org.apache.http.wire -- http-outgoing-5 << "Date: Wed, 17 Jun 2026 05:04:03 GMT[\r][\n]"
12:04:03.612 [main] DEBUG org.apache.http.wire -- http-outgoing-5 << "Connection: keep-alive[\r][\n]"
12:04:03.612 [main] DEBUG org.apache.http.wire -- http-outgoing-5 << "Keep-Alive: timeout=5[\r][\n]"
12:04:03.612 [main] DEBUG org.apache.http.wire -- http-outgoing-5 << "[\r][\n]"
12:04:03.613 [main] DEBUG org.apache.http.wire -- http-outgoing-5 << "{"success":true,"message":"Th[0xc3][0xaa]m [0xc4][0x91][0xe1][0xbb][0x8b]a ch[0xe1][0xbb][0x89] th[0xc3][0xa0]nh c[0xc3][0xb4]ng"}"
12:04:03.613 [main] DEBUG org.apache.http.headers -- http-outgoing-5 << HTTP/1.1 201 Created
12:04:03.613 [main] DEBUG org.apache.http.headers -- http-outgoing-5 << X-Powered-By: Express
12:04:03.613 [main] DEBUG org.apache.http.headers -- http-outgoing-5 << Access-Control-Allow-Origin: *
12:04:03.613 [main] DEBUG org.apache.http.headers -- http-outgoing-5 << Content-Type: application/json; charset=utf-8
12:04:03.613 [main] DEBUG org.apache.http.headers -- http-outgoing-5 << Content-Length: 60
12:04:03.613 [main] DEBUG org.apache.http.headers -- http-outgoing-5 << ETag: W/"3c-4qn6/NWc5TMl8Xk4fidP9e8hXyg"
12:04:03.613 [main] DEBUG org.apache.http.headers -- http-outgoing-5 << Date: Wed, 17 Jun 2026 05:04:03 GMT
12:04:03.613 [main] DEBUG org.apache.http.headers -- http-outgoing-5 << Connection: keep-alive
12:04:03.613 [main] DEBUG org.apache.http.headers -- http-outgoing-5 << Keep-Alive: timeout=5
12:04:03.613 [main] DEBUG org.apache.http.impl.execchain.MainClientExec -- Connection can be kept alive for 5000 MILLISECONDS
12:04:03.613 [main] DEBUG org.apache.http.impl.conn.PoolingHttpClientConnectionManager -- Connection [id: 5][route: {}->http://localhost:3000] can be kept alive for 5.0 seconds
12:04:03.613 [main] DEBUG org.apache.http.impl.conn.DefaultManagedHttpClientConnection -- http-outgoing-5: set socket timeout to 0
12:04:03.613 [main] DEBUG org.apache.http.impl.conn.PoolingHttpClientConnectionManager -- Connection released: [id: 5][route: {}->http://localhost:3000][total available: 1; route allocated: 1 of 5; total allocated: 1 of 10]
12:04:03.613 [main] DEBUG org.apache.http.impl.conn.PoolingHttpClientConnectionManager -- Connection manager is shutting down
12:04:03.613 [main] DEBUG org.apache.http.impl.conn.DefaultManagedHttpClientConnection -- http-outgoing-5: Close connection
12:04:03.614 [main] DEBUG org.apache.http.impl.conn.PoolingHttpClientConnectionManager -- Connection manager shut down
12:04:03.614 [main] DEBUG com.intuit.karate -- response time in milliseconds: 26
3 < 201
3 < X-Powered-By: Express
3 < Access-Control-Allow-Origin: *
3 < Content-Type: application/json; charset=utf-8
3 < Content-Length: 60
3 < ETag: W/"3c-4qn6/NWc5TMl8Xk4fidP9e8hXyg"
3 < Date: Wed, 17 Jun 2026 05:04:03 GMT
3 < Connection: keep-alive
3 < Keep-Alive: timeout=5
{"success":true,"message":"Thêm ??a ch? thành công"}

12:04:03.616 [main] DEBUG com.jayway.jsonpath.internal.path.CompiledPath -- Evaluating path: $['success']
12:04:03.617 [main] DEBUG com.jayway.jsonpath.internal.path.CompiledPath -- Evaluating path: $['message']
]]></system-out>
  </testcase>
  <testcase name="[1.3:48] TC03 - Thêm địa chỉ thất bại do số điện thoại không hợp lệ" classname="adress" time="0.422">
    <system-out><![CDATA[12:04:03.634 [main] DEBUG com.jayway.jsonpath.internal.path.CompiledPath -- Evaluating path: $
12:04:03.636 [main] DEBUG org.apache.http.client.protocol.RequestAddCookies -- CookieSpec selected: karate
12:04:03.636 [main] DEBUG org.apache.http.client.protocol.RequestAuthCache -- Auth cache not set in the context
12:04:03.636 [main] DEBUG com.intuit.karate -- request:
1 > POST http://localhost:3000/api/auth/signup
1 > Content-Type: application/json; charset=UTF-8
1 > Content-Length: 128
1 > Host: localhost:3000
1 > Connection: Keep-Alive
1 > User-Agent: Apache-HttpClient/4.5.14 (Java/17.0.18)
1 > Accept-Encoding: gzip,deflate
{"username":"user_addr_e761c0a4","password":"Password123@","fullname":"Test Address User","email":"user_addr_e761c0a4@test.com"}

12:04:03.636 [main] DEBUG org.apache.http.impl.conn.PoolingHttpClientConnectionManager -- Connection request: [route: {}->http://localhost:3000][total available: 0; route allocated: 0 of 5; total allocated: 0 of 10]
12:04:03.636 [main] DEBUG org.apache.http.impl.conn.PoolingHttpClientConnectionManager -- Connection leased: [id: 6][route: {}->http://localhost:3000][total available: 0; route allocated: 1 of 5; total allocated: 1 of 10]
12:04:03.636 [main] DEBUG org.apache.http.impl.execchain.MainClientExec -- Opening connection {}->http://localhost:3000
12:04:03.636 [main] DEBUG org.apache.http.impl.conn.DefaultHttpClientConnectionOperator -- Connecting to localhost/127.0.0.1:3000
12:04:03.637 [main] DEBUG org.apache.http.impl.conn.DefaultHttpClientConnectionOperator -- Connection established 127.0.0.1:55718<->127.0.0.1:3000
12:04:03.637 [main] DEBUG org.apache.http.impl.conn.DefaultManagedHttpClientConnection -- http-outgoing-6: set socket timeout to 30000
12:04:03.637 [main] DEBUG org.apache.http.impl.execchain.MainClientExec -- Executing request POST /api/auth/signup HTTP/1.1
12:04:03.637 [main] DEBUG org.apache.http.impl.execchain.MainClientExec -- Target auth state: UNCHALLENGED
12:04:03.637 [main] DEBUG org.apache.http.impl.execchain.MainClientExec -- Proxy auth state: UNCHALLENGED
12:04:03.637 [main] DEBUG org.apache.http.headers -- http-outgoing-6 >> POST /api/auth/signup HTTP/1.1
12:04:03.637 [main] DEBUG org.apache.http.headers -- http-outgoing-6 >> Content-Type: application/json; charset=UTF-8
12:04:03.637 [main] DEBUG org.apache.http.headers -- http-outgoing-6 >> Content-Length: 128
12:04:03.637 [main] DEBUG org.apache.http.headers -- http-outgoing-6 >> Host: localhost:3000
12:04:03.637 [main] DEBUG org.apache.http.headers -- http-outgoing-6 >> Connection: Keep-Alive
12:04:03.637 [main] DEBUG org.apache.http.headers -- http-outgoing-6 >> User-Agent: Apache-HttpClient/4.5.14 (Java/17.0.18)
12:04:03.637 [main] DEBUG org.apache.http.headers -- http-outgoing-6 >> Accept-Encoding: gzip,deflate
12:04:03.637 [main] DEBUG org.apache.http.wire -- http-outgoing-6 >> "POST /api/auth/signup HTTP/1.1[\r][\n]"
12:04:03.638 [main] DEBUG org.apache.http.wire -- http-outgoing-6 >> "Content-Type: application/json; charset=UTF-8[\r][\n]"
12:04:03.638 [main] DEBUG org.apache.http.wire -- http-outgoing-6 >> "Content-Length: 128[\r][\n]"
12:04:03.638 [main] DEBUG org.apache.http.wire -- http-outgoing-6 >> "Host: localhost:3000[\r][\n]"
12:04:03.638 [main] DEBUG org.apache.http.wire -- http-outgoing-6 >> "Connection: Keep-Alive[\r][\n]"
12:04:03.638 [main] DEBUG org.apache.http.wire -- http-outgoing-6 >> "User-Agent: Apache-HttpClient/4.5.14 (Java/17.0.18)[\r][\n]"
12:04:03.638 [main] DEBUG org.apache.http.wire -- http-outgoing-6 >> "Accept-Encoding: gzip,deflate[\r][\n]"
12:04:03.638 [main] DEBUG org.apache.http.wire -- http-outgoing-6 >> "[\r][\n]"
12:04:03.638 [main] DEBUG org.apache.http.wire -- http-outgoing-6 >> "{"username":"user_addr_e761c0a4","password":"Password123@","fullname":"Test Address User","email":"user_addr_e761c0a4@test.com"}"
12:04:03.826 [main] DEBUG org.apache.http.wire -- http-outgoing-6 << "HTTP/1.1 201 Created[\r][\n]"
12:04:03.826 [main] DEBUG org.apache.http.wire -- http-outgoing-6 << "X-Powered-By: Express[\r][\n]"
12:04:03.826 [main] DEBUG org.apache.http.wire -- http-outgoing-6 << "Access-Control-Allow-Origin: *[\r][\n]"
12:04:03.826 [main] DEBUG org.apache.http.wire -- http-outgoing-6 << "Content-Type: application/json; charset=utf-8[\r][\n]"
12:04:03.826 [main] DEBUG org.apache.http.wire -- http-outgoing-6 << "Content-Length: 66[\r][\n]"
12:04:03.826 [main] DEBUG org.apache.http.wire -- http-outgoing-6 << "ETag: W/"42-2dCjMQxNzMW2RPNMC/EUjUFO814"[\r][\n]"
12:04:03.826 [main] DEBUG org.apache.http.wire -- http-outgoing-6 << "Date: Wed, 17 Jun 2026 05:04:03 GMT[\r][\n]"
12:04:03.826 [main] DEBUG org.apache.http.wire -- http-outgoing-6 << "Connection: keep-alive[\r][\n]"
12:04:03.826 [main] DEBUG org.apache.http.wire -- http-outgoing-6 << "Keep-Alive: timeout=5[\r][\n]"
12:04:03.826 [main] DEBUG org.apache.http.wire -- http-outgoing-6 << "[\r][\n]"
12:04:03.826 [main] DEBUG org.apache.http.wire -- http-outgoing-6 << "{"success":true,"message":"[0xc4][0x90][0xc4][0x83]ng k[0xc3][0xbd] t[0xc3][0xa0]i kho[0xe1][0xba][0xa3]n th[0xc3][0xa0]nh c[0xc3][0xb4]ng!"}"
12:04:03.826 [main] DEBUG org.apache.http.headers -- http-outgoing-6 << HTTP/1.1 201 Created
12:04:03.827 [main] DEBUG org.apache.http.headers -- http-outgoing-6 << X-Powered-By: Express
12:04:03.827 [main] DEBUG org.apache.http.headers -- http-outgoing-6 << Access-Control-Allow-Origin: *
12:04:03.827 [main] DEBUG org.apache.http.headers -- http-outgoing-6 << Content-Type: application/json; charset=utf-8
12:04:03.827 [main] DEBUG org.apache.http.headers -- http-outgoing-6 << Content-Length: 66
12:04:03.827 [main] DEBUG org.apache.http.headers -- http-outgoing-6 << ETag: W/"42-2dCjMQxNzMW2RPNMC/EUjUFO814"
12:04:03.827 [main] DEBUG org.apache.http.headers -- http-outgoing-6 << Date: Wed, 17 Jun 2026 05:04:03 GMT
12:04:03.827 [main] DEBUG org.apache.http.headers -- http-outgoing-6 << Connection: keep-alive
12:04:03.827 [main] DEBUG org.apache.http.headers -- http-outgoing-6 << Keep-Alive: timeout=5
12:04:03.827 [main] DEBUG org.apache.http.impl.execchain.MainClientExec -- Connection can be kept alive for 5000 MILLISECONDS
12:04:03.827 [main] DEBUG org.apache.http.impl.conn.PoolingHttpClientConnectionManager -- Connection [id: 6][route: {}->http://localhost:3000] can be kept alive for 5.0 seconds
12:04:03.827 [main] DEBUG org.apache.http.impl.conn.DefaultManagedHttpClientConnection -- http-outgoing-6: set socket timeout to 0
12:04:03.827 [main] DEBUG org.apache.http.impl.conn.PoolingHttpClientConnectionManager -- Connection released: [id: 6][route: {}->http://localhost:3000][total available: 1; route allocated: 1 of 5; total allocated: 1 of 10]
12:04:03.827 [main] DEBUG org.apache.http.impl.conn.PoolingHttpClientConnectionManager -- Connection manager is shutting down
12:04:03.827 [main] DEBUG org.apache.http.impl.conn.DefaultManagedHttpClientConnection -- http-outgoing-6: Close connection
12:04:03.828 [main] DEBUG org.apache.http.impl.conn.PoolingHttpClientConnectionManager -- Connection manager shut down
12:04:03.828 [main] DEBUG com.intuit.karate -- response time in milliseconds: 191
1 < 201
1 < X-Powered-By: Express
1 < Access-Control-Allow-Origin: *
1 < Content-Type: application/json; charset=utf-8
1 < Content-Length: 66
1 < ETag: W/"42-2dCjMQxNzMW2RPNMC/EUjUFO814"
1 < Date: Wed, 17 Jun 2026 05:04:03 GMT
1 < Connection: keep-alive
1 < Keep-Alive: timeout=5
{"success":true,"message":"??ng ký tài kho?n thành công!"}

12:04:03.830 [main] DEBUG com.jayway.jsonpath.internal.path.CompiledPath -- Evaluating path: $
12:04:03.831 [main] DEBUG org.apache.http.client.protocol.RequestAddCookies -- CookieSpec selected: karate
12:04:03.832 [main] DEBUG org.apache.http.client.protocol.RequestAuthCache -- Auth cache not set in the context
12:04:03.833 [main] DEBUG com.intuit.karate -- request:
2 > POST http://localhost:3000/api/auth/signin
2 > Content-Type: application/json; charset=UTF-8
2 > Content-Length: 59
2 > Host: localhost:3000
2 > Connection: Keep-Alive
2 > User-Agent: Apache-HttpClient/4.5.14 (Java/17.0.18)
2 > Accept-Encoding: gzip,deflate
{"username":"user_addr_e761c0a4","password":"Password123@"}

12:04:03.833 [main] DEBUG org.apache.http.impl.conn.PoolingHttpClientConnectionManager -- Connection request: [route: {}->http://localhost:3000][total available: 0; route allocated: 0 of 5; total allocated: 0 of 10]
12:04:03.833 [main] DEBUG org.apache.http.impl.conn.PoolingHttpClientConnectionManager -- Connection leased: [id: 7][route: {}->http://localhost:3000][total available: 0; route allocated: 1 of 5; total allocated: 1 of 10]
12:04:03.833 [main] DEBUG org.apache.http.impl.execchain.MainClientExec -- Opening connection {}->http://localhost:3000
12:04:03.834 [main] DEBUG org.apache.http.impl.conn.DefaultHttpClientConnectionOperator -- Connecting to localhost/127.0.0.1:3000
12:04:03.834 [main] DEBUG org.apache.http.impl.conn.DefaultHttpClientConnectionOperator -- Connection established 127.0.0.1:55720<->127.0.0.1:3000
12:04:03.834 [main] DEBUG org.apache.http.impl.conn.DefaultManagedHttpClientConnection -- http-outgoing-7: set socket timeout to 30000
12:04:03.835 [main] DEBUG org.apache.http.impl.execchain.MainClientExec -- Executing request POST /api/auth/signin HTTP/1.1
12:04:03.835 [main] DEBUG org.apache.http.impl.execchain.MainClientExec -- Target auth state: UNCHALLENGED
12:04:03.835 [main] DEBUG org.apache.http.impl.execchain.MainClientExec -- Proxy auth state: UNCHALLENGED
12:04:03.835 [main] DEBUG org.apache.http.headers -- http-outgoing-7 >> POST /api/auth/signin HTTP/1.1
12:04:03.835 [main] DEBUG org.apache.http.headers -- http-outgoing-7 >> Content-Type: application/json; charset=UTF-8
12:04:03.835 [main] DEBUG org.apache.http.headers -- http-outgoing-7 >> Content-Length: 59
12:04:03.835 [main] DEBUG org.apache.http.headers -- http-outgoing-7 >> Host: localhost:3000
12:04:03.835 [main] DEBUG org.apache.http.headers -- http-outgoing-7 >> Connection: Keep-Alive
12:04:03.835 [main] DEBUG org.apache.http.headers -- http-outgoing-7 >> User-Agent: Apache-HttpClient/4.5.14 (Java/17.0.18)
12:04:03.835 [main] DEBUG org.apache.http.headers -- http-outgoing-7 >> Accept-Encoding: gzip,deflate
12:04:03.835 [main] DEBUG org.apache.http.wire -- http-outgoing-7 >> "POST /api/auth/signin HTTP/1.1[\r][\n]"
12:04:03.835 [main] DEBUG org.apache.http.wire -- http-outgoing-7 >> "Content-Type: application/json; charset=UTF-8[\r][\n]"
12:04:03.835 [main] DEBUG org.apache.http.wire -- http-outgoing-7 >> "Content-Length: 59[\r][\n]"
12:04:03.835 [main] DEBUG org.apache.http.wire -- http-outgoing-7 >> "Host: localhost:3000[\r][\n]"
12:04:03.835 [main] DEBUG org.apache.http.wire -- http-outgoing-7 >> "Connection: Keep-Alive[\r][\n]"
12:04:03.835 [main] DEBUG org.apache.http.wire -- http-outgoing-7 >> "User-Agent: Apache-HttpClient/4.5.14 (Java/17.0.18)[\r][\n]"
12:04:03.835 [main] DEBUG org.apache.http.wire -- http-outgoing-7 >> "Accept-Encoding: gzip,deflate[\r][\n]"
12:04:03.835 [main] DEBUG org.apache.http.wire -- http-outgoing-7 >> "[\r][\n]"
12:04:03.835 [main] DEBUG org.apache.http.wire -- http-outgoing-7 >> "{"username":"user_addr_e761c0a4","password":"Password123@"}"
12:04:04.019 [main] DEBUG org.apache.http.wire -- http-outgoing-7 << "HTTP/1.1 200 OK[\r][\n]"
12:04:04.020 [main] DEBUG org.apache.http.wire -- http-outgoing-7 << "X-Powered-By: Express[\r][\n]"
12:04:04.020 [main] DEBUG org.apache.http.wire -- http-outgoing-7 << "Access-Control-Allow-Origin: *[\r][\n]"
12:04:04.020 [main] DEBUG org.apache.http.wire -- http-outgoing-7 << "Content-Type: application/json; charset=utf-8[\r][\n]"
12:04:04.020 [main] DEBUG org.apache.http.wire -- http-outgoing-7 << "Content-Length: 375[\r][\n]"
12:04:04.020 [main] DEBUG org.apache.http.wire -- http-outgoing-7 << "ETag: W/"177-V7Qlx7RvFjGoNK0UuTgnUF4+LSQ"[\r][\n]"
12:04:04.020 [main] DEBUG org.apache.http.wire -- http-outgoing-7 << "Date: Wed, 17 Jun 2026 05:04:04 GMT[\r][\n]"
12:04:04.020 [main] DEBUG org.apache.http.wire -- http-outgoing-7 << "Connection: keep-alive[\r][\n]"
12:04:04.020 [main] DEBUG org.apache.http.wire -- http-outgoing-7 << "Keep-Alive: timeout=5[\r][\n]"
12:04:04.020 [main] DEBUG org.apache.http.wire -- http-outgoing-7 << "[\r][\n]"
12:04:04.020 [main] DEBUG org.apache.http.wire -- http-outgoing-7 << "{"success":true,"message":"[0xc4][0x90][0xc4][0x83]ng nh[0xe1][0xba][0xad]p th[0xc3][0xa0]nh c[0xc3][0xb4]ng!","user":{"id":12,"username":"user_addr_e761c0a4","fullname":"Test Address User","role":"user","avatar":null},"token":"eyJhbGciOiJIUzI1NiIsInR5cCI6IkpXVCJ9.eyJpZCI6MTIsInVzZXJuYW1lIjoidXNlcl9hZGRyX2U3NjFjMGE0Iiwicm9sZSI6InVzZXIiLCJpYXQiOjE3ODE2NzI2NDQsImV4cCI6MTc4MjI3NzQ0NH0.hqQdlFOV0sGUhBP79L_6JHBuA1Rw01c4xQ4As4EM9OI"}"
12:04:04.020 [main] DEBUG org.apache.http.headers -- http-outgoing-7 << HTTP/1.1 200 OK
12:04:04.020 [main] DEBUG org.apache.http.headers -- http-outgoing-7 << X-Powered-By: Express
12:04:04.020 [main] DEBUG org.apache.http.headers -- http-outgoing-7 << Access-Control-Allow-Origin: *
12:04:04.020 [main] DEBUG org.apache.http.headers -- http-outgoing-7 << Content-Type: application/json; charset=utf-8
12:04:04.020 [main] DEBUG org.apache.http.headers -- http-outgoing-7 << Content-Length: 375
12:04:04.020 [main] DEBUG org.apache.http.headers -- http-outgoing-7 << ETag: W/"177-V7Qlx7RvFjGoNK0UuTgnUF4+LSQ"
12:04:04.020 [main] DEBUG org.apache.http.headers -- http-outgoing-7 << Date: Wed, 17 Jun 2026 05:04:04 GMT
12:04:04.020 [main] DEBUG org.apache.http.headers -- http-outgoing-7 << Connection: keep-alive
12:04:04.020 [main] DEBUG org.apache.http.headers -- http-outgoing-7 << Keep-Alive: timeout=5
12:04:04.020 [main] DEBUG org.apache.http.impl.execchain.MainClientExec -- Connection can be kept alive for 5000 MILLISECONDS
12:04:04.020 [main] DEBUG org.apache.http.impl.conn.PoolingHttpClientConnectionManager -- Connection [id: 7][route: {}->http://localhost:3000] can be kept alive for 5.0 seconds
12:04:04.020 [main] DEBUG org.apache.http.impl.conn.DefaultManagedHttpClientConnection -- http-outgoing-7: set socket timeout to 0
12:04:04.020 [main] DEBUG org.apache.http.impl.conn.PoolingHttpClientConnectionManager -- Connection released: [id: 7][route: {}->http://localhost:3000][total available: 1; route allocated: 1 of 5; total allocated: 1 of 10]
12:04:04.020 [main] DEBUG org.apache.http.impl.conn.PoolingHttpClientConnectionManager -- Connection manager is shutting down
12:04:04.021 [main] DEBUG org.apache.http.impl.conn.DefaultManagedHttpClientConnection -- http-outgoing-7: Close connection
12:04:04.021 [main] DEBUG org.apache.http.impl.conn.PoolingHttpClientConnectionManager -- Connection manager shut down
12:04:04.021 [main] DEBUG com.intuit.karate -- response time in milliseconds: 187
2 < 200
2 < X-Powered-By: Express
2 < Access-Control-Allow-Origin: *
2 < Content-Type: application/json; charset=utf-8
2 < Content-Length: 375
2 < ETag: W/"177-V7Qlx7RvFjGoNK0UuTgnUF4+LSQ"
2 < Date: Wed, 17 Jun 2026 05:04:04 GMT
2 < Connection: keep-alive
2 < Keep-Alive: timeout=5
{"success":true,"message":"??ng nh?p thành công!","user":{"id":12,"username":"user_addr_e761c0a4","fullname":"Test Address User","role":"user","avatar":null},"token":"eyJhbGciOiJIUzI1NiIsInR5cCI6IkpXVCJ9.eyJpZCI6MTIsInVzZXJuYW1lIjoidXNlcl9hZGRyX2U3NjFjMGE0Iiwicm9sZSI6InVzZXIiLCJpYXQiOjE3ODE2NzI2NDQsImV4cCI6MTc4MjI3NzQ0NH0.hqQdlFOV0sGUhBP79L_6JHBuA1Rw01c4xQ4As4EM9OI"}

12:04:04.026 [main] DEBUG com.jayway.jsonpath.internal.path.CompiledPath -- Evaluating path: $
12:04:04.028 [main] DEBUG org.apache.http.client.protocol.RequestAddCookies -- CookieSpec selected: karate
12:04:04.029 [main] DEBUG org.apache.http.client.protocol.RequestAuthCache -- Auth cache not set in the context
12:04:04.029 [main] DEBUG com.intuit.karate -- request:
3 > POST http://localhost:3000/api/address
3 > Authorization: Bearer eyJhbGciOiJIUzI1NiIsInR5cCI6IkpXVCJ9.eyJpZCI6MTIsInVzZXJuYW1lIjoidXNlcl9hZGRyX2U3NjFjMGE0Iiwicm9sZSI6InVzZXIiLCJpYXQiOjE3ODE2NzI2NDQsImV4cCI6MTc4MjI3NzQ0NH0.hqQdlFOV0sGUhBP79L_6JHBuA1Rw01c4xQ4As4EM9OI
3 > Content-Type: application/json; charset=UTF-8
3 > Content-Length: 144
3 > Host: localhost:3000
3 > Connection: Keep-Alive
3 > User-Agent: Apache-HttpClient/4.5.14 (Java/17.0.18)
3 > Accept-Encoding: gzip,deflate
{"tennguoinhan":"Nguyen Van A","sodienthoai":"12345","diachichitiet":"123 Lang","phuong":"Lang Ha","quan":"Dong Da","tinh":"Ha Noi","macdinh":0}

12:04:04.029 [main] DEBUG org.apache.http.impl.conn.PoolingHttpClientConnectionManager -- Connection request: [route: {}->http://localhost:3000][total available: 0; route allocated: 0 of 5; total allocated: 0 of 10]
12:04:04.029 [main] DEBUG org.apache.http.impl.conn.PoolingHttpClientConnectionManager -- Connection leased: [id: 8][route: {}->http://localhost:3000][total available: 0; route allocated: 1 of 5; total allocated: 1 of 10]
12:04:04.029 [main] DEBUG org.apache.http.impl.execchain.MainClientExec -- Opening connection {}->http://localhost:3000
12:04:04.030 [main] DEBUG org.apache.http.impl.conn.DefaultHttpClientConnectionOperator -- Connecting to localhost/127.0.0.1:3000
12:04:04.030 [main] DEBUG org.apache.http.impl.conn.DefaultHttpClientConnectionOperator -- Connection established 127.0.0.1:55721<->127.0.0.1:3000
12:04:04.030 [main] DEBUG org.apache.http.impl.conn.DefaultManagedHttpClientConnection -- http-outgoing-8: set socket timeout to 30000
12:04:04.030 [main] DEBUG org.apache.http.impl.execchain.MainClientExec -- Executing request POST /api/address HTTP/1.1
12:04:04.030 [main] DEBUG org.apache.http.impl.execchain.MainClientExec -- Proxy auth state: UNCHALLENGED
12:04:04.030 [main] DEBUG org.apache.http.headers -- http-outgoing-8 >> POST /api/address HTTP/1.1
12:04:04.031 [main] DEBUG org.apache.http.headers -- http-outgoing-8 >> Authorization: Bearer eyJhbGciOiJIUzI1NiIsInR5cCI6IkpXVCJ9.eyJpZCI6MTIsInVzZXJuYW1lIjoidXNlcl9hZGRyX2U3NjFjMGE0Iiwicm9sZSI6InVzZXIiLCJpYXQiOjE3ODE2NzI2NDQsImV4cCI6MTc4MjI3NzQ0NH0.hqQdlFOV0sGUhBP79L_6JHBuA1Rw01c4xQ4As4EM9OI
12:04:04.031 [main] DEBUG org.apache.http.headers -- http-outgoing-8 >> Content-Type: application/json; charset=UTF-8
12:04:04.031 [main] DEBUG org.apache.http.headers -- http-outgoing-8 >> Content-Length: 144
12:04:04.031 [main] DEBUG org.apache.http.headers -- http-outgoing-8 >> Host: localhost:3000
12:04:04.031 [main] DEBUG org.apache.http.headers -- http-outgoing-8 >> Connection: Keep-Alive
12:04:04.031 [main] DEBUG org.apache.http.headers -- http-outgoing-8 >> User-Agent: Apache-HttpClient/4.5.14 (Java/17.0.18)
12:04:04.031 [main] DEBUG org.apache.http.headers -- http-outgoing-8 >> Accept-Encoding: gzip,deflate
12:04:04.031 [main] DEBUG org.apache.http.wire -- http-outgoing-8 >> "POST /api/address HTTP/1.1[\r][\n]"
12:04:04.031 [main] DEBUG org.apache.http.wire -- http-outgoing-8 >> "Authorization: Bearer eyJhbGciOiJIUzI1NiIsInR5cCI6IkpXVCJ9.eyJpZCI6MTIsInVzZXJuYW1lIjoidXNlcl9hZGRyX2U3NjFjMGE0Iiwicm9sZSI6InVzZXIiLCJpYXQiOjE3ODE2NzI2NDQsImV4cCI6MTc4MjI3NzQ0NH0.hqQdlFOV0sGUhBP79L_6JHBuA1Rw01c4xQ4As4EM9OI[\r][\n]"
12:04:04.031 [main] DEBUG org.apache.http.wire -- http-outgoing-8 >> "Content-Type: application/json; charset=UTF-8[\r][\n]"
12:04:04.031 [main] DEBUG org.apache.http.wire -- http-outgoing-8 >> "Content-Length: 144[\r][\n]"
12:04:04.031 [main] DEBUG org.apache.http.wire -- http-outgoing-8 >> "Host: localhost:3000[\r][\n]"
12:04:04.031 [main] DEBUG org.apache.http.wire -- http-outgoing-8 >> "Connection: Keep-Alive[\r][\n]"
12:04:04.031 [main] DEBUG org.apache.http.wire -- http-outgoing-8 >> "User-Agent: Apache-HttpClient/4.5.14 (Java/17.0.18)[\r][\n]"
12:04:04.031 [main] DEBUG org.apache.http.wire -- http-outgoing-8 >> "Accept-Encoding: gzip,deflate[\r][\n]"
12:04:04.031 [main] DEBUG org.apache.http.wire -- http-outgoing-8 >> "[\r][\n]"
12:04:04.031 [main] DEBUG org.apache.http.wire -- http-outgoing-8 >> "{"tennguoinhan":"Nguyen Van A","sodienthoai":"12345","diachichitiet":"123 Lang","phuong":"Lang Ha","quan":"Dong Da","tinh":"Ha Noi","macdinh":0}"
12:04:04.035 [main] DEBUG org.apache.http.wire -- http-outgoing-8 << "HTTP/1.1 400 Bad Request[\r][\n]"
12:04:04.035 [main] DEBUG org.apache.http.wire -- http-outgoing-8 << "X-Powered-By: Express[\r][\n]"
12:04:04.035 [main] DEBUG org.apache.http.wire -- http-outgoing-8 << "Access-Control-Allow-Origin: *[\r][\n]"
12:04:04.035 [main] DEBUG org.apache.http.wire -- http-outgoing-8 << "Content-Type: application/json; charset=utf-8[\r][\n]"
12:04:04.035 [main] DEBUG org.apache.http.wire -- http-outgoing-8 << "Content-Length: 172[\r][\n]"
12:04:04.035 [main] DEBUG org.apache.http.wire -- http-outgoing-8 << "ETag: W/"ac-unO0n7c34HbE7zqpXpDvUMECTxk"[\r][\n]"
12:04:04.035 [main] DEBUG org.apache.http.wire -- http-outgoing-8 << "Date: Wed, 17 Jun 2026 05:04:04 GMT[\r][\n]"
12:04:04.035 [main] DEBUG org.apache.http.wire -- http-outgoing-8 << "Connection: keep-alive[\r][\n]"
12:04:04.035 [main] DEBUG org.apache.http.wire -- http-outgoing-8 << "Keep-Alive: timeout=5[\r][\n]"
12:04:04.035 [main] DEBUG org.apache.http.wire -- http-outgoing-8 << "[\r][\n]"
12:04:04.035 [main] DEBUG org.apache.http.wire -- http-outgoing-8 << "{"success":false,"message":"D[0xe1][0xbb][0xaf] li[0xe1][0xbb][0x87]u [0xc4][0x91][0xe1][0xba][0xa7]u v[0xc3][0xa0]o kh[0xc3][0xb4]ng h[0xe1][0xbb][0xa3]p l[0xe1][0xbb][0x87]","errors":["\"sodienthoai\" with value \"12345\" fails to match the required pattern: /^0[0-9]{9}$/"]}"
12:04:04.035 [main] DEBUG org.apache.http.headers -- http-outgoing-8 << HTTP/1.1 400 Bad Request
12:04:04.035 [main] DEBUG org.apache.http.headers -- http-outgoing-8 << X-Powered-By: Express
12:04:04.035 [main] DEBUG org.apache.http.headers -- http-outgoing-8 << Access-Control-Allow-Origin: *
12:04:04.035 [main] DEBUG org.apache.http.headers -- http-outgoing-8 << Content-Type: application/json; charset=utf-8
12:04:04.035 [main] DEBUG org.apache.http.headers -- http-outgoing-8 << Content-Length: 172
12:04:04.035 [main] DEBUG org.apache.http.headers -- http-outgoing-8 << ETag: W/"ac-unO0n7c34HbE7zqpXpDvUMECTxk"
12:04:04.035 [main] DEBUG org.apache.http.headers -- http-outgoing-8 << Date: Wed, 17 Jun 2026 05:04:04 GMT
12:04:04.035 [main] DEBUG org.apache.http.headers -- http-outgoing-8 << Connection: keep-alive
12:04:04.035 [main] DEBUG org.apache.http.headers -- http-outgoing-8 << Keep-Alive: timeout=5
12:04:04.035 [main] DEBUG org.apache.http.impl.execchain.MainClientExec -- Connection can be kept alive for 5000 MILLISECONDS
12:04:04.035 [main] DEBUG org.apache.http.impl.conn.PoolingHttpClientConnectionManager -- Connection [id: 8][route: {}->http://localhost:3000] can be kept alive for 5.0 seconds
12:04:04.035 [main] DEBUG org.apache.http.impl.conn.DefaultManagedHttpClientConnection -- http-outgoing-8: set socket timeout to 0
12:04:04.035 [main] DEBUG org.apache.http.impl.conn.PoolingHttpClientConnectionManager -- Connection released: [id: 8][route: {}->http://localhost:3000][total available: 1; route allocated: 1 of 5; total allocated: 1 of 10]
12:04:04.035 [main] DEBUG org.apache.http.impl.conn.PoolingHttpClientConnectionManager -- Connection manager is shutting down
12:04:04.035 [main] DEBUG org.apache.http.impl.conn.DefaultManagedHttpClientConnection -- http-outgoing-8: Close connection
12:04:04.036 [main] DEBUG org.apache.http.impl.conn.PoolingHttpClientConnectionManager -- Connection manager shut down
12:04:04.036 [main] DEBUG com.intuit.karate -- response time in milliseconds: 6
3 < 400
3 < X-Powered-By: Express
3 < Access-Control-Allow-Origin: *
3 < Content-Type: application/json; charset=utf-8
3 < Content-Length: 172
3 < ETag: W/"ac-unO0n7c34HbE7zqpXpDvUMECTxk"
3 < Date: Wed, 17 Jun 2026 05:04:04 GMT
3 < Connection: keep-alive
3 < Keep-Alive: timeout=5
{"success":false,"message":"D? li?u ??u vào không h?p l?","errors":["\"sodienthoai\" with value \"12345\" fails to match the required pattern: /^0[0-9]{9}$/"]}

12:04:04.038 [main] DEBUG com.jayway.jsonpath.internal.path.CompiledPath -- Evaluating path: $['success']
12:04:04.039 [main] DEBUG com.jayway.jsonpath.internal.path.CompiledPath -- Evaluating path: $['message']
]]></system-out>
  </testcase>
  <testcase name="[2:51] TC04 - Thêm địa chỉ thất bại do không gửi Authorization Token" classname="adress" time="2.961">
    <system-out><![CDATA[12:04:04.056 [main] DEBUG com.jayway.jsonpath.internal.path.CompiledPath -- Evaluating path: $
12:04:04.058 [main] DEBUG org.apache.http.client.protocol.RequestAddCookies -- CookieSpec selected: karate
12:04:04.058 [main] DEBUG org.apache.http.client.protocol.RequestAuthCache -- Auth cache not set in the context
12:04:04.059 [main] DEBUG com.intuit.karate -- request:
1 > POST http://localhost:3000/api/auth/signup
1 > Content-Type: application/json; charset=UTF-8
1 > Content-Length: 128
1 > Host: localhost:3000
1 > Connection: Keep-Alive
1 > User-Agent: Apache-HttpClient/4.5.14 (Java/17.0.18)
1 > Accept-Encoding: gzip,deflate
{"username":"user_addr_97b274c6","password":"Password123@","fullname":"Test Address User","email":"user_addr_97b274c6@test.com"}

12:04:04.059 [main] DEBUG org.apache.http.impl.conn.PoolingHttpClientConnectionManager -- Connection request: [route: {}->http://localhost:3000][total available: 0; route allocated: 0 of 5; total allocated: 0 of 10]
12:04:04.059 [main] DEBUG org.apache.http.impl.conn.PoolingHttpClientConnectionManager -- Connection leased: [id: 9][route: {}->http://localhost:3000][total available: 0; route allocated: 1 of 5; total allocated: 1 of 10]
12:04:04.059 [main] DEBUG org.apache.http.impl.execchain.MainClientExec -- Opening connection {}->http://localhost:3000
12:04:04.060 [main] DEBUG org.apache.http.impl.conn.DefaultHttpClientConnectionOperator -- Connecting to localhost/127.0.0.1:3000
12:04:04.060 [main] DEBUG org.apache.http.impl.conn.DefaultHttpClientConnectionOperator -- Connection established 127.0.0.1:55722<->127.0.0.1:3000
12:04:04.060 [main] DEBUG org.apache.http.impl.conn.DefaultManagedHttpClientConnection -- http-outgoing-9: set socket timeout to 30000
12:04:04.061 [main] DEBUG org.apache.http.impl.execchain.MainClientExec -- Executing request POST /api/auth/signup HTTP/1.1
12:04:04.061 [main] DEBUG org.apache.http.impl.execchain.MainClientExec -- Target auth state: UNCHALLENGED
12:04:04.061 [main] DEBUG org.apache.http.impl.execchain.MainClientExec -- Proxy auth state: UNCHALLENGED
12:04:04.061 [main] DEBUG org.apache.http.headers -- http-outgoing-9 >> POST /api/auth/signup HTTP/1.1
12:04:04.061 [main] DEBUG org.apache.http.headers -- http-outgoing-9 >> Content-Type: application/json; charset=UTF-8
12:04:04.061 [main] DEBUG org.apache.http.headers -- http-outgoing-9 >> Content-Length: 128
12:04:04.061 [main] DEBUG org.apache.http.headers -- http-outgoing-9 >> Host: localhost:3000
12:04:04.061 [main] DEBUG org.apache.http.headers -- http-outgoing-9 >> Connection: Keep-Alive
12:04:04.061 [main] DEBUG org.apache.http.headers -- http-outgoing-9 >> User-Agent: Apache-HttpClient/4.5.14 (Java/17.0.18)
12:04:04.061 [main] DEBUG org.apache.http.headers -- http-outgoing-9 >> Accept-Encoding: gzip,deflate
12:04:04.061 [main] DEBUG org.apache.http.wire -- http-outgoing-9 >> "POST /api/auth/signup HTTP/1.1[\r][\n]"
12:04:04.061 [main] DEBUG org.apache.http.wire -- http-outgoing-9 >> "Content-Type: application/json; charset=UTF-8[\r][\n]"
12:04:04.061 [main] DEBUG org.apache.http.wire -- http-outgoing-9 >> "Content-Length: 128[\r][\n]"
12:04:04.061 [main] DEBUG org.apache.http.wire -- http-outgoing-9 >> "Host: localhost:3000[\r][\n]"
12:04:04.061 [main] DEBUG org.apache.http.wire -- http-outgoing-9 >> "Connection: Keep-Alive[\r][\n]"
12:04:04.061 [main] DEBUG org.apache.http.wire -- http-outgoing-9 >> "User-Agent: Apache-HttpClient/4.5.14 (Java/17.0.18)[\r][\n]"
12:04:04.061 [main] DEBUG org.apache.http.wire -- http-outgoing-9 >> "Accept-Encoding: gzip,deflate[\r][\n]"
12:04:04.061 [main] DEBUG org.apache.http.wire -- http-outgoing-9 >> "[\r][\n]"
12:04:04.061 [main] DEBUG org.apache.http.wire -- http-outgoing-9 >> "{"username":"user_addr_97b274c6","password":"Password123@","fullname":"Test Address User","email":"user_addr_97b274c6@test.com"}"
12:04:04.252 [main] DEBUG org.apache.http.wire -- http-outgoing-9 << "HTTP/1.1 201 Created[\r][\n]"
12:04:04.252 [main] DEBUG org.apache.http.wire -- http-outgoing-9 << "X-Powered-By: Express[\r][\n]"
12:04:04.252 [main] DEBUG org.apache.http.wire -- http-outgoing-9 << "Access-Control-Allow-Origin: *[\r][\n]"
12:04:04.252 [main] DEBUG org.apache.http.wire -- http-outgoing-9 << "Content-Type: application/json; charset=utf-8[\r][\n]"
12:04:04.252 [main] DEBUG org.apache.http.wire -- http-outgoing-9 << "Content-Length: 66[\r][\n]"
12:04:04.252 [main] DEBUG org.apache.http.wire -- http-outgoing-9 << "ETag: W/"42-2dCjMQxNzMW2RPNMC/EUjUFO814"[\r][\n]"
12:04:04.252 [main] DEBUG org.apache.http.wire -- http-outgoing-9 << "Date: Wed, 17 Jun 2026 05:04:04 GMT[\r][\n]"
12:04:04.252 [main] DEBUG org.apache.http.wire -- http-outgoing-9 << "Connection: keep-alive[\r][\n]"
[...]
[THYMELEAF]             * [* {th:spellcheck,data-th-spellcheck}] [1000]: org.thymeleaf.standard.processor.StandardRemovableAttributeTagProcessor
[THYMELEAF]             * [* {th:frame,data-th-frame}] [1000]: org.thymeleaf.standard.processor.StandardRemovableAttributeTagProcessor
[THYMELEAF]             * [* {th:maxlength,data-th-maxlength}] [1000]: org.thymeleaf.standard.processor.StandardRemovableAttributeTagProcessor
[THYMELEAF]             * [* {th:height,data-th-height}] [1000]: org.thymeleaf.standard.processor.StandardRemovableAttributeTagProcessor
[THYMELEAF]             * [* {th:abbr,data-th-abbr}] [1000]: org.thymeleaf.standard.processor.StandardRemovableAttributeTagProcessor
[THYMELEAF]             * [* {th:headers,data-th-headers}] [1000]: org.thymeleaf.standard.processor.StandardRemovableAttributeTagProcessor
[THYMELEAF]             * [* {th:keytype,data-th-keytype}] [1000]: org.thymeleaf.standard.processor.StandardRemovableAttributeTagProcessor
[THYMELEAF]             * [* {th:contextmenu,data-th-contextmenu}] [1000]: org.thymeleaf.standard.processor.StandardRemovableAttributeTagProcessor
[THYMELEAF]             * [* {th:scheme,data-th-scheme}] [1000]: org.thymeleaf.standard.processor.StandardRemovableAttributeTagProcessor
[THYMELEAF]             * [* {th:alt,data-th-alt}] [1000]: org.thymeleaf.standard.processor.StandardRemovableAttributeTagProcessor
[THYMELEAF]             * [* {th:class,data-th-class}] [1000]: org.thymeleaf.standard.processor.StandardRemovableAttributeTagProcessor
[THYMELEAF]             * [* {th:placeholder,data-th-placeholder}] [1000]: org.thymeleaf.standard.processor.StandardRemovableAttributeTagProcessor
[THYMELEAF]             * [* {th:formtarget,data-th-formtarget}] [1000]: org.thymeleaf.standard.processor.StandardRemovableAttributeTagProcessor
[THYMELEAF]             * [* {th:bgcolor,data-th-bgcolor}] [1000]: org.thymeleaf.standard.processor.StandardRemovableAttributeTagProcessor
[THYMELEAF]             * [* {th:valuetype,data-th-valuetype}] [1000]: org.thymeleaf.standard.processor.StandardRemovableAttributeTagProcessor
[THYMELEAF]             * [* {th:optimum,data-th-optimum}] [1000]: org.thymeleaf.standard.processor.StandardRemovableAttributeTagProcessor
[THYMELEAF]             * [* {th:poster,data-th-poster}] [1000]: org.thymeleaf.standard.processor.StandardRemovableAttributeTagProcessor
[THYMELEAF]             * [* {th:for,data-th-for}] [1000]: org.thymeleaf.standard.processor.StandardRemovableAttributeTagProcessor
[THYMELEAF]             * [* {th:kind,data-th-kind}] [1000]: org.thymeleaf.standard.processor.StandardRemovableAttributeTagProcessor
[THYMELEAF]             * [* {th:hspace,data-th-hspace}] [1000]: org.thymeleaf.standard.processor.StandardRemovableAttributeTagProcessor
[THYMELEAF]             * [* {th:enctype,data-th-enctype}] [1000]: org.thymeleaf.standard.processor.StandardRemovableAttributeTagProcessor
[THYMELEAF]             * [* {th:codetype,data-th-codetype}] [1000]: org.thymeleaf.standard.processor.StandardRemovableAttributeTagProcessor
[THYMELEAF]             * [* {th:codebase,data-th-codebase}] [1000]: org.thymeleaf.standard.processor.StandardRemovableAttributeTagProcessor
[THYMELEAF]             * [* {th:accept,data-th-accept}] [1000]: org.thymeleaf.standard.processor.StandardRemovableAttributeTagProcessor
[THYMELEAF]             * [* {th:label,data-th-label}] [1000]: org.thymeleaf.standard.processor.StandardRemovableAttributeTagProcessor
[THYMELEAF]             * [* {th:contenteditable,data-th-contenteditable}] [1000]: org.thymeleaf.standard.processor.StandardRemovableAttributeTagProcessor
[THYMELEAF]             * [* {th:width,data-th-width}] [1000]: org.thymeleaf.standard.processor.StandardRemovableAttributeTagProcessor
[THYMELEAF]             * [* {th:background,data-th-background}] [1000]: org.thymeleaf.standard.processor.StandardRemovableAttributeTagProcessor
[THYMELEAF]             * [* {th:start,data-th-start}] [1000]: org.thymeleaf.standard.processor.StandardRemovableAttributeTagProcessor
[THYMELEAF]             * [* {th:cellpadding,data-th-cellpadding}] [1000]: org.thymeleaf.standard.processor.StandardRemovableAttributeTagProcessor
[THYMELEAF]             * [* {th:axis,data-th-axis}] [1000]: org.thymeleaf.standard.processor.StandardRemovableAttributeTagProcessor
[THYMELEAF]             * [* {th:target,data-th-target}] [1000]: org.thymeleaf.standard.processor.StandardRemovableAttributeTagProcessor
[THYMELEAF]             * [* {th:icon,data-th-icon}] [1000]: org.thymeleaf.standard.processor.StandardRemovableAttributeTagProcessor
[THYMELEAF]             * [* {th:sandbox,data-th-sandbox}] [1000]: org.thymeleaf.standard.processor.StandardRemovableAttributeTagProcessor
[THYMELEAF]             * [* {th:accept-charset,data-th-accept-charset}] [1000]: org.thymeleaf.standard.processor.StandardRemovableAttributeTagProcessor
[THYMELEAF]             * [* {th:charset,data-th-charset}] [1000]: org.thymeleaf.standard.processor.StandardRemovableAttributeTagProcessor
[THYMELEAF]             * [* {th:formmethod,data-th-formmethod}] [1000]: org.thymeleaf.standard.processor.StandardRemovableAttributeTagProcessor
[THYMELEAF]             * [* {th:http-equiv,data-th-http-equiv}] [1000]: org.thymeleaf.standard.processor.StandardRemovableAttributeTagProcessor
[THYMELEAF]             * [* {th:archive,data-th-archive}] [1000]: org.thymeleaf.standard.processor.StandardRemovableAttributeTagProcessor
[THYMELEAF]             * [* {th:src,data-th-src}] [1000]: org.thymeleaf.standard.processor.StandardSrcTagProcessor
[THYMELEAF]             * [* {th:value,data-th-value}] [1000]: org.thymeleaf.standard.processor.StandardValueTagProcessor
[THYMELEAF]             * [* {th:xmlbase,data-th-xmlbase}] [1000]: org.thymeleaf.standard.processor.StandardXmlBaseTagProcessor
[THYMELEAF]             * [* {th:xmllang,data-th-xmllang}] [1000]: org.thymeleaf.standard.processor.StandardXmlLangTagProcessor
[THYMELEAF]             * [* {xmlns:th}] [1000]: org.thymeleaf.standard.processor.StandardXmlNsTagProcessor
[THYMELEAF]             * [* {th:xmlspace,data-th-xmlspace}] [1000]: org.thymeleaf.standard.processor.StandardXmlSpaceTagProcessor
[THYMELEAF]             * [* {th:classappend,data-th-classappend}] [1100]: org.thymeleaf.standard.processor.StandardClassappendTagProcessor
[THYMELEAF]             * [* {th:styleappend,data-th-styleappend}] [1100]: org.thymeleaf.standard.processor.StandardStyleappendTagProcessor
[THYMELEAF]             * [* {th:text,data-th-text}] [1300]: org.thymeleaf.standard.processor.StandardTextTagProcessor
[THYMELEAF]             * [* {th:utext,data-th-utext}] [1400]: org.thymeleaf.standard.processor.StandardUtextTagProcessor
[THYMELEAF]             * [* {th:fragment,data-th-fragment}] [1500]: org.thymeleaf.standard.processor.StandardFragmentTagProcessor
[THYMELEAF]             * [* {th:assert,data-th-assert}] [1550]: org.thymeleaf.standard.processor.StandardAssertTagProcessor
[THYMELEAF]             * [* {th:remove,data-th-remove}] [1600]: org.thymeleaf.standard.processor.StandardRemoveTagProcessor
[THYMELEAF]             * [* {th:ref,data-th-ref}] [10000]: org.thymeleaf.standard.processor.StandardRefAttributeTagProcessor
[THYMELEAF]             * [{th:block,th-block} *] [100000]: org.thymeleaf.standard.processor.StandardBlockTagProcessor
[THYMELEAF]             * [* th:*] [2147483647]: org.thymeleaf.standard.processor.StandardDefaultAttributesTagProcessor
[THYMELEAF]         * Text Processors by [precedence]:
[THYMELEAF]             * [1000]: org.thymeleaf.standard.processor.StandardInliningTextProcessor
[THYMELEAF]         * DOCTYPE Processors by [precedence]:
[THYMELEAF]             * [1000]: org.thymeleaf.standard.processor.StandardTranslationDocTypeProcessor
[THYMELEAF]         * CDATA Section Processors by [precedence]:
[THYMELEAF]             * [1000]: org.thymeleaf.standard.processor.StandardInliningCDATASectionProcessor
[THYMELEAF]         * Comment Processors by [precedence]:
[THYMELEAF]             * [1000]: org.thymeleaf.standard.processor.StandardInliningCommentProcessor
[THYMELEAF]             * [1100]: org.thymeleaf.standard.processor.StandardConditionalCommentProcessor
[THYMELEAF]     * Processors for Template Mode: XML
[THYMELEAF]         * Element Tag Processors by [matching element and attribute name] [precedence]:
[THYMELEAF]             * [* {th:include}] [100]: org.thymeleaf.standard.processor.StandardIncludeTagProcessor
[THYMELEAF]             * [* {th:insert}] [100]: org.thymeleaf.standard.processor.StandardInsertTagProcessor
[THYMELEAF]             * [* {th:replace}] [100]: org.thymeleaf.standard.processor.StandardReplaceTagProcessor
[THYMELEAF]             * [* {th:each}] [200]: com.intuit.karate.template.KarateEachTagProcessor
[THYMELEAF]             * [* {th:switch}] [250]: org.thymeleaf.standard.processor.StandardSwitchTagProcessor
[THYMELEAF]             * [* {th:case}] [275]: org.thymeleaf.standard.processor.StandardCaseTagProcessor
[THYMELEAF]             * [* {th:if}] [300]: org.thymeleaf.standard.processor.StandardIfTagProcessor
[THYMELEAF]             * [* {th:unless}] [400]: org.thymeleaf.standard.processor.StandardUnlessTagProcessor
[THYMELEAF]             * [* {th:object}] [500]: org.thymeleaf.standard.processor.StandardObjectTagProcessor
[THYMELEAF]             * [* {th:with}] [600]: com.intuit.karate.template.KarateWithTagProcessor
[THYMELEAF]             * [* {th:attr}] [700]: com.intuit.karate.template.KarateAttributeTagProcessor.KarateAttrTagProcessor
[THYMELEAF]             * [* {th:attrappend}] [900]: com.intuit.karate.template.KarateAttributeTagProcessor.KarateAttrappendTagProcessor
[THYMELEAF]             * [* {th:attrprepend}] [900]: com.intuit.karate.template.KarateAttributeTagProcessor.KarateAttrprependTagProcessor
[THYMELEAF]             * [* {th:inline}] [1000]: org.thymeleaf.standard.processor.StandardInlineXMLTagProcessor
[THYMELEAF]             * [* {xmlns:th}] [1000]: org.thymeleaf.standard.processor.StandardXmlNsTagProcessor
[THYMELEAF]             * [* {th:text}] [1300]: org.thymeleaf.standard.processor.StandardTextTagProcessor
[THYMELEAF]             * [* {th:utext}] [1400]: org.thymeleaf.standard.processor.StandardUtextTagProcessor
[THYMELEAF]             * [* {th:fragment}] [1500]: org.thymeleaf.standard.processor.StandardFragmentTagProcessor
[THYMELEAF]             * [* {th:assert}] [1550]: org.thymeleaf.standard.processor.StandardAssertTagProcessor
[THYMELEAF]             * [* {th:remove}] [1600]: org.thymeleaf.standard.processor.StandardRemoveTagProcessor
[THYMELEAF]             * [* {th:ref}] [10000]: org.thymeleaf.standard.processor.StandardRefAttributeTagProcessor
[THYMELEAF]             * [{th:block} *] [100000]: org.thymeleaf.standard.processor.StandardBlockTagProcessor
[THYMELEAF]             * [* th:*] [2147483647]: org.thymeleaf.standard.processor.StandardDefaultAttributesTagProcessor
[THYMELEAF]         * Text Processors by [precedence]:
[THYMELEAF]             * [1000]: org.thymeleaf.standard.processor.StandardInliningTextProcessor
[THYMELEAF]         * CDATA Section Processors by [precedence]:
[THYMELEAF]             * [1000]: org.thymeleaf.standard.processor.StandardInliningCDATASectionProcessor
[THYMELEAF]         * Comment Processors by [precedence]:
[THYMELEAF]             * [1000]: org.thymeleaf.standard.processor.StandardInliningCommentProcessor
[THYMELEAF]     * Processors for Template Mode: TEXT
[THYMELEAF]         * Element Tag Processors by [matching element and attribute name] [precedence]:
[THYMELEAF]             * [* {th:insert}] [100]: org.thymeleaf.standard.processor.StandardInsertTagProcessor
[THYMELEAF]             * [* {th:replace}] [100]: org.thymeleaf.standard.processor.StandardReplaceTagProcessor
[THYMELEAF]             * [* {th:each}] [200]: com.intuit.karate.template.KarateEachTagProcessor
[THYMELEAF]             * [* {th:switch}] [250]: org.thymeleaf.standard.processor.StandardSwitchTagProcessor
[THYMELEAF]             * [* {th:case}] [275]: org.thymeleaf.standard.processor.StandardCaseTagProcessor
[THYMELEAF]             * [* {th:if}] [300]: org.thymeleaf.standard.processor.StandardIfTagProcessor
[THYMELEAF]             * [* {th:unless}] [400]: org.thymeleaf.standard.processor.StandardUnlessTagProcessor
[THYMELEAF]             * [* {th:object}] [500]: org.thymeleaf.standard.processor.StandardObjectTagProcessor
[THYMELEAF]             * [* {th:with}] [600]: com.intuit.karate.template.KarateWithTagProcessor
[THYMELEAF]             * [* {th:inline}] [1000]: org.thymeleaf.standard.processor.StandardInlineTextualTagProcessor
[THYMELEAF]             * [* {th:text}] [1300]: org.thymeleaf.standard.processor.StandardTextTagProcessor
[THYMELEAF]             * [* {th:utext}] [1400]: org.thymeleaf.standard.processor.StandardUtextTagProcessor
[THYMELEAF]             * [* {th:assert}] [1550]: org.thymeleaf.standard.processor.StandardAssertTagProcessor
[THYMELEAF]             * [* {th:remove}] [1600]: org.thymeleaf.standard.processor.StandardRemoveTagProcessor
[THYMELEAF]             * [{th:block} *] [100000]: org.thymeleaf.standard.processor.StandardBlockTagProcessor
[THYMELEAF]             * [* 100000] [org.thymeleaf.standard.processor.StandardBlockTagProcessor]: {}
[THYMELEAF]         * Text Processors by [precedence]:
[THYMELEAF]             * [1000]: org.thymeleaf.standard.processor.StandardInliningTextProcessor
[THYMELEAF]     * Processors for Template Mode: JAVASCRIPT
[THYMELEAF]         * Element Tag Processors by [matching element and attribute name] [precedence]:
[THYMELEAF]             * [* {th:insert}] [100]: org.thymeleaf.standard.processor.StandardInsertTagProcessor
[THYMELEAF]             * [* {th:replace}] [100]: org.thymeleaf.standard.processor.StandardReplaceTagProcessor
[THYMELEAF]             * [* {th:each}] [200]: com.intuit.karate.template.KarateEachTagProcessor
[THYMELEAF]             * [* {th:switch}] [250]: org.thymeleaf.standard.processor.StandardSwitchTagProcessor
[THYMELEAF]             * [* {th:case}] [275]: org.thymeleaf.standard.processor.StandardCaseTagProcessor
[THYMELEAF]             * [* {th:if}] [300]: org.thymeleaf.standard.processor.StandardIfTagProcessor
[THYMELEAF]             * [* {th:unless}] [400]: org.thymeleaf.standard.processor.StandardUnlessTagProcessor
[THYMELEAF]             * [* {th:object}] [500]: org.thymeleaf.standard.processor.StandardObjectTagProcessor
[THYMELEAF]             * [* {th:with}] [600]: com.intuit.karate.template.KarateWithTagProcessor
[THYMELEAF]             * [* {th:inline}] [1000]: org.thymeleaf.standard.processor.StandardInlineTextualTagProcessor
[THYMELEAF]             * [* {th:text}] [1300]: org.thymeleaf.standard.processor.StandardTextTagProcessor
[THYMELEAF]             * [* {th:utext}] [1400]: org.thymeleaf.standard.processor.StandardUtextTagProcessor
[THYMELEAF]             * [* {th:assert}] [1550]: org.thymeleaf.standard.processor.StandardAssertTagProcessor
[THYMELEAF]             * [* {th:remove}] [1600]: org.thymeleaf.standard.processor.StandardRemoveTagProcessor
[THYMELEAF]             * [* 100000] [org.thymeleaf.standard.processor.StandardBlockTagProcessor]: {}
[THYMELEAF]             * [{th:block} *] [100000]: org.thymeleaf.standard.processor.StandardBlockTagProcessor
[THYMELEAF]         * Text Processors by [precedence]:
[THYMELEAF]             * [1000]: org.thymeleaf.standard.processor.StandardInliningTextProcessor
[THYMELEAF]     * Processors for Template Mode: CSS
[THYMELEAF]         * Element Tag Processors by [matching element and attribute name] [precedence]:
[THYMELEAF]             * [* {th:insert}] [100]: org.thymeleaf.standard.processor.StandardInsertTagProcessor
[THYMELEAF]             * [* {th:replace}] [100]: org.thymeleaf.standard.processor.StandardReplaceTagProcessor
[THYMELEAF]             * [* {th:each}] [200]: com.intuit.karate.template.KarateEachTagProcessor
[THYMELEAF]             * [* {th:switch}] [250]: org.thymeleaf.standard.processor.StandardSwitchTagProcessor
[THYMELEAF]             * [* {th:case}] [275]: org.thymeleaf.standard.processor.StandardCaseTagProcessor
[THYMELEAF]             * [* {th:if}] [300]: org.thymeleaf.standard.processor.StandardIfTagProcessor
[THYMELEAF]             * [* {th:unless}] [400]: org.thymeleaf.standard.processor.StandardUnlessTagProcessor
[THYMELEAF]             * [* {th:object}] [500]: org.thymeleaf.standard.processor.StandardObjectTagProcessor
[THYMELEAF]             * [* {th:with}] [600]: com.intuit.karate.template.KarateWithTagProcessor
[THYMELEAF]             * [* {th:inline}] [1000]: org.thymeleaf.standard.processor.StandardInlineTextualTagProcessor
[THYMELEAF]             * [* {th:text}] [1300]: org.thymeleaf.standard.processor.StandardTextTagProcessor
[THYMELEAF]             * [* {th:utext}] [1400]: org.thymeleaf.standard.processor.StandardUtextTagProcessor
[THYMELEAF]             * [* {th:assert}] [1550]: org.thymeleaf.standard.processor.StandardAssertTagProcessor
[THYMELEAF]             * [* {th:remove}] [1600]: org.thymeleaf.standard.processor.StandardRemoveTagProcessor
[THYMELEAF]             * [* 100000] [org.thymeleaf.standard.processor.StandardBlockTagProcessor]: {}
[THYMELEAF]             * [{th:block} *] [100000]: org.thymeleaf.standard.processor.StandardBlockTagProcessor
[THYMELEAF]         * Text Processors by [precedence]:
[THYMELEAF]             * [1000]: org.thymeleaf.standard.processor.StandardInliningTextProcessor
[THYMELEAF]     * Expression Objects:
[THYMELEAF]         * #ctx
[THYMELEAF]         * #root
[THYMELEAF]         * #vars
[THYMELEAF]         * #object
[THYMELEAF]         * #locale
[THYMELEAF]         * #conversions
[THYMELEAF]         * #uris
[THYMELEAF]         * #temporals
[THYMELEAF]         * #calendars
[THYMELEAF]         * #dates
[THYMELEAF]         * #bools
[THYMELEAF]         * #numbers
[THYMELEAF]         * #objects
[THYMELEAF]         * #strings
[THYMELEAF]         * #arrays
[THYMELEAF]         * #lists
[THYMELEAF]         * #sets
[THYMELEAF]         * #maps
[THYMELEAF]         * #aggregates
[THYMELEAF]         * #messages
[THYMELEAF]         * #ids
[THYMELEAF]         * #execInfo
[THYMELEAF]         * #request
[THYMELEAF]         * #response
[THYMELEAF]         * #session
[THYMELEAF]         * #servletContext
[THYMELEAF]     * Execution Attributes:
[THYMELEAF]         * "StandardExpressionParser": com.intuit.karate.template.KarateStandardDialect@66b6873f
[THYMELEAF]         * "StandardJavaScriptSerializer": org.thymeleaf.standard.serializer.StandardJavaScriptSerializer@760a2b6e
[THYMELEAF]         * "StandardCSSSerializer": org.thymeleaf.standard.serializer.StandardCSSSerializer@20a9f5fb
[THYMELEAF]         * "StandardVariableExpressionEvaluator": com.intuit.karate.template.KarateStandardDialect@66b6873f
[THYMELEAF]         * "StandardConversionService": org.thymeleaf.standard.expression.StandardConversionService@6d617b07
[THYMELEAF] * Dialect [2 of 2]: karate (com.intuit.karate.template.KarateScriptDialect)
[THYMELEAF]     * Prefix: "ka"
[THYMELEAF]     * Processors for Template Mode: HTML
[THYMELEAF]         * Element Tag Processors by [matching element and attribute name] [precedence]:
[THYMELEAF]             * [* {src}] [1000]: com.intuit.karate.template.KaScriptAttrProcessor
[THYMELEAF]         * Element Model Processors by [matching element and attribute name] [precedence]:
[THYMELEAF]             * [{script} {ka:scope,data-ka-scope}] [1000]: com.intuit.karate.template.KaScriptElemProcessor
[THYMELEAF]             * [* {ka:set,data-ka-set}] [1000]: com.intuit.karate.template.KaSetElemProcessor
[THYMELEAF] TEMPLATE ENGINE CONFIGURED OK
12:04:06.946 [main] DEBUG org.thymeleaf.TemplateEngine -- [THYMELEAF] TEMPLATE ENGINE INITIALIZED

HTML report: (paste into browser to view) | Karate version: 1.5.1
file:///D:/backend_api_kttkpm/kiemthu/target/karate-reports/karate-summary.html
===================================================================

]]></system-out>
  </testcase>
</testsuite>